<?xml version="1.0" encoding="UTF-8"?>
<coverage generated="1783488878828" clover="3.2.0">
  <project timestamp="1783488878828" name="All files">
    <metrics statements="2391" coveredstatements="2037" conditionals="1654" coveredconditionals="1229" methods="647" coveredmethods="536" elements="4692" coveredelements="3802" complexity="0" loc="2391" ncloc="2391" packages="17" files="61" classes="61"/>
    <package name="app">
      <metrics statements="570" coveredstatements="537" conditionals="491" coveredconditionals="369" methods="184" coveredmethods="173"/>
      <file name="projectWalls.ts" path="/Users/marinamolarskybeck/Documents/GitHub/sightlines/src/app/projectWalls.ts">
        <metrics statements="4" coveredstatements="4" conditionals="5" coveredconditionals="3" methods="4" coveredmethods="4"/>
        <line num="5" count="478" type="stmt"/>
        <line num="11" count="216" type="stmt"/>
        <line num="12" count="216" type="cond" truecount="1" falsecount="2"/>
        <line num="16" count="192" type="cond" truecount="2" falsecount="0"/>
      </file>
      <file name="store.ts" path="/Users/marinamolarskybeck/Documents/GitHub/sightlines/src/app/store.ts">
        <metrics statements="566" coveredstatements="533" conditionals="486" coveredconditionals="366" methods="180" coveredmethods="169"/>
        <line num="90" count="2" type="stmt"/>
        <line num="98" count="2" type="stmt"/>
        <line num="104" count="2" type="stmt"/>
        <line num="245" count="181" type="stmt"/>
        <line num="247" count="520" type="stmt"/>
        <line num="249" count="520" type="stmt"/>
        <line num="250" count="520" type="stmt"/>
        <line num="251" count="520" type="stmt"/>
        <line num="253" count="0" type="stmt"/>
        <line num="265" count="613" type="stmt"/>
        <line num="289" count="482" type="stmt"/>
        <line num="290" count="482" type="cond" truecount="1" falsecount="1"/>
        <line num="292" count="482" type="stmt"/>
        <line num="297" count="482" type="stmt"/>
        <line num="298" count="482" type="stmt"/>
        <line num="305" count="122" type="stmt"/>
        <line num="306" count="122" type="stmt"/>
        <line num="307" count="122" type="stmt"/>
        <line num="309" count="0" type="stmt"/>
        <line num="319" count="192" type="stmt"/>
        <line num="350" count="15" type="stmt"/>
        <line num="351" count="15" type="cond" truecount="1" falsecount="1"/>
        <line num="356" count="15" type="stmt"/>
        <line num="357" count="73" type="stmt"/>
        <line num="359" count="15" type="cond" truecount="1" falsecount="1"/>
        <line num="361" count="37" type="stmt"/>
        <line num="362" count="15" type="stmt"/>
        <line num="363" count="15" type="stmt"/>
        <line num="364" count="46" type="stmt"/>
        <line num="365" count="46" type="cond" truecount="4" falsecount="1"/>
        <line num="366" count="9" type="stmt"/>
        <line num="368" count="37" type="stmt"/>
        <line num="369" count="37" type="stmt"/>
        <line num="371" count="15" type="cond" truecount="1" falsecount="1"/>
        <line num="375" count="15" type="stmt"/>
        <line num="380" count="15" type="cond" truecount="4" falsecount="0"/>
        <line num="381" count="3" type="stmt"/>
        <line num="382" count="3" type="stmt"/>
        <line num="385" count="12" type="stmt"/>
        <line num="390" count="12" type="cond" truecount="2" falsecount="0"/>
        <line num="391" count="15" type="stmt"/>
        <line num="395" count="15" type="stmt"/>
        <line num="398" count="181" type="stmt"/>
        <line num="399" count="181" type="stmt"/>
        <line num="401" count="181" type="stmt"/>
        <line num="423" count="178" type="stmt"/>
        <line num="424" count="178" type="stmt"/>
        <line num="425" count="178" type="stmt"/>
        <line num="426" count="178" type="stmt"/>
        <line num="428" count="0" type="stmt"/>
        <line num="433" count="178" type="stmt"/>
        <line num="434" count="178" type="stmt"/>
        <line num="435" count="178" type="cond" truecount="2" falsecount="0"/>
        <line num="439" count="178" type="cond" truecount="2" falsecount="0"/>
        <line num="440" count="168" type="stmt"/>
        <line num="443" count="177" type="stmt"/>
        <line num="449" count="1" type="stmt"/>
        <line num="460" count="1" type="stmt"/>
        <line num="461" count="1" type="stmt"/>
        <line num="465" count="9" type="stmt"/>
        <line num="470" count="9" type="stmt"/>
        <line num="474" count="10" type="stmt"/>
        <line num="475" count="10" type="stmt"/>
        <line num="481" count="10" type="cond" truecount="2" falsecount="0"/>
        <line num="482" count="8" type="cond" truecount="2" falsecount="0"/>
        <line num="485" count="0" type="cond" truecount="0" falsecount="2"/>
        <line num="487" count="10" type="cond" truecount="2" falsecount="0"/>
        <line num="490" count="10" type="stmt"/>
        <line num="494" count="10" type="stmt"/>
        <line num="495" count="10" type="stmt"/>
        <line num="496" count="10" type="cond" truecount="1" falsecount="1"/>
        <line num="501" count="13" type="cond" truecount="2" falsecount="0"/>
        <line num="502" count="0" type="stmt"/>
        <line num="503" count="10" type="cond" truecount="2" falsecount="0"/>
        <line num="504" count="9" type="stmt"/>
        <line num="514" count="7" type="stmt"/>
        <line num="515" count="7" type="stmt"/>
        <line num="527" count="23" type="stmt"/>
        <line num="529" count="23" type="stmt"/>
        <line num="530" count="23" type="cond" truecount="1" falsecount="1"/>
        <line num="533" count="29" type="cond" truecount="2" falsecount="0"/>
        <line num="534" count="0" type="stmt"/>
        <line num="535" count="23" type="cond" truecount="2" falsecount="0"/>
        <line num="537" count="21" type="stmt"/>
        <line num="538" count="21" type="cond" truecount="2" falsecount="0"/>
        <line num="540" count="5" type="stmt"/>
        <line num="544" count="23" type="stmt"/>
        <line num="551" count="48" type="stmt"/>
        <line num="553" count="48" type="stmt"/>
        <line num="554" count="48" type="cond" truecount="1" falsecount="1"/>
        <line num="556" count="48" type="stmt"/>
        <line num="558" count="266" type="cond" truecount="2" falsecount="0"/>
        <line num="559" count="3" type="stmt"/>
        <line num="562" count="48" type="stmt"/>
        <line num="566" count="6" type="stmt"/>
        <line num="569" count="6" type="cond" truecount="1" falsecount="1"/>
        <line num="570" count="6" type="stmt"/>
        <line num="574" count="4" type="stmt"/>
        <line num="575" count="4" type="stmt"/>
        <line num="576" count="4" type="cond" truecount="5" falsecount="0"/>
        <line num="578" count="2" type="stmt"/>
        <line num="585" count="4" type="stmt"/>
        <line num="586" count="4" type="stmt"/>
        <line num="587" count="4" type="stmt"/>
        <line num="588" count="4" type="stmt"/>
        <line num="590" count="4" type="cond" truecount="5" falsecount="0"/>
        <line num="591" count="2" type="cond" truecount="2" falsecount="0"/>
        <line num="593" count="1" type="stmt"/>
        <line num="597" count="1" type="cond" truecount="1" falsecount="1"/>
        <line num="606" count="4" type="stmt"/>
        <line num="607" count="4" type="stmt"/>
        <line num="608" count="7" type="stmt"/>
        <line num="610" count="4" type="cond" truecount="4" falsecount="0"/>
        <line num="612" count="3" type="stmt"/>
        <line num="613" count="12" type="stmt"/>
        <line num="615" count="3" type="stmt"/>
        <line num="616" count="6" type="stmt"/>
        <line num="620" count="3" type="stmt"/>
        <line num="621" count="3" type="cond" truecount="4" falsecount="0"/>
        <line num="633" count="4" type="stmt"/>
        <line num="635" count="4" type="cond" truecount="3" falsecount="0"/>
        <line num="639" count="2" type="cond" truecount="3" falsecount="0"/>
        <line num="644" count="4" type="cond" truecount="4" falsecount="1"/>
        <line num="648" count="4" type="stmt"/>
        <line num="652" count="5" type="stmt"/>
        <line num="656" count="4" type="stmt"/>
        <line num="658" count="3" type="stmt"/>
        <line num="667" count="2" type="stmt"/>
        <line num="668" count="2" type="cond" truecount="4" falsecount="0"/>
        <line num="670" count="1" type="stmt"/>
        <line num="677" count="2" type="stmt"/>
        <line num="678" count="2" type="cond" truecount="1" falsecount="1"/>
        <line num="680" count="2" type="stmt"/>
        <line num="685" count="2" type="stmt"/>
        <line num="687" count="2" type="stmt"/>
        <line num="705" count="2" type="stmt"/>
        <line num="706" count="2" type="cond" truecount="1" falsecount="1"/>
        <line num="707" count="2" type="cond" truecount="3" falsecount="1"/>
        <line num="708" count="0" type="stmt"/>
        <line num="711" count="2" type="stmt"/>
        <line num="712" count="2" type="stmt"/>
        <line num="714" count="2" type="cond" truecount="1" falsecount="1"/>
        <line num="715" count="2" type="cond" truecount="1" falsecount="1"/>
        <line num="717" count="0" type="stmt"/>
        <line num="719" count="0" type="stmt"/>
        <line num="722" count="8" type="stmt"/>
        <line num="723" count="2" type="stmt"/>
        <line num="727" count="2" type="cond" truecount="1" falsecount="1"/>
        <line num="733" count="8" type="stmt"/>
        <line num="743" count="2" type="stmt"/>
        <line num="748" count="2" type="stmt"/>
        <line num="754" count="39" type="stmt"/>
        <line num="755" count="39" type="cond" truecount="1" falsecount="1"/>
        <line num="757" count="39" type="stmt"/>
        <line num="758" count="39" type="cond" truecount="2" falsecount="0"/>
        <line num="760" count="38" type="stmt"/>
        <line num="765" count="38" type="stmt"/>
        <line num="775" count="5" type="stmt"/>
        <line num="776" count="5" type="cond" truecount="1" falsecount="1"/>
        <line num="778" count="5" type="stmt"/>
        <line num="782" count="3" type="stmt"/>
        <line num="783" count="3" type="cond" truecount="1" falsecount="1"/>
        <line num="785" count="3" type="stmt"/>
        <line num="786" count="3" type="stmt"/>
        <line num="788" count="3" type="cond" truecount="2" falsecount="0"/>
        <line num="789" count="1" type="stmt"/>
        <line num="794" count="2" type="cond" truecount="4" falsecount="0"/>
        <line num="795" count="1" type="stmt"/>
        <line num="798" count="1" type="stmt"/>
        <line num="802" count="1" type="cond" truecount="1" falsecount="1"/>
        <line num="811" count="18" type="stmt"/>
        <line num="812" count="18" type="cond" truecount="1" falsecount="1"/>
        <line num="814" count="18" type="stmt"/>
        <line num="823" count="18" type="cond" truecount="2" falsecount="0"/>
        <line num="824" count="18" type="cond" truecount="2" falsecount="0"/>
        <line num="828" count="5" type="stmt"/>
        <line num="829" count="5" type="cond" truecount="1" falsecount="1"/>
        <line num="831" count="5" type="stmt"/>
        <line num="840" count="5" type="cond" truecount="2" falsecount="0"/>
        <line num="841" count="5" type="cond" truecount="2" falsecount="0"/>
        <line num="854" count="10" type="stmt"/>
        <line num="855" count="10" type="stmt"/>
        <line num="857" count="6" type="stmt"/>
        <line num="862" count="6" type="stmt"/>
        <line num="865" count="4" type="stmt"/>
        <line num="866" count="4" type="stmt"/>
        <line num="870" count="1" type="stmt"/>
        <line num="871" count="1" type="stmt"/>
        <line num="873" count="0" type="stmt"/>
        <line num="878" count="4" type="cond" truecount="2" falsecount="0"/>
        <line num="880" count="3" type="stmt"/>
        <line num="882" count="3" type="stmt"/>
        <line num="883" count="3" type="stmt"/>
        <line num="884" count="3" type="stmt"/>
        <line num="886" count="0" type="stmt"/>
        <line num="896" count="7" type="stmt"/>
        <line num="897" count="7" type="stmt"/>
        <line num="899" count="7" type="stmt"/>
        <line num="900" count="7" type="stmt"/>
        <line num="901" count="7" type="stmt"/>
        <line num="903" count="0" type="stmt"/>
        <line num="913" count="3" type="stmt"/>
        <line num="915" count="3" type="stmt"/>
        <line num="916" count="3" type="stmt"/>
        <line num="918" count="0" type="stmt"/>
        <line num="924" count="0" type="stmt"/>
        <line num="927" count="3" type="cond" truecount="2" falsecount="0"/>
        <line num="932" count="1" type="stmt"/>
        <line num="934" count="1" type="cond" truecount="1" falsecount="1"/>
        <line num="935" count="0" type="stmt"/>
        <line num="937" count="1" type="stmt"/>
        <line num="942" count="207" type="stmt"/>
        <line num="943" count="207" type="cond" truecount="4" falsecount="0"/>
        <line num="945" count="205" type="stmt"/>
        <line num="947" count="205" type="stmt"/>
        <line num="948" count="205" type="stmt"/>
        <line num="957" count="205" type="stmt"/>
        <line num="958" count="205" type="stmt"/>
        <line num="959" count="205" type="cond" truecount="2" falsecount="0"/>
        <line num="960" count="204" type="stmt"/>
        <line num="961" count="204" type="stmt"/>
        <line num="962" count="147" type="cond" truecount="2" falsecount="0"/>
        <line num="963" count="146" type="cond" truecount="1" falsecount="1"/>
        <line num="964" count="146" type="stmt"/>
        <line num="965" count="146" type="stmt"/>
        <line num="966" count="146" type="cond" truecount="3" falsecount="1"/>
        <line num="972" count="205" type="stmt"/>
        <line num="974" count="205" type="stmt"/>
        <line num="975" count="205" type="stmt"/>
        <line num="976" count="210" type="stmt"/>
        <line num="977" count="210" type="cond" truecount="2" falsecount="0"/>
        <line num="978" count="1" type="stmt"/>
        <line num="979" count="1" type="stmt"/>
        <line num="983" count="209" type="stmt"/>
        <line num="984" count="209" type="stmt"/>
        <line num="986" count="1" type="stmt"/>
        <line num="989" count="1" type="stmt"/>
        <line num="992" count="208" type="cond" truecount="2" falsecount="0"/>
        <line num="993" count="207" type="stmt"/>
        <line num="994" count="207" type="cond" truecount="2" falsecount="0"/>
        <line num="995" count="6" type="stmt"/>
        <line num="996" count="6" type="stmt"/>
        <line num="998" count="201" type="stmt"/>
        <line num="1001" count="202" type="stmt"/>
        <line num="1002" count="202" type="stmt"/>
        <line num="1016" count="202" type="stmt"/>
        <line num="1025" count="202" type="stmt"/>
        <line num="1026" count="202" type="stmt"/>
        <line num="1031" count="202" type="stmt"/>
        <line num="1032" count="202" type="stmt"/>
        <line num="1034" count="0" type="stmt"/>
        <line num="1045" count="205" type="cond" truecount="2" falsecount="0"/>
        <line num="1046" count="201" type="stmt"/>
        <line num="1049" count="201" type="cond" truecount="2" falsecount="0"/>
        <line num="1051" count="201" type="stmt"/>
        <line num="1057" count="205" type="cond" truecount="2" falsecount="0"/>
        <line num="1058" count="6" type="stmt"/>
        <line num="1063" count="205" type="cond" truecount="2" falsecount="0"/>
        <line num="1064" count="2" type="stmt"/>
        <line num="1071" count="205" type="stmt"/>
        <line num="1076" count="1" type="stmt"/>
        <line num="1077" count="1" type="cond" truecount="1" falsecount="1"/>
        <line num="1078" count="1" type="stmt"/>
        <line num="1079" count="1" type="stmt"/>
        <line num="1080" count="1" type="stmt"/>
        <line num="1086" count="1" type="stmt"/>
        <line num="1090" count="4" type="stmt"/>
        <line num="1091" count="4" type="cond" truecount="1" falsecount="1"/>
        <line num="1093" count="4" type="stmt"/>
        <line num="1095" count="4" type="cond" truecount="2" falsecount="0"/>
        <line num="1096" count="1" type="cond" truecount="2" falsecount="0"/>
        <line num="1099" count="1" type="cond" truecount="2" falsecount="0"/>
        <line num="1101" count="4" type="cond" truecount="4" falsecount="0"/>
        <line num="1108" count="3" type="stmt"/>
        <line num="1110" count="3" type="stmt"/>
        <line num="1112" count="1" type="cond" truecount="2" falsecount="0"/>
        <line num="1115" count="1" type="cond" truecount="2" falsecount="0"/>
        <line num="1121" count="244" type="stmt"/>
        <line num="1122" count="121" type="cond" truecount="1" falsecount="1"/>
        <line num="1124" count="121" type="stmt"/>
        <line num="1125" count="121" type="stmt"/>
        <line num="1126" count="121" type="stmt"/>
        <line num="1127" count="121" type="stmt"/>
        <line num="1129" count="121" type="cond" truecount="2" falsecount="0"/>
        <line num="1132" count="120" type="stmt"/>
        <line num="1133" count="120" type="stmt"/>
        <line num="1138" count="1" type="stmt"/>
        <line num="1143" count="1" type="stmt"/>
        <line num="1151" count="119" type="stmt"/>
        <line num="1153" count="119" type="stmt"/>
        <line num="1155" count="119" type="cond" truecount="1" falsecount="1"/>
        <line num="1156" count="119" type="stmt"/>
        <line num="1157" count="119" type="stmt"/>
        <line num="1158" count="125" type="cond" truecount="2" falsecount="0"/>
        <line num="1163" count="124" type="stmt"/>
        <line num="1166" count="1" type="stmt"/>
        <line num="1167" count="1" type="cond" truecount="2" falsecount="2"/>
        <line num="1168" count="0" type="stmt"/>
        <line num="1171" count="1" type="stmt"/>
        <line num="1172" count="1" type="stmt"/>
        <line num="1175" count="119" type="cond" truecount="2" falsecount="0"/>
        <line num="1176" count="1" type="stmt"/>
        <line num="1181" count="1" type="stmt"/>
        <line num="1182" count="1" type="stmt"/>
        <line num="1186" count="119" type="stmt"/>
        <line num="1195" count="121" type="stmt"/>
        <line num="1196" count="119" type="cond" truecount="2" falsecount="0"/>
        <line num="1200" count="167" type="stmt"/>
        <line num="1201" count="167" type="cond" truecount="1" falsecount="1"/>
        <line num="1203" count="300" type="stmt"/>
        <line num="1204" count="167" type="cond" truecount="1" falsecount="1"/>
        <line num="1205" count="177" type="cond" truecount="1" falsecount="1"/>
        <line num="1208" count="167" type="cond" truecount="4" falsecount="0"/>
        <line num="1209" count="0" type="cond" truecount="0" falsecount="2"/>
        <line num="1210" count="167" type="cond" truecount="2" falsecount="0"/>
        <line num="1211" count="1" type="stmt"/>
        <line num="1212" count="1" type="stmt"/>
        <line num="1215" count="166" type="stmt"/>
        <line num="1216" count="166" type="stmt"/>
        <line num="1217" count="166" type="stmt"/>
        <line num="1222" count="166" type="cond" truecount="4" falsecount="0"/>
        <line num="1223" count="1" type="stmt"/>
        <line num="1224" count="1" type="stmt"/>
        <line num="1227" count="165" type="stmt"/>
        <line num="1229" count="165" type="stmt"/>
        <line num="1244" count="4" type="stmt"/>
        <line num="1245" count="4" type="cond" truecount="1" falsecount="1"/>
        <line num="1247" count="5" type="stmt"/>
        <line num="1248" count="4" type="cond" truecount="5" falsecount="0"/>
        <line num="1250" count="3" type="stmt"/>
        <line num="1251" count="6" type="cond" truecount="2" falsecount="0"/>
        <line num="1253" count="3" type="stmt"/>
        <line num="1258" count="3" type="cond" truecount="3" falsecount="1"/>
        <line num="1259" count="0" type="stmt"/>
        <line num="1260" count="0" type="stmt"/>
        <line num="1266" count="3" type="stmt"/>
        <line num="1268" count="3" type="stmt"/>
        <line num="1274" count="3" type="stmt"/>
        <line num="1275" count="3" type="cond" truecount="1" falsecount="1"/>
        <line num="1276" count="3" type="stmt"/>
        <line num="1277" count="2" type="stmt"/>
        <line num="1279" count="3" type="stmt"/>
        <line num="1280" count="1" type="stmt"/>
        <line num="1282" count="3" type="cond" truecount="3" falsecount="1"/>
        <line num="1289" count="3" type="stmt"/>
        <line num="1291" count="2" type="stmt"/>
        <line num="1292" count="1" type="stmt"/>
        <line num="1297" count="29" type="stmt"/>
        <line num="1298" count="29" type="cond" truecount="1" falsecount="1"/>
        <line num="1300" count="40" type="stmt"/>
        <line num="1301" count="29" type="cond" truecount="2" falsecount="0"/>
        <line num="1307" count="28" type="stmt"/>
        <line num="1308" count="28" type="stmt"/>
        <line num="1310" count="28" type="stmt"/>
        <line num="1312" count="28" type="stmt"/>
        <line num="1330" count="4" type="stmt"/>
        <line num="1331" count="4" type="cond" truecount="1" falsecount="1"/>
        <line num="1333" count="5" type="stmt"/>
        <line num="1334" count="4" type="cond" truecount="3" falsecount="1"/>
        <line num="1335" count="4" type="cond" truecount="4" falsecount="0"/>
        <line num="1337" count="3" type="stmt"/>
        <line num="1338" count="5" type="cond" truecount="2" falsecount="0"/>
        <line num="1340" count="3" type="stmt"/>
        <line num="1345" count="3" type="cond" truecount="4" falsecount="0"/>
        <line num="1346" count="1" type="stmt"/>
        <line num="1347" count="1" type="stmt"/>
        <line num="1352" count="2" type="stmt"/>
        <line num="1354" count="2" type="stmt"/>
        <line num="1360" count="1" type="stmt"/>
        <line num="1361" count="1" type="cond" truecount="1" falsecount="1"/>
        <line num="1363" count="1" type="stmt"/>
        <line num="1364" count="1" type="cond" truecount="3" falsecount="1"/>
        <line num="1365" count="1" type="cond" truecount="2" falsecount="2"/>
        <line num="1367" count="1" type="stmt"/>
        <line num="1368" count="1" type="cond" truecount="1" falsecount="1"/>
        <line num="1370" count="1" type="stmt"/>
        <line num="1375" count="1" type="cond" truecount="3" falsecount="1"/>
        <line num="1376" count="0" type="stmt"/>
        <line num="1377" count="0" type="stmt"/>
        <line num="1380" count="1" type="stmt"/>
        <line num="1382" count="1" type="stmt"/>
        <line num="1388" count="4" type="stmt"/>
        <line num="1389" count="4" type="cond" truecount="1" falsecount="1"/>
        <line num="1391" count="4" type="cond" truecount="2" falsecount="0"/>
        <line num="1396" count="3" type="cond" truecount="2" falsecount="0"/>
        <line num="1397" count="2" type="stmt"/>
        <line num="1402" count="1" type="stmt"/>
        <line num="1403" count="1" type="stmt"/>
        <line num="1417" count="1" type="stmt"/>
        <line num="1419" count="1" type="stmt"/>
        <line num="1428" count="1" type="stmt"/>
        <line num="1433" count="1" type="stmt"/>
        <line num="1434" count="1" type="cond" truecount="1" falsecount="1"/>
        <line num="1436" count="1" type="stmt"/>
        <line num="1437" count="1" type="stmt"/>
        <line num="1439" count="1" type="stmt"/>
        <line num="1441" count="1" type="stmt"/>
        <line num="1457" count="14" type="stmt"/>
        <line num="1458" count="14" type="cond" truecount="1" falsecount="1"/>
        <line num="1460" count="19" type="stmt"/>
        <line num="1461" count="14" type="cond" truecount="1" falsecount="1"/>
        <line num="1464" count="14" type="cond" truecount="4" falsecount="0"/>
        <line num="1465" count="0" type="cond" truecount="0" falsecount="2"/>
        <line num="1466" count="14" type="cond" truecount="2" falsecount="0"/>
        <line num="1467" count="1" type="stmt"/>
        <line num="1468" count="1" type="stmt"/>
        <line num="1471" count="13" type="stmt"/>
        <line num="1472" count="13" type="stmt"/>
        <line num="1490" count="14" type="stmt"/>
        <line num="1492" count="13" type="stmt"/>
        <line num="1505" count="6" type="stmt"/>
        <line num="1506" count="6" type="cond" truecount="1" falsecount="1"/>
        <line num="1508" count="6" type="stmt"/>
        <line num="1509" count="6" type="stmt"/>
        <line num="1510" count="6" type="cond" truecount="3" falsecount="1"/>
        <line num="1513" count="6" type="cond" truecount="2" falsecount="0"/>
        <line num="1514" count="4" type="cond" truecount="2" falsecount="0"/>
        <line num="1519" count="2" type="cond" truecount="3" falsecount="1"/>
        <line num="1520" count="0" type="stmt"/>
        <line num="1523" count="2" type="stmt"/>
        <line num="1524" count="2" type="cond" truecount="1" falsecount="1"/>
        <line num="1528" count="2" type="stmt"/>
        <line num="1533" count="2" type="cond" truecount="3" falsecount="1"/>
        <line num="1534" count="0" type="stmt"/>
        <line num="1535" count="0" type="stmt"/>
        <line num="1538" count="2" type="stmt"/>
        <line num="1540" count="2" type="stmt"/>
        <line num="1543" count="2" type="stmt"/>
        <line num="1547" count="2" type="cond" truecount="4" falsecount="0"/>
        <line num="1548" count="1" type="stmt"/>
        <line num="1555" count="1" type="stmt"/>
        <line num="1556" count="1" type="stmt"/>
        <line num="1558" count="1" type="cond" truecount="1" falsecount="1"/>
        <line num="1560" count="4" type="stmt"/>
        <line num="1573" count="4" type="cond" truecount="1" falsecount="1"/>
        <line num="1574" count="1" type="stmt"/>
        <line num="1575" count="1" type="stmt"/>
        <line num="1577" count="1" type="stmt"/>
        <line num="1590" count="0" type="stmt"/>
        <line num="1600" count="1" type="stmt"/>
        <line num="1602" count="1" type="stmt"/>
        <line num="1604" count="1" type="stmt"/>
        <line num="1608" count="1" type="stmt"/>
        <line num="1612" count="2" type="cond" truecount="1" falsecount="1"/>
        <line num="1614" count="2" type="cond" truecount="2" falsecount="0"/>
        <line num="1615" count="1" type="cond" truecount="2" falsecount="2"/>
        <line num="1616" count="0" type="stmt"/>
        <line num="1619" count="1" type="stmt"/>
        <line num="1620" count="1" type="cond" truecount="1" falsecount="1"/>
        <line num="1625" count="1" type="stmt"/>
        <line num="1629" count="1" type="stmt"/>
        <line num="1634" count="1" type="stmt"/>
        <line num="1644" count="1" type="cond" truecount="1" falsecount="1"/>
        <line num="1645" count="1" type="stmt"/>
        <line num="1654" count="0" type="stmt"/>
        <line num="1657" count="1" type="stmt"/>
        <line num="1658" count="1" type="stmt"/>
        <line num="1663" count="1" type="cond" truecount="3" falsecount="1"/>
        <line num="1664" count="0" type="stmt"/>
        <line num="1665" count="0" type="stmt"/>
        <line num="1668" count="1" type="stmt"/>
        <line num="1670" count="1" type="stmt"/>
        <line num="1672" count="1" type="stmt"/>
        <line num="1680" count="2" type="stmt"/>
        <line num="1681" count="2" type="cond" truecount="1" falsecount="1"/>
        <line num="1683" count="2" type="stmt"/>
        <line num="1684" count="2" type="cond" truecount="1" falsecount="1"/>
        <line num="1686" count="2" type="stmt"/>
        <line num="1687" count="2" type="stmt"/>
        <line num="1688" count="5" type="cond" truecount="2" falsecount="0"/>
        <line num="1690" count="2" type="cond" truecount="2" falsecount="0"/>
        <line num="1692" count="1" type="stmt"/>
        <line num="1693" count="1" type="cond" truecount="1" falsecount="1"/>
        <line num="1698" count="1" type="stmt"/>
        <line num="1708" count="3" type="stmt"/>
        <line num="1710" count="2" type="stmt"/>
        <line num="1713" count="3" type="cond" truecount="2" falsecount="0"/>
        <line num="1717" count="5" type="stmt"/>
        <line num="1718" count="5" type="cond" truecount="1" falsecount="1"/>
        <line num="1720" count="5" type="stmt"/>
        <line num="1722" count="11" type="stmt"/>
        <line num="1723" count="4" type="stmt"/>
        <line num="1725" count="5" type="stmt"/>
        <line num="1728" count="9" type="stmt"/>
        <line num="1730" count="3" type="stmt"/>
        <line num="1732" count="5" type="cond" truecount="4" falsecount="0"/>
        <line num="1734" count="4" type="stmt"/>
        <line num="1735" count="4" type="stmt"/>
        <line num="1736" count="6" type="stmt"/>
        <line num="1741" count="6" type="cond" truecount="4" falsecount="0"/>
        <line num="1742" count="4" type="stmt"/>
        <line num="1743" count="4" type="stmt"/>
        <line num="1746" count="4" type="stmt"/>
        <line num="1747" count="4" type="stmt"/>
        <line num="1748" count="3" type="stmt"/>
        <line num="1749" count="3" type="cond" truecount="1" falsecount="1"/>
        <line num="1750" count="3" type="cond" truecount="1" falsecount="1"/>
        <line num="1751" count="3" type="cond" truecount="2" falsecount="2"/>
        <line num="1752" count="3" type="stmt"/>
        <line num="1753" count="3" type="stmt"/>
        <line num="1756" count="4" type="cond" truecount="2" falsecount="2"/>
        <line num="1760" count="4" type="stmt"/>
        <line num="1765" count="4" type="cond" truecount="4" falsecount="0"/>
        <line num="1766" count="1" type="stmt"/>
        <line num="1767" count="1" type="stmt"/>
        <line num="1770" count="3" type="stmt"/>
        <line num="1772" count="3" type="stmt"/>
        <line num="1787" count="5" type="stmt"/>
        <line num="1788" count="5" type="cond" truecount="1" falsecount="1"/>
        <line num="1797" count="5" type="stmt"/>
        <line num="1799" count="5" type="stmt"/>
        <line num="1800" count="5" type="stmt"/>
        <line num="1801" count="10" type="stmt"/>
        <line num="1803" count="5" type="cond" truecount="2" falsecount="0"/>
        <line num="1804" count="1" type="stmt"/>
        <line num="1805" count="1" type="stmt"/>
        <line num="1812" count="4" type="stmt"/>
        <line num="1813" count="8" type="cond" truecount="2" falsecount="0"/>
        <line num="1815" count="4" type="cond" truecount="2" falsecount="0"/>
        <line num="1816" count="2" type="stmt"/>
        <line num="1817" count="2" type="stmt"/>
        <line num="1820" count="5" type="stmt"/>
        <line num="1821" count="2" type="cond" truecount="2" falsecount="0"/>
        <line num="1822" count="1" type="stmt"/>
        <line num="1823" count="1" type="stmt"/>
        <line num="1826" count="1" type="stmt"/>
        <line num="1827" count="1" type="stmt"/>
        <line num="1829" count="1" type="cond" truecount="1" falsecount="1"/>
        <line num="1832" count="1" type="cond" truecount="1" falsecount="1"/>
        <line num="1838" count="5" type="stmt"/>
        <line num="1839" count="5" type="cond" truecount="1" falsecount="1"/>
        <line num="1841" count="3" type="stmt"/>
        <line num="1842" count="1" type="stmt"/>
        <line num="1843" count="1" type="stmt"/>
        <line num="1844" count="3" type="stmt"/>
        <line num="1845" count="3" type="cond" truecount="3" falsecount="1"/>
        <line num="1846" count="3" type="stmt"/>
        <line num="1847" count="3" type="stmt"/>
        <line num="1849" count="1" type="cond" truecount="1" falsecount="1"/>
        <line num="1851" count="1" type="stmt"/>
        <line num="1856" count="1" type="cond" truecount="3" falsecount="1"/>
        <line num="1857" count="0" type="stmt"/>
        <line num="1858" count="0" type="stmt"/>
        <line num="1861" count="1" type="stmt"/>
        <line num="1863" count="1" type="stmt"/>
        <line num="1871" count="1" type="stmt"/>
        <line num="1872" count="1" type="stmt"/>
        <line num="1873" count="1" type="cond" truecount="3" falsecount="1"/>
        <line num="1875" count="1" type="stmt"/>
        <line num="1877" count="1" type="stmt"/>
        <line num="1878" count="1" type="stmt"/>
        <line num="1879" count="1" type="cond" truecount="1" falsecount="1"/>
        <line num="1881" count="1" type="cond" truecount="1" falsecount="1"/>
        <line num="1883" count="1" type="stmt"/>
        <line num="1885" count="1" type="stmt"/>
        <line num="1887" count="1" type="stmt"/>
        <line num="1889" count="1" type="stmt"/>
        <line num="1903" count="33" type="stmt"/>
        <line num="1910" count="6" type="cond" truecount="1" falsecount="1"/>
        <line num="1923" count="29" type="cond" truecount="2" falsecount="0"/>
        <line num="1924" count="29" type="stmt"/>
        <line num="1928" count="1" type="stmt"/>
        <line num="1929" count="1" type="stmt"/>
        <line num="1930" count="1" type="cond" truecount="2" falsecount="2"/>
        <line num="1933" count="2" type="stmt"/>
        <line num="1941" count="2" type="stmt"/>
      </file>
    </package>
    <package name="app.components">
      <metrics statements="225" coveredstatements="95" conditionals="236" coveredconditionals="82" methods="61" coveredmethods="26"/>
      <file name="ChecklistPanel.tsx" path="/Users/marinamolarskybeck/Documents/GitHub/sightlines/src/app/components/ChecklistPanel.tsx">
        <metrics statements="134" coveredstatements="12" conditionals="145" coveredconditionals="11" methods="37" coveredmethods="4"/>
        <line num="26" count="1" type="stmt"/>
        <line num="31" count="1" type="stmt"/>
        <line num="33" count="1" type="stmt"/>
        <line num="92" count="0" type="stmt"/>
        <line num="93" count="0" type="stmt"/>
        <line num="94" count="0" type="stmt"/>
        <line num="99" count="0" type="stmt"/>
        <line num="100" count="0" type="stmt"/>
        <line num="102" count="0" type="stmt"/>
        <line num="103" count="0" type="stmt"/>
        <line num="110" count="0" type="stmt"/>
        <line num="112" count="0" type="stmt"/>
        <line num="113" count="0" type="stmt"/>
        <line num="114" count="0" type="stmt"/>
        <line num="115" count="0" type="stmt"/>
        <line num="119" count="0" type="stmt"/>
        <line num="120" count="0" type="stmt"/>
        <line num="121" count="0" type="stmt"/>
        <line num="122" count="0" type="cond" truecount="0" falsecount="2"/>
        <line num="123" count="0" type="stmt"/>
        <line num="124" count="0" type="stmt"/>
        <line num="133" count="0" type="stmt"/>
        <line num="134" count="0" type="stmt"/>
        <line num="135" count="0" type="cond" truecount="0" falsecount="2"/>
        <line num="136" count="0" type="stmt"/>
        <line num="137" count="0" type="stmt"/>
        <line num="144" count="0" type="stmt"/>
        <line num="152" count="0" type="stmt"/>
        <line num="153" count="0" type="stmt"/>
        <line num="154" count="0" type="stmt"/>
        <line num="155" count="0" type="stmt"/>
        <line num="165" count="0" type="stmt"/>
        <line num="166" count="0" type="stmt"/>
        <line num="167" count="0" type="stmt"/>
        <line num="169" count="0" type="cond" truecount="0" falsecount="4"/>
        <line num="174" count="0" type="stmt"/>
        <line num="175" count="0" type="stmt"/>
        <line num="181" count="0" type="stmt"/>
        <line num="186" count="0" type="stmt"/>
        <line num="188" count="0" type="stmt"/>
        <line num="189" count="0" type="stmt"/>
        <line num="190" count="0" type="cond" truecount="0" falsecount="2"/>
        <line num="191" count="0" type="stmt"/>
        <line num="194" count="0" type="stmt"/>
        <line num="199" count="0" type="stmt"/>
        <line num="200" count="0" type="stmt"/>
        <line num="201" count="0" type="stmt"/>
        <line num="204" count="0" type="stmt"/>
        <line num="205" count="0" type="stmt"/>
        <line num="206" count="0" type="cond" truecount="0" falsecount="2"/>
        <line num="210" count="0" type="stmt"/>
        <line num="213" count="0" type="stmt"/>
        <line num="214" count="0" type="stmt"/>
        <line num="215" count="0" type="stmt"/>
        <line num="216" count="0" type="stmt"/>
        <line num="238" count="0" type="stmt"/>
        <line num="239" count="0" type="cond" truecount="0" falsecount="2"/>
        <line num="241" count="0" type="stmt"/>
        <line num="252" count="0" type="stmt"/>
        <line num="271" count="0" type="cond" truecount="0" falsecount="5"/>
        <line num="272" count="0" type="stmt"/>
        <line num="298" count="0" type="stmt"/>
        <line num="316" count="0" type="stmt"/>
        <line num="339" count="0" type="stmt"/>
        <line num="357" count="0" type="cond" truecount="0" falsecount="2"/>
        <line num="358" count="0" type="stmt"/>
        <line num="359" count="0" type="stmt"/>
        <line num="361" count="0" type="stmt"/>
        <line num="363" count="0" type="stmt"/>
        <line num="365" count="0" type="stmt"/>
        <line num="375" count="0" type="stmt"/>
        <line num="389" count="0" type="cond" truecount="0" falsecount="2"/>
        <line num="390" count="0" type="cond" truecount="0" falsecount="2"/>
        <line num="391" count="0" type="stmt"/>
        <line num="393" count="0" type="stmt"/>
        <line num="394" count="0" type="stmt"/>
        <line num="401" count="3" type="stmt"/>
        <line num="402" count="8" type="cond" truecount="4" falsecount="1"/>
        <line num="404" count="3" type="cond" truecount="2" falsecount="0"/>
        <line num="406" count="0" type="stmt"/>
        <line num="412" count="2" type="cond" truecount="2" falsecount="0"/>
        <line num="415" count="3" type="stmt"/>
        <line num="421" count="5" type="stmt"/>
        <line num="425" count="3" type="stmt"/>
        <line num="426" count="3" type="stmt"/>
        <line num="427" count="3" type="cond" truecount="3" falsecount="1"/>
        <line num="428" count="0" type="cond" truecount="0" falsecount="2"/>
        <line num="429" count="0" type="cond" truecount="0" falsecount="2"/>
        <line num="430" count="0" type="stmt"/>
        <line num="442" count="0" type="stmt"/>
        <line num="477" count="0" type="cond" truecount="0" falsecount="4"/>
        <line num="484" count="0" type="cond" truecount="0" falsecount="2"/>
        <line num="488" count="0" type="stmt"/>
        <line num="489" count="0" type="stmt"/>
        <line num="491" count="0" type="stmt"/>
        <line num="492" count="0" type="cond" truecount="0" falsecount="2"/>
        <line num="493" count="0" type="stmt"/>
        <line num="497" count="0" type="stmt"/>
        <line num="498" count="0" type="cond" truecount="0" falsecount="4"/>
        <line num="499" count="0" type="stmt"/>
        <line num="506" count="0" type="cond" truecount="0" falsecount="4"/>
        <line num="508" count="0" type="stmt"/>
        <line num="511" count="0" type="stmt"/>
        <line num="512" count="0" type="stmt"/>
        <line num="516" count="0" type="stmt"/>
        <line num="517" count="0" type="cond" truecount="0" falsecount="2"/>
        <line num="518" count="0" type="cond" truecount="0" falsecount="2"/>
        <line num="523" count="0" type="stmt"/>
        <line num="530" count="0" type="cond" truecount="0" falsecount="2"/>
        <line num="531" count="0" type="cond" truecount="0" falsecount="2"/>
        <line num="532" count="0" type="cond" truecount="0" falsecount="4"/>
        <line num="534" count="0" type="stmt"/>
        <line num="550" count="0" type="stmt"/>
        <line num="551" count="0" type="stmt"/>
        <line num="556" count="0" type="cond" truecount="0" falsecount="5"/>
        <line num="557" count="0" type="stmt"/>
        <line num="558" count="0" type="stmt"/>
        <line num="559" count="0" type="stmt"/>
        <line num="560" count="0" type="stmt"/>
        <line num="561" count="0" type="stmt"/>
        <line num="563" count="0" type="stmt"/>
        <line num="564" count="0" type="stmt"/>
        <line num="565" count="0" type="stmt"/>
        <line num="568" count="0" type="stmt"/>
        <line num="569" count="0" type="cond" truecount="0" falsecount="2"/>
        <line num="570" count="0" type="stmt"/>
        <line num="571" count="0" type="stmt"/>
        <line num="575" count="0" type="stmt"/>
        <line num="579" count="0" type="cond" truecount="0" falsecount="2"/>
        <line num="581" count="0" type="cond" truecount="0" falsecount="4"/>
        <line num="582" count="0" type="stmt"/>
        <line num="583" count="0" type="stmt"/>
        <line num="622" count="0" type="stmt"/>
        <line num="623" count="0" type="stmt"/>
      </file>
      <file name="GridOverlay.tsx" path="/Users/marinamolarskybeck/Documents/GitHub/sightlines/src/app/components/GridOverlay.tsx">
        <metrics statements="1" coveredstatements="1" conditionals="2" coveredconditionals="2" methods="1" coveredmethods="1"/>
        <line num="31" count="5" type="stmt"/>
      </file>
      <file name="LengthField.tsx" path="/Users/marinamolarskybeck/Documents/GitHub/sightlines/src/app/components/LengthField.tsx">
        <metrics statements="69" coveredstatements="65" conditionals="74" coveredconditionals="63" methods="13" coveredmethods="12"/>
        <line num="11" count="1" type="stmt"/>
        <line num="55" count="38" type="stmt"/>
        <line num="56" count="16" type="cond" truecount="2" falsecount="0"/>
        <line num="58" count="38" type="stmt"/>
        <line num="59" count="38" type="stmt"/>
        <line num="60" count="38" type="stmt"/>
        <line num="65" count="38" type="stmt"/>
        <line num="66" count="16" type="cond" truecount="2" falsecount="0"/>
        <line num="67" count="16" type="stmt"/>
        <line num="70" count="38" type="stmt"/>
        <line num="71" count="7" type="stmt"/>
        <line num="73" count="7" type="cond" truecount="4" falsecount="0"/>
        <line num="74" count="2" type="stmt"/>
        <line num="78" count="2" type="cond" truecount="2" falsecount="0"/>
        <line num="79" count="1" type="stmt"/>
        <line num="81" count="2" type="stmt"/>
        <line num="84" count="5" type="stmt"/>
        <line num="86" count="5" type="cond" truecount="1" falsecount="1"/>
        <line num="87" count="0" type="stmt"/>
        <line num="88" count="0" type="stmt"/>
        <line num="91" count="5" type="cond" truecount="4" falsecount="0"/>
        <line num="92" count="1" type="stmt"/>
        <line num="93" count="1" type="stmt"/>
        <line num="96" count="4" type="stmt"/>
        <line num="98" count="4" type="stmt"/>
        <line num="99" count="4" type="stmt"/>
        <line num="100" count="3" type="stmt"/>
        <line num="102" count="1" type="cond" truecount="1" falsecount="1"/>
        <line num="111" count="38" type="stmt"/>
        <line num="112" count="5" type="cond" truecount="1" falsecount="1"/>
        <line num="113" count="5" type="stmt"/>
        <line num="114" count="5" type="cond" truecount="3" falsecount="1"/>
        <line num="115" count="5" type="stmt"/>
        <line num="116" count="5" type="stmt"/>
        <line num="117" count="5" type="stmt"/>
        <line num="118" count="0" type="cond" truecount="0" falsecount="2"/>
        <line num="126" count="38" type="stmt"/>
        <line num="127" count="2" type="stmt"/>
        <line num="128" count="2" type="cond" truecount="1" falsecount="1"/>
        <line num="129" count="2" type="cond" truecount="2" falsecount="0"/>
        <line num="130" count="1" type="stmt"/>
        <line num="131" count="1" type="cond" truecount="3" falsecount="0"/>
        <line num="138" count="38" type="cond" truecount="2" falsecount="0"/>
        <line num="141" count="38" type="cond" truecount="4" falsecount="0"/>
        <line num="143" count="38" type="stmt"/>
        <line num="144" count="38" type="cond" truecount="2" falsecount="0"/>
        <line num="145" count="2" type="stmt"/>
        <line num="150" count="35" type="cond" truecount="2" falsecount="0"/>
        <line num="151" count="2" type="stmt"/>
        <line num="156" count="33" type="cond" truecount="1" falsecount="1"/>
        <line num="157" count="0" type="stmt"/>
        <line num="165" count="37" type="stmt"/>
        <line num="173" count="1" type="stmt"/>
        <line num="175" count="3" type="stmt"/>
        <line num="176" count="3" type="stmt"/>
        <line num="178" count="7" type="stmt"/>
        <line num="180" count="8" type="cond" truecount="5" falsecount="0"/>
        <line num="181" count="3" type="stmt"/>
        <line num="182" count="3" type="cond" truecount="2" falsecount="0"/>
        <line num="183" count="3" type="stmt"/>
        <line num="186" count="5" type="cond" truecount="1" falsecount="1"/>
        <line num="187" count="5" type="stmt"/>
        <line num="189" count="5" type="cond" truecount="4" falsecount="0"/>
        <line num="190" count="1" type="stmt"/>
        <line num="191" count="1" type="stmt"/>
        <line num="194" count="4" type="stmt"/>
        <line num="199" count="38" type="stmt"/>
        <line num="210" count="1" type="stmt"/>
        <line num="218" count="1" type="stmt"/>
      </file>
      <file name="UncertaintyIndicator.tsx" path="/Users/marinamolarskybeck/Documents/GitHub/sightlines/src/app/components/UncertaintyIndicator.tsx">
        <metrics statements="4" coveredstatements="0" conditionals="9" coveredconditionals="0" methods="1" coveredmethods="0"/>
        <line num="18" count="0" type="cond" truecount="0" falsecount="2"/>
        <line num="20" count="0" type="cond" truecount="0" falsecount="2"/>
        <line num="22" count="0" type="cond" truecount="0" falsecount="2"/>
        <line num="26" count="0" type="stmt"/>
      </file>
      <file name="elevationArtworkGeometry.ts" path="/Users/marinamolarskybeck/Documents/GitHub/sightlines/src/app/components/elevationArtworkGeometry.ts">
        <metrics statements="17" coveredstatements="17" conditionals="6" coveredconditionals="6" methods="9" coveredmethods="9"/>
        <line num="6" count="12" type="stmt"/>
        <line num="37" count="12" type="stmt"/>
        <line num="62" count="5" type="cond" truecount="2" falsecount="0"/>
        <line num="64" count="5" type="stmt"/>
        <line num="65" count="5" type="stmt"/>
        <line num="66" count="5" type="stmt"/>
        <line num="67" count="5" type="stmt"/>
        <line num="68" count="5" type="stmt"/>
        <line num="70" count="4" type="stmt"/>
        <line num="71" count="4" type="stmt"/>
        <line num="72" count="4" type="stmt"/>
        <line num="74" count="4" type="stmt"/>
        <line num="93" count="5" type="stmt"/>
        <line num="94" count="5" type="stmt"/>
        <line num="95" count="5" type="stmt"/>
        <line num="96" count="5" type="stmt"/>
        <line num="98" count="5" type="cond" truecount="4" falsecount="0"/>
      </file>
    </package>
    <package name="app.components.three">
      <metrics statements="23" coveredstatements="22" conditionals="2" coveredconditionals="1" methods="1" coveredmethods="1"/>
      <file name="cameraFit.ts" path="/Users/marinamolarskybeck/Documents/GitHub/sightlines/src/app/components/three/cameraFit.ts">
        <metrics statements="23" coveredstatements="22" conditionals="2" coveredconditionals="1" methods="1" coveredmethods="1"/>
        <line num="5" count="1" type="stmt"/>
        <line num="9" count="1" type="stmt"/>
        <line num="11" count="1" type="stmt"/>
        <line num="25" count="4" type="stmt"/>
        <line num="26" count="4" type="stmt"/>
        <line num="29" count="4" type="stmt"/>
        <line num="30" count="4" type="stmt"/>
        <line num="31" count="4" type="cond" truecount="1" falsecount="1"/>
        <line num="33" count="0" type="stmt"/>
        <line num="35" count="4" type="stmt"/>
        <line num="37" count="4" type="stmt"/>
        <line num="39" count="4" type="stmt"/>
        <line num="40" count="4" type="stmt"/>
        <line num="41" count="4" type="stmt"/>
        <line num="43" count="4" type="stmt"/>
        <line num="44" count="8" type="stmt"/>
        <line num="45" count="16" type="stmt"/>
        <line num="46" count="32" type="stmt"/>
        <line num="49" count="32" type="stmt"/>
        <line num="50" count="32" type="stmt"/>
        <line num="51" count="32" type="stmt"/>
        <line num="52" count="32" type="stmt"/>
        <line num="57" count="4" type="stmt"/>
      </file>
    </package>
    <package name="app.components.ui">
      <metrics statements="41" coveredstatements="31" conditionals="9" coveredconditionals="0" methods="11" coveredmethods="2"/>
      <file name="button.tsx" path="/Users/marinamolarskybeck/Documents/GitHub/sightlines/src/app/components/ui/button.tsx">
        <metrics statements="5" coveredstatements="3" conditionals="6" coveredconditionals="0" methods="1" coveredmethods="0"/>
        <line num="6" count="1" type="stmt"/>
        <line num="51" count="1" type="stmt"/>
        <line num="53" count="0" type="cond" truecount="0" falsecount="2"/>
        <line num="55" count="0" type="stmt"/>
        <line num="66" count="1" type="stmt"/>
      </file>
      <file name="input.tsx" path="/Users/marinamolarskybeck/Documents/GitHub/sightlines/src/app/components/ui/input.tsx">
        <metrics statements="4" coveredstatements="4" conditionals="0" coveredconditionals="0" methods="1" coveredmethods="1"/>
        <line num="5" count="1" type="stmt"/>
        <line num="30" count="1" type="stmt"/>
        <line num="32" count="29" type="stmt"/>
        <line num="40" count="1" type="stmt"/>
      </file>
      <file name="select.tsx" path="/Users/marinamolarskybeck/Documents/GitHub/sightlines/src/app/components/ui/select.tsx">
        <metrics statements="15" coveredstatements="11" conditionals="2" coveredconditionals="0" methods="4" coveredmethods="0"/>
        <line num="7" count="1" type="stmt"/>
        <line num="8" count="1" type="stmt"/>
        <line num="9" count="1" type="stmt"/>
        <line num="11" count="1" type="stmt"/>
        <line num="15" count="0" type="stmt"/>
        <line num="30" count="1" type="stmt"/>
        <line num="32" count="1" type="stmt"/>
        <line num="36" count="0" type="stmt"/>
        <line num="54" count="1" type="stmt"/>
        <line num="56" count="1" type="stmt"/>
        <line num="60" count="0" type="stmt"/>
        <line num="70" count="1" type="stmt"/>
        <line num="72" count="1" type="stmt"/>
        <line num="76" count="0" type="stmt"/>
        <line num="91" count="1" type="stmt"/>
      </file>
      <file name="toggle-group.tsx" path="/Users/marinamolarskybeck/Documents/GitHub/sightlines/src/app/components/ui/toggle-group.tsx">
        <metrics statements="6" coveredstatements="4" conditionals="0" coveredconditionals="0" methods="2" coveredmethods="0"/>
        <line num="7" count="1" type="stmt"/>
        <line num="11" count="0" type="stmt"/>
        <line num="18" count="1" type="stmt"/>
        <line num="20" count="1" type="stmt"/>
        <line num="25" count="0" type="stmt"/>
        <line num="32" count="1" type="stmt"/>
      </file>
      <file name="toggle.tsx" path="/Users/marinamolarskybeck/Documents/GitHub/sightlines/src/app/components/ui/toggle.tsx">
        <metrics statements="4" coveredstatements="3" conditionals="0" coveredconditionals="0" methods="1" coveredmethods="0"/>
        <line num="6" count="1" type="stmt"/>
        <line num="34" count="1" type="stmt"/>
        <line num="39" count="0" type="stmt"/>
        <line num="46" count="1" type="stmt"/>
      </file>
      <file name="tooltip.tsx" path="/Users/marinamolarskybeck/Documents/GitHub/sightlines/src/app/components/ui/tooltip.tsx">
        <metrics statements="6" coveredstatements="5" conditionals="1" coveredconditionals="0" methods="1" coveredmethods="0"/>
        <line num="5" count="1" type="stmt"/>
        <line num="6" count="1" type="stmt"/>
        <line num="7" count="1" type="stmt"/>
        <line num="9" count="1" type="stmt"/>
        <line num="13" count="0" type="stmt"/>
        <line num="26" count="1" type="stmt"/>
      </file>
      <file name="utils.ts" path="/Users/marinamolarskybeck/Documents/GitHub/sightlines/src/app/components/ui/utils.ts">
        <metrics statements="1" coveredstatements="1" conditionals="0" coveredconditionals="0" methods="1" coveredmethods="1"/>
        <line num="5" count="29" type="stmt"/>
      </file>
    </package>
    <package name="app.hooks">
      <metrics statements="300" coveredstatements="287" conditionals="177" coveredconditionals="149" methods="67" coveredmethods="56"/>
      <file name="isEditableTarget.ts" path="/Users/marinamolarskybeck/Documents/GitHub/sightlines/src/app/hooks/isEditableTarget.ts">
        <metrics statements="2" coveredstatements="2" conditionals="6" coveredconditionals="6" methods="1" coveredmethods="1"/>
        <line num="15" count="6" type="cond" truecount="2" falsecount="0"/>
        <line num="17" count="2" type="stmt"/>
      </file>
      <file name="useAssetImageUrls.ts" path="/Users/marinamolarskybeck/Documents/GitHub/sightlines/src/app/hooks/useAssetImageUrls.ts">
        <metrics statements="39" coveredstatements="37" conditionals="15" coveredconditionals="14" methods="11" coveredmethods="11"/>
        <line num="20" count="22" type="stmt"/>
        <line num="21" count="9" type="stmt"/>
        <line num="28" count="22" type="stmt"/>
        <line num="29" count="22" type="stmt"/>
        <line num="34" count="22" type="stmt"/>
        <line num="36" count="22" type="stmt"/>
        <line num="38" count="22" type="stmt"/>
        <line num="43" count="11" type="stmt"/>
        <line num="44" count="14" type="stmt"/>
        <line num="45" count="11" type="stmt"/>
        <line num="46" count="11" type="stmt"/>
        <line num="50" count="11" type="stmt"/>
        <line num="51" count="11" type="stmt"/>
        <line num="52" count="11" type="stmt"/>
        <line num="53" count="11" type="stmt"/>
        <line num="54" count="3" type="cond" truecount="4" falsecount="0"/>
        <line num="55" count="2" type="stmt"/>
        <line num="56" count="2" type="stmt"/>
        <line num="57" count="2" type="stmt"/>
        <line num="60" count="11" type="cond" truecount="2" falsecount="0"/>
        <line num="63" count="11" type="stmt"/>
        <line num="64" count="13" type="cond" truecount="4" falsecount="0"/>
        <line num="66" count="12" type="stmt"/>
        <line num="68" count="11" type="cond" truecount="2" falsecount="0"/>
        <line num="70" count="10" type="stmt"/>
        <line num="71" count="10" type="stmt"/>
        <line num="72" count="10" type="cond" truecount="1" falsecount="1"/>
        <line num="76" count="0" type="stmt"/>
        <line num="77" count="0" type="stmt"/>
        <line num="80" count="10" type="stmt"/>
        <line num="81" count="10" type="stmt"/>
        <line num="82" count="10" type="stmt"/>
        <line num="90" count="11" type="stmt"/>
        <line num="91" count="11" type="stmt"/>
        <line num="103" count="22" type="stmt"/>
        <line num="104" count="9" type="stmt"/>
        <line num="105" count="9" type="stmt"/>
        <line num="106" count="8" type="stmt"/>
        <line num="111" count="22" type="stmt"/>
      </file>
      <file name="useStoragePersistence.ts" path="/Users/marinamolarskybeck/Documents/GitHub/sightlines/src/app/hooks/useStoragePersistence.ts">
        <metrics statements="19" coveredstatements="19" conditionals="16" coveredconditionals="12" methods="4" coveredmethods="4"/>
        <line num="14" count="16" type="stmt"/>
        <line num="16" count="16" type="stmt"/>
        <line num="17" count="8" type="stmt"/>
        <line num="20" count="8" type="stmt"/>
        <line num="21" count="8" type="cond" truecount="4" falsecount="0"/>
        <line num="22" count="2" type="cond" truecount="1" falsecount="1"/>
        <line num="23" count="2" type="stmt"/>
        <line num="26" count="6" type="stmt"/>
        <line num="27" count="6" type="stmt"/>
        <line num="28" count="5" type="cond" truecount="2" falsecount="0"/>
        <line num="29" count="2" type="cond" truecount="1" falsecount="1"/>
        <line num="30" count="2" type="stmt"/>
        <line num="33" count="3" type="stmt"/>
        <line num="34" count="2" type="cond" truecount="3" falsecount="1"/>
        <line num="40" count="2" type="cond" truecount="1" falsecount="1"/>
        <line num="44" count="8" type="stmt"/>
        <line num="46" count="8" type="stmt"/>
        <line num="47" count="8" type="stmt"/>
        <line num="51" count="16" type="stmt"/>
      </file>
      <file name="useSvgViewportGestures.ts" path="/Users/marinamolarskybeck/Documents/GitHub/sightlines/src/app/hooks/useSvgViewportGestures.ts">
        <metrics statements="208" coveredstatements="200" conditionals="108" coveredconditionals="87" methods="29" coveredmethods="24"/>
        <line num="30" count="1" type="stmt"/>
        <line num="82" count="42" type="stmt"/>
        <line num="89" count="42" type="stmt"/>
        <line num="90" count="42" type="stmt"/>
        <line num="91" count="42" type="stmt"/>
        <line num="93" count="42" type="stmt"/>
        <line num="97" count="42" type="stmt"/>
        <line num="98" count="42" type="stmt"/>
        <line num="102" count="42" type="stmt"/>
        <line num="103" count="42" type="stmt"/>
        <line num="104" count="42" type="cond" truecount="1" falsecount="1"/>
        <line num="105" count="42" type="cond" truecount="2" falsecount="0"/>
        <line num="106" count="42" type="stmt"/>
        <line num="107" count="42" type="stmt"/>
        <line num="112" count="42" type="stmt"/>
        <line num="113" count="42" type="stmt"/>
        <line num="114" count="42" type="stmt"/>
        <line num="115" count="42" type="stmt"/>
        <line num="116" count="42" type="stmt"/>
        <line num="117" count="42" type="stmt"/>
        <line num="133" count="42" type="stmt"/>
        <line num="134" count="42" type="stmt"/>
        <line num="135" count="42" type="stmt"/>
        <line num="136" count="42" type="stmt"/>
        <line num="142" count="42" type="stmt"/>
        <line num="146" count="42" type="stmt"/>
        <line num="147" count="42" type="stmt"/>
        <line num="151" count="42" type="stmt"/>
        <line num="159" count="7" type="stmt"/>
        <line num="160" count="7" type="cond" truecount="1" falsecount="1"/>
        <line num="162" count="7" type="stmt"/>
        <line num="163" count="7" type="stmt"/>
        <line num="164" count="7" type="stmt"/>
        <line num="165" count="7" type="stmt"/>
        <line num="166" count="7" type="cond" truecount="2" falsecount="0"/>
        <line num="168" count="5" type="stmt"/>
        <line num="169" count="5" type="stmt"/>
        <line num="175" count="0" type="stmt"/>
        <line num="189" count="42" type="stmt"/>
        <line num="192" count="42" type="stmt"/>
        <line num="200" count="42" type="stmt"/>
        <line num="201" count="42" type="stmt"/>
        <line num="202" count="9" type="stmt"/>
        <line num="205" count="12" type="cond" truecount="2" falsecount="0"/>
        <line num="206" count="9" type="cond" truecount="4" falsecount="0"/>
        <line num="209" count="4" type="stmt"/>
        <line num="210" count="4" type="cond" truecount="2" falsecount="0"/>
        <line num="211" count="3" type="stmt"/>
        <line num="212" count="3" type="stmt"/>
        <line num="219" count="5" type="cond" truecount="4" falsecount="0"/>
        <line num="220" count="5" type="cond" truecount="4" falsecount="0"/>
        <line num="221" count="5" type="stmt"/>
        <line num="225" count="42" type="stmt"/>
        <line num="226" count="24" type="stmt"/>
        <line num="227" count="24" type="cond" truecount="1" falsecount="1"/>
        <line num="228" count="24" type="stmt"/>
        <line num="230" count="24" type="stmt"/>
        <line num="231" count="24" type="stmt"/>
        <line num="232" count="24" type="stmt"/>
        <line num="233" count="24" type="stmt"/>
        <line num="234" count="24" type="stmt"/>
        <line num="235" count="24" type="stmt"/>
        <line num="236" count="24" type="stmt"/>
        <line num="237" count="24" type="stmt"/>
        <line num="238" count="24" type="stmt"/>
        <line num="239" count="24" type="stmt"/>
        <line num="248" count="42" type="stmt"/>
        <line num="250" count="6" type="cond" truecount="2" falsecount="0"/>
        <line num="251" count="5" type="cond" truecount="5" falsecount="0"/>
        <line num="253" count="2" type="stmt"/>
        <line num="254" count="2" type="stmt"/>
        <line num="255" count="2" type="stmt"/>
        <line num="257" count="3" type="cond" truecount="2" falsecount="2"/>
        <line num="260" count="3" type="cond" truecount="2" falsecount="0"/>
        <line num="261" count="1" type="stmt"/>
        <line num="263" count="2" type="cond" truecount="1" falsecount="1"/>
        <line num="264" count="2" type="stmt"/>
        <line num="265" count="2" type="stmt"/>
        <line num="270" count="2" type="stmt"/>
        <line num="275" count="1" type="cond" truecount="2" falsecount="2"/>
        <line num="276" count="1" type="stmt"/>
        <line num="277" count="1" type="stmt"/>
        <line num="283" count="1" type="stmt"/>
        <line num="284" count="1" type="stmt"/>
        <line num="287" count="24" type="stmt"/>
        <line num="288" count="24" type="stmt"/>
        <line num="289" count="24" type="stmt"/>
        <line num="290" count="24" type="stmt"/>
        <line num="291" count="24" type="stmt"/>
        <line num="292" count="24" type="stmt"/>
        <line num="293" count="24" type="stmt"/>
        <line num="302" count="42" type="stmt"/>
        <line num="303" count="26" type="cond" truecount="2" falsecount="0"/>
        <line num="306" count="1" type="stmt"/>
        <line num="307" count="1" type="cond" truecount="1" falsecount="1"/>
        <line num="308" count="1" type="stmt"/>
        <line num="316" count="1" type="stmt"/>
        <line num="320" count="1" type="stmt"/>
        <line num="321" count="1" type="stmt"/>
        <line num="327" count="1" type="stmt"/>
        <line num="335" count="1" type="stmt"/>
        <line num="336" count="1" type="stmt"/>
        <line num="337" count="1" type="stmt"/>
        <line num="338" count="1" type="stmt"/>
        <line num="339" count="1" type="stmt"/>
        <line num="340" count="1" type="stmt"/>
        <line num="341" count="1" type="stmt"/>
        <line num="348" count="2" type="stmt"/>
        <line num="349" count="2" type="cond" truecount="1" falsecount="1"/>
        <line num="350" count="2" type="stmt"/>
        <line num="351" count="2" type="stmt"/>
        <line num="352" count="2" type="stmt"/>
        <line num="353" count="2" type="stmt"/>
        <line num="354" count="2" type="stmt"/>
        <line num="355" count="2" type="stmt"/>
        <line num="375" count="3" type="cond" truecount="4" falsecount="0"/>
        <line num="376" count="2" type="stmt"/>
        <line num="377" count="2" type="stmt"/>
        <line num="378" count="2" type="stmt"/>
        <line num="385" count="42" type="stmt"/>
        <line num="386" count="32" type="cond" truecount="2" falsecount="0"/>
        <line num="389" count="4" type="cond" truecount="1" falsecount="1"/>
        <line num="390" count="4" type="stmt"/>
        <line num="391" count="4" type="cond" truecount="1" falsecount="1"/>
        <line num="392" count="4" type="stmt"/>
        <line num="394" count="4" type="cond" truecount="2" falsecount="0"/>
        <line num="395" count="1" type="stmt"/>
        <line num="396" count="1" type="cond" truecount="1" falsecount="1"/>
        <line num="397" count="1" type="stmt"/>
        <line num="398" count="1" type="stmt"/>
        <line num="399" count="1" type="stmt"/>
        <line num="400" count="1" type="stmt"/>
        <line num="403" count="1" type="stmt"/>
        <line num="404" count="1" type="stmt"/>
        <line num="407" count="3" type="cond" truecount="2" falsecount="0"/>
        <line num="408" count="1" type="stmt"/>
        <line num="409" count="1" type="cond" truecount="1" falsecount="1"/>
        <line num="410" count="1" type="stmt"/>
        <line num="411" count="1" type="stmt"/>
        <line num="412" count="1" type="cond" truecount="3" falsecount="1"/>
        <line num="413" count="1" type="stmt"/>
        <line num="414" count="1" type="stmt"/>
        <line num="415" count="1" type="stmt"/>
        <line num="416" count="1" type="cond" truecount="3" falsecount="1"/>
        <line num="417" count="1" type="stmt"/>
        <line num="421" count="1" type="stmt"/>
        <line num="422" count="1" type="cond" truecount="1" falsecount="1"/>
        <line num="423" count="1" type="stmt"/>
        <line num="425" count="1" type="stmt"/>
        <line num="438" count="1" type="stmt"/>
        <line num="439" count="1" type="stmt"/>
        <line num="444" count="5" type="cond" truecount="1" falsecount="1"/>
        <line num="445" count="5" type="stmt"/>
        <line num="446" count="5" type="cond" truecount="1" falsecount="1"/>
        <line num="447" count="5" type="stmt"/>
        <line num="449" count="5" type="cond" truecount="2" falsecount="0"/>
        <line num="450" count="1" type="stmt"/>
        <line num="454" count="1" type="cond" truecount="3" falsecount="2"/>
        <line num="455" count="1" type="stmt"/>
        <line num="456" count="1" type="stmt"/>
        <line num="458" count="4" type="cond" truecount="2" falsecount="0"/>
        <line num="459" count="2" type="stmt"/>
        <line num="460" count="2" type="stmt"/>
        <line num="463" count="5" type="cond" truecount="2" falsecount="0"/>
        <line num="468" count="3" type="stmt"/>
        <line num="469" count="3" type="stmt"/>
        <line num="475" count="3" type="stmt"/>
        <line num="476" count="3" type="stmt"/>
        <line num="477" count="3" type="stmt"/>
        <line num="485" count="0" type="stmt"/>
        <line num="486" count="0" type="stmt"/>
        <line num="487" count="0" type="stmt"/>
        <line num="488" count="0" type="stmt"/>
        <line num="489" count="0" type="stmt"/>
        <line num="490" count="0" type="stmt"/>
        <line num="491" count="0" type="stmt"/>
        <line num="494" count="5" type="stmt"/>
        <line num="495" count="5" type="stmt"/>
        <line num="496" count="5" type="stmt"/>
        <line num="497" count="5" type="stmt"/>
        <line num="498" count="5" type="stmt"/>
        <line num="499" count="5" type="stmt"/>
        <line num="500" count="5" type="stmt"/>
        <line num="501" count="5" type="stmt"/>
        <line num="502" count="5" type="stmt"/>
        <line num="529" count="11" type="cond" truecount="2" falsecount="0"/>
        <line num="530" count="9" type="stmt"/>
        <line num="531" count="9" type="stmt"/>
        <line num="532" count="9" type="stmt"/>
        <line num="533" count="9" type="cond" truecount="2" falsecount="0"/>
        <line num="534" count="5" type="stmt"/>
        <line num="535" count="5" type="stmt"/>
        <line num="537" count="9" type="stmt"/>
        <line num="538" count="9" type="cond" truecount="2" falsecount="0"/>
        <line num="539" count="3" type="stmt"/>
        <line num="540" count="3" type="stmt"/>
        <line num="541" count="3" type="cond" truecount="2" falsecount="0"/>
        <line num="542" count="3" type="stmt"/>
        <line num="544" count="6" type="cond" truecount="2" falsecount="0"/>
        <line num="549" count="5" type="stmt"/>
        <line num="552" count="2" type="cond" truecount="4" falsecount="0"/>
        <line num="553" count="1" type="stmt"/>
        <line num="554" count="1" type="stmt"/>
        <line num="555" count="1" type="stmt"/>
        <line num="556" count="1" type="stmt"/>
        <line num="557" count="1" type="stmt"/>
        <line num="559" count="1" type="stmt"/>
        <line num="562" count="42" type="stmt"/>
      </file>
      <file name="useViewPreferences.ts" path="/Users/marinamolarskybeck/Documents/GitHub/sightlines/src/app/hooks/useViewPreferences.ts">
        <metrics statements="26" coveredstatements="23" conditionals="28" coveredconditionals="26" methods="19" coveredmethods="13"/>
        <line num="4" count="1" type="stmt"/>
        <line num="11" count="1" type="stmt"/>
        <line num="12" count="1" type="stmt"/>
        <line num="13" count="1" type="stmt"/>
        <line num="14" count="1" type="stmt"/>
        <line num="15" count="1" type="stmt"/>
        <line num="16" count="1" type="stmt"/>
        <line num="50" count="1" type="stmt"/>
        <line num="65" count="18" type="stmt"/>
        <line num="66" count="18" type="stmt"/>
        <line num="67" count="18" type="cond" truecount="2" falsecount="0"/>
        <line num="69" count="10" type="stmt"/>
        <line num="70" count="10" type="stmt"/>
        <line num="112" count="1" type="stmt"/>
        <line num="123" count="27" type="stmt"/>
        <line num="125" count="27" type="stmt"/>
        <line num="126" count="27" type="stmt"/>
        <line num="129" count="27" type="stmt"/>
        <line num="139" count="2" type="stmt"/>
        <line num="141" count="2" type="stmt"/>
        <line num="146" count="2" type="stmt"/>
        <line num="151" count="2" type="stmt"/>
        <line num="156" count="0" type="stmt"/>
        <line num="158" count="0" type="stmt"/>
        <line num="160" count="3" type="stmt"/>
        <line num="162" count="0" type="stmt"/>
      </file>
      <file name="useViewport2D.ts" path="/Users/marinamolarskybeck/Documents/GitHub/sightlines/src/app/hooks/useViewport2D.ts">
        <metrics statements="6" coveredstatements="6" conditionals="4" coveredconditionals="4" methods="3" coveredmethods="3"/>
        <line num="10" count="12" type="stmt"/>
        <line num="15" count="12" type="cond" truecount="2" falsecount="0"/>
        <line num="17" count="12" type="stmt"/>
        <line num="18" count="3" type="stmt"/>
        <line num="24" count="12" type="cond" truecount="2" falsecount="0"/>
        <line num="25" count="12" type="stmt"/>
      </file>
    </package>
    <package name="app.store">
      <metrics statements="128" coveredstatements="126" conditionals="116" coveredconditionals="100" methods="33" coveredmethods="33"/>
      <file name="arrangeSlice.ts" path="/Users/marinamolarskybeck/Documents/GitHub/sightlines/src/app/store/arrangeSlice.ts">
        <metrics statements="112" coveredstatements="110" conditionals="88" coveredconditionals="72" methods="25" coveredmethods="25"/>
        <line num="104" count="2" type="stmt"/>
        <line num="115" count="2" type="cond" truecount="1" falsecount="1"/>
        <line num="116" count="2" type="stmt"/>
        <line num="117" count="6" type="stmt"/>
        <line num="129" count="181" type="stmt"/>
        <line num="149" count="18" type="stmt"/>
        <line num="150" count="18" type="cond" truecount="1" falsecount="1"/>
        <line num="152" count="18" type="cond" truecount="2" falsecount="0"/>
        <line num="153" count="3" type="stmt"/>
        <line num="154" count="3" type="stmt"/>
        <line num="160" count="15" type="stmt"/>
        <line num="161" count="21" type="stmt"/>
        <line num="162" count="21" type="stmt"/>
        <line num="163" count="21" type="cond" truecount="3" falsecount="1"/>
        <line num="164" count="21" type="stmt"/>
        <line num="169" count="15" type="cond" truecount="2" falsecount="0"/>
        <line num="170" count="3" type="stmt"/>
        <line num="171" count="3" type="stmt"/>
        <line num="174" count="12" type="stmt"/>
        <line num="175" count="31" type="stmt"/>
        <line num="176" count="31" type="stmt"/>
        <line num="182" count="12" type="stmt"/>
        <line num="186" count="12" type="cond" truecount="2" falsecount="0"/>
        <line num="188" count="10" type="stmt"/>
        <line num="189" count="10" type="stmt"/>
        <line num="191" count="2" type="cond" truecount="1" falsecount="1"/>
        <line num="193" count="2" type="stmt"/>
        <line num="197" count="0" type="stmt"/>
        <line num="198" count="0" type="stmt"/>
        <line num="206" count="114" type="cond" truecount="2" falsecount="0"/>
        <line num="207" count="7" type="cond" truecount="2" falsecount="0"/>
        <line num="208" count="1" type="stmt"/>
        <line num="212" count="181" type="stmt"/>
        <line num="214" count="43" type="stmt"/>
        <line num="215" count="43" type="cond" truecount="1" falsecount="1"/>
        <line num="220" count="43" type="stmt"/>
        <line num="221" count="43" type="stmt"/>
        <line num="222" count="115" type="stmt"/>
        <line num="224" count="43" type="cond" truecount="2" falsecount="0"/>
        <line num="230" count="42" type="stmt"/>
        <line num="231" count="130" type="cond" truecount="2" falsecount="0"/>
        <line num="233" count="42" type="cond" truecount="2" falsecount="0"/>
        <line num="235" count="107" type="stmt"/>
        <line num="236" count="38" type="cond" truecount="2" falsecount="0"/>
        <line num="238" count="105" type="stmt"/>
        <line num="243" count="37" type="stmt"/>
        <line num="244" count="37" type="cond" truecount="4" falsecount="0"/>
        <line num="248" count="2" type="stmt"/>
        <line num="249" count="2" type="stmt"/>
        <line num="252" count="35" type="stmt"/>
        <line num="253" count="35" type="stmt"/>
        <line num="255" count="35" type="cond" truecount="1" falsecount="1"/>
        <line num="261" count="35" type="stmt"/>
        <line num="263" count="115" type="cond" truecount="2" falsecount="0"/>
        <line num="265" count="35" type="stmt"/>
        <line num="270" count="35" type="cond" truecount="2" falsecount="0"/>
        <line num="271" count="43" type="cond" truecount="4" falsecount="0"/>
        <line num="273" count="43" type="stmt"/>
        <line num="274" count="43" type="stmt"/>
        <line num="275" count="43" type="stmt"/>
        <line num="276" count="99" type="stmt"/>
        <line num="277" count="99" type="stmt"/>
        <line num="280" count="35" type="stmt"/>
        <line num="301" count="4" type="stmt"/>
        <line num="302" count="4" type="cond" truecount="2" falsecount="0"/>
        <line num="303" count="3" type="stmt"/>
        <line num="308" count="1" type="stmt"/>
        <line num="315" count="6" type="stmt"/>
        <line num="317" count="6" type="stmt"/>
        <line num="318" count="6" type="cond" truecount="2" falsecount="0"/>
        <line num="319" count="3" type="stmt"/>
        <line num="322" count="3" type="cond" truecount="1" falsecount="1"/>
        <line num="323" count="3" type="stmt"/>
        <line num="325" count="3" type="stmt"/>
        <line num="333" count="3" type="stmt"/>
        <line num="334" count="3" type="cond" truecount="2" falsecount="0"/>
        <line num="335" count="2" type="stmt"/>
        <line num="339" count="25" type="stmt"/>
        <line num="340" count="25" type="stmt"/>
        <line num="341" count="25" type="cond" truecount="3" falsecount="1"/>
        <line num="343" count="25" type="stmt"/>
        <line num="344" count="25" type="stmt"/>
        <line num="346" count="25" type="cond" truecount="1" falsecount="1"/>
        <line num="351" count="25" type="stmt"/>
        <line num="352" count="86" type="stmt"/>
        <line num="354" count="73" type="stmt"/>
        <line num="355" count="73" type="cond" truecount="1" falsecount="1"/>
        <line num="365" count="25" type="cond" truecount="3" falsecount="1"/>
        <line num="368" count="25" type="cond" truecount="2" falsecount="0"/>
        <line num="369" count="2" type="stmt"/>
        <line num="378" count="23" type="cond" truecount="2" falsecount="0"/>
        <line num="382" count="1" type="stmt"/>
        <line num="388" count="22" type="cond" truecount="2" falsecount="0"/>
        <line num="391" count="22" type="stmt"/>
        <line num="393" count="25" type="cond" truecount="1" falsecount="1"/>
        <line num="396" count="25" type="stmt"/>
        <line num="397" count="25" type="stmt"/>
        <line num="398" count="73" type="stmt"/>
        <line num="399" count="73" type="cond" truecount="1" falsecount="1"/>
        <line num="403" count="25" type="cond" truecount="4" falsecount="0"/>
        <line num="405" count="25" type="stmt"/>
        <line num="413" count="3" type="stmt"/>
        <line num="414" count="3" type="cond" truecount="1" falsecount="1"/>
        <line num="416" count="3" type="stmt"/>
        <line num="417" count="3" type="stmt"/>
        <line num="418" count="3" type="stmt"/>
        <line num="419" count="6" type="cond" truecount="1" falsecount="1"/>
        <line num="420" count="6" type="stmt"/>
        <line num="423" count="3" type="stmt"/>
        <line num="430" count="8" type="stmt"/>
        <line num="434" count="3" type="stmt"/>
        <line num="438" count="181" type="stmt"/>
      </file>
      <file name="selectionSlice.ts" path="/Users/marinamolarskybeck/Documents/GitHub/sightlines/src/app/store/selectionSlice.ts">
        <metrics statements="16" coveredstatements="16" conditionals="28" coveredconditionals="28" methods="8" coveredmethods="8"/>
        <line num="19" count="2" type="stmt"/>
        <line num="21" count="2" type="stmt"/>
        <line num="24" count="106" type="cond" truecount="2" falsecount="0"/>
        <line num="28" count="17" type="cond" truecount="2" falsecount="0"/>
        <line num="32" count="25" type="stmt"/>
        <line num="33" count="33" type="cond" truecount="2" falsecount="0"/>
        <line num="34" count="2" type="stmt"/>
        <line num="42" count="25" type="cond" truecount="2" falsecount="0"/>
        <line num="43" count="19" type="cond" truecount="5" falsecount="0"/>
        <line num="44" count="11" type="stmt"/>
        <line num="45" count="11" type="cond" truecount="2" falsecount="0"/>
        <line num="51" count="27" type="cond" truecount="5" falsecount="0"/>
        <line num="52" count="14" type="stmt"/>
        <line num="53" count="14" type="cond" truecount="4" falsecount="0"/>
        <line num="71" count="518" type="cond" truecount="4" falsecount="0"/>
        <line num="72" count="518" type="stmt"/>
      </file>
    </package>
    <package name="domain">
      <metrics statements="6" coveredstatements="6" conditionals="0" coveredconditionals="0" methods="1" coveredmethods="1"/>
      <file name="newProject.ts" path="/Users/marinamolarskybeck/Documents/GitHub/sightlines/src/domain/newProject.ts">
[...]
        <line num="71" count="44" type="stmt"/>
        <line num="72" count="44" type="stmt"/>
        <line num="74" count="44" type="stmt"/>
        <line num="75" count="88" type="stmt"/>
        <line num="76" count="88" type="stmt"/>
        <line num="77" count="724" type="cond" truecount="2" falsecount="0"/>
        <line num="81" count="88" type="stmt"/>
        <line num="82" count="1446" type="cond" truecount="2" falsecount="0"/>
        <line num="83" count="724" type="stmt"/>
        <line num="84" count="724" type="stmt"/>
        <line num="86" count="15" type="stmt"/>
        <line num="87" count="15" type="cond" truecount="2" falsecount="0"/>
        <line num="89" count="1" type="stmt"/>
        <line num="90" count="1" type="cond" truecount="1" falsecount="1"/>
        <line num="92" count="1" type="stmt"/>
        <line num="95" count="88" type="stmt"/>
        <line num="96" count="88" type="cond" truecount="2" falsecount="0"/>
        <line num="98" count="32" type="cond" truecount="2" falsecount="0"/>
        <line num="99" count="88" type="cond" truecount="2" falsecount="0"/>
        <line num="100" count="16" type="stmt"/>
        <line num="102" count="16" type="stmt"/>
        <line num="105" count="32" type="stmt"/>
        <line num="111" count="32" type="stmt"/>
        <line num="114" count="44" type="stmt"/>
        <line num="126" count="724" type="cond" truecount="2" falsecount="0"/>
      </file>
    </package>
    <package name="domain.units">
      <metrics statements="200" coveredstatements="194" conditionals="194" coveredconditionals="182" methods="39" coveredmethods="38"/>
      <file name="aspectFill.ts" path="/Users/marinamolarskybeck/Documents/GitHub/sightlines/src/domain/units/aspectFill.ts">
        <metrics statements="24" coveredstatements="24" conditionals="30" coveredconditionals="28" methods="4" coveredmethods="4"/>
        <line num="18" count="1" type="stmt"/>
        <line num="23" count="21" type="stmt"/>
        <line num="24" count="21" type="cond" truecount="4" falsecount="0"/>
        <line num="25" count="16" type="cond" truecount="4" falsecount="0"/>
        <line num="26" count="14" type="stmt"/>
        <line num="37" count="4" type="cond" truecount="3" falsecount="1"/>
        <line num="38" count="4" type="cond" truecount="3" falsecount="1"/>
        <line num="39" count="4" type="stmt"/>
        <line num="48" count="10" type="cond" truecount="2" falsecount="0"/>
        <line num="50" count="5" type="stmt"/>
        <line num="51" count="5" type="cond" truecount="2" falsecount="0"/>
        <line num="52" count="4" type="stmt"/>
        <line num="73" count="10" type="stmt"/>
        <line num="75" count="10" type="stmt"/>
        <line num="76" count="10" type="cond" truecount="2" falsecount="0"/>
        <line num="78" count="9" type="cond" truecount="2" falsecount="0"/>
        <line num="79" count="10" type="stmt"/>
        <line num="81" count="10" type="cond" truecount="2" falsecount="0"/>
        <line num="82" count="5" type="stmt"/>
        <line num="83" count="4" type="cond" truecount="2" falsecount="0"/>
        <line num="84" count="2" type="stmt"/>
        <line num="91" count="7" type="cond" truecount="2" falsecount="0"/>
        <line num="92" count="10" type="stmt"/>
        <line num="94" count="10" type="stmt"/>
      </file>
      <file name="conversionHint.ts" path="/Users/marinamolarskybeck/Documents/GitHub/sightlines/src/domain/units/conversionHint.ts">
        <metrics statements="27" coveredstatements="27" conditionals="20" coveredconditionals="19" methods="2" coveredmethods="2"/>
        <line num="9" count="53" type="stmt"/>
        <line num="10" count="53" type="cond" truecount="2" falsecount="0"/>
        <line num="11" count="11" type="stmt"/>
        <line num="14" count="42" type="stmt"/>
        <line num="15" count="42" type="cond" truecount="2" falsecount="0"/>
        <line num="16" count="3" type="stmt"/>
        <line num="19" count="39" type="stmt"/>
        <line num="21" count="39" type="stmt"/>
        <line num="22" count="78" type="stmt"/>
        <line num="30" count="39" type="stmt"/>
        <line num="31" count="39" type="stmt"/>
        <line num="33" count="39" type="cond" truecount="2" falsecount="0"/>
        <line num="34" count="19" type="stmt"/>
        <line num="38" count="20" type="cond" truecount="2" falsecount="0"/>
        <line num="39" count="18" type="stmt"/>
        <line num="42" count="18" type="stmt"/>
        <line num="43" count="18" type="cond" truecount="2" falsecount="0"/>
        <line num="44" count="14" type="stmt"/>
        <line num="45" count="4" type="cond" truecount="2" falsecount="0"/>
        <line num="46" count="1" type="stmt"/>
        <line num="47" count="3" type="cond" truecount="2" falsecount="0"/>
        <line num="48" count="1" type="stmt"/>
        <line num="52" count="18" type="cond" truecount="2" falsecount="0"/>
        <line num="53" count="16" type="cond" truecount="1" falsecount="1"/>
        <line num="57" count="16" type="cond" truecount="2" falsecount="0"/>
        <line num="58" count="12" type="stmt"/>
        <line num="63" count="8" type="stmt"/>
      </file>
      <file name="length.ts" path="/Users/marinamolarskybeck/Documents/GitHub/sightlines/src/domain/units/length.ts">
        <metrics statements="90" coveredstatements="84" conditionals="80" coveredconditionals="71" methods="16" coveredmethods="15"/>
        <line num="15" count="20" type="stmt"/>
        <line num="16" count="20" type="stmt"/>
        <line num="19" count="423" type="stmt"/>
        <line num="23" count="2710" type="stmt"/>
        <line num="27" count="106" type="stmt"/>
        <line num="31" count="37" type="stmt"/>
        <line num="35" count="66" type="stmt"/>
        <line num="39" count="0" type="stmt"/>
        <line num="46" count="63" type="stmt"/>
        <line num="48" count="63" type="cond" truecount="1" falsecount="1"/>
        <line num="49" count="0" type="stmt"/>
        <line num="52" count="63" type="stmt"/>
        <line num="56" count="63" type="cond" truecount="2" falsecount="0"/>
        <line num="61" count="9" type="stmt"/>
        <line num="62" count="9" type="stmt"/>
        <line num="63" count="9" type="cond" truecount="2" falsecount="0"/>
        <line num="64" count="9" type="cond" truecount="2" falsecount="0"/>
        <line num="65" count="9" type="cond" truecount="2" falsecount="0"/>
        <line num="67" count="9" type="cond" truecount="1" falsecount="1"/>
        <line num="68" count="0" type="stmt"/>
        <line num="72" count="9" type="stmt"/>
        <line num="74" count="9" type="cond" truecount="2" falsecount="0"/>
        <line num="77" count="54" type="stmt"/>
        <line num="81" count="54" type="cond" truecount="2" falsecount="0"/>
        <line num="85" count="5" type="cond" truecount="2" falsecount="0"/>
        <line num="86" count="5" type="stmt"/>
        <line num="87" count="5" type="stmt"/>
        <line num="88" count="5" type="stmt"/>
        <line num="89" count="5" type="stmt"/>
        <line num="91" count="5" type="cond" truecount="1" falsecount="1"/>
        <line num="92" count="0" type="stmt"/>
        <line num="95" count="5" type="stmt"/>
        <line num="97" count="5" type="cond" truecount="2" falsecount="0"/>
        <line num="100" count="49" type="stmt"/>
        <line num="104" count="49" type="cond" truecount="2" falsecount="0"/>
        <line num="105" count="24" type="stmt"/>
        <line num="106" count="24" type="stmt"/>
        <line num="108" count="24" type="stmt"/>
        <line num="111" count="25" type="stmt"/>
        <line num="113" count="25" type="cond" truecount="2" falsecount="0"/>
        <line num="114" count="21" type="stmt"/>
        <line num="120" count="4" type="stmt"/>
        <line num="124" count="69" type="stmt"/>
        <line num="126" count="69" type="cond" truecount="4" falsecount="0"/>
        <line num="127" count="68" type="stmt"/>
        <line num="130" count="1" type="stmt"/>
        <line num="138" count="70" type="cond" truecount="2" falsecount="0"/>
        <line num="139" count="10" type="cond" truecount="2" falsecount="0"/>
        <line num="142" count="60" type="cond" truecount="2" falsecount="0"/>
        <line num="143" count="56" type="cond" truecount="2" falsecount="0"/>
        <line num="146" count="4" type="cond" truecount="2" falsecount="0"/>
        <line num="147" count="3" type="cond" truecount="2" falsecount="0"/>
        <line num="150" count="1" type="cond" truecount="2" falsecount="0"/>
        <line num="154" count="45" type="cond" truecount="4" falsecount="1"/>
        <line num="156" count="0" type="stmt"/>
        <line num="158" count="7" type="stmt"/>
        <line num="160" count="1" type="stmt"/>
        <line num="162" count="3" type="stmt"/>
        <line num="164" count="34" type="stmt"/>
        <line num="169" count="24" type="cond" truecount="3" falsecount="1"/>
        <line num="170" count="24" type="cond" truecount="4" falsecount="0"/>
        <line num="171" count="18" type="cond" truecount="3" falsecount="1"/>
        <line num="172" count="18" type="cond" truecount="4" falsecount="1"/>
        <line num="173" count="18" type="stmt"/>
        <line num="177" count="10" type="cond" truecount="2" falsecount="0"/>
        <line num="178" count="10" type="stmt"/>
        <line num="179" count="10" type="stmt"/>
        <line num="180" count="10" type="stmt"/>
        <line num="182" count="10" type="stmt"/>
        <line num="184" count="10" type="cond" truecount="2" falsecount="0"/>
        <line num="185" count="1" type="stmt"/>
        <line num="186" count="1" type="stmt"/>
        <line num="188" count="9" type="stmt"/>
        <line num="191" count="10" type="stmt"/>
        <line num="193" count="10" type="cond" truecount="1" falsecount="1"/>
        <line num="194" count="0" type="stmt"/>
        <line num="197" count="10" type="cond" truecount="2" falsecount="0"/>
        <line num="198" count="2" type="stmt"/>
        <line num="201" count="8" type="stmt"/>
        <line num="205" count="66" type="stmt"/>
        <line num="206" count="66" type="stmt"/>
        <line num="207" count="66" type="stmt"/>
        <line num="209" count="66" type="cond" truecount="2" falsecount="0"/>
        <line num="210" count="57" type="stmt"/>
        <line num="213" count="9" type="stmt"/>
        <line num="214" count="9" type="stmt"/>
        <line num="216" count="9" type="cond" truecount="1" falsecount="1"/>
        <line num="220" count="76" type="stmt"/>
        <line num="224" count="4" type="stmt"/>
        <line num="228" count="42" type="cond" truecount="2" falsecount="0"/>
      </file>
      <file name="precision.ts" path="/Users/marinamolarskybeck/Documents/GitHub/sightlines/src/domain/units/precision.ts">
        <metrics statements="35" coveredstatements="35" conditionals="38" coveredconditionals="38" methods="13" coveredmethods="13"/>
        <line num="20" count="6" type="stmt"/>
        <line num="31" count="6" type="stmt"/>
        <line num="42" count="72" type="cond" truecount="2" falsecount="0"/>
        <line num="53" count="6" type="stmt"/>
        <line num="60" count="6" type="stmt"/>
        <line num="67" count="10" type="cond" truecount="2" falsecount="0"/>
        <line num="78" count="6" type="stmt"/>
        <line num="82" count="6" type="stmt"/>
        <line num="85" count="82" type="cond" truecount="2" falsecount="0"/>
        <line num="92" count="378" type="stmt"/>
        <line num="119" count="50" type="cond" truecount="2" falsecount="0"/>
        <line num="120" count="50" type="stmt"/>
        <line num="122" count="50" type="stmt"/>
        <line num="123" count="50" type="cond" truecount="4" falsecount="0"/>
        <line num="124" count="3" type="stmt"/>
        <line num="127" count="47" type="stmt"/>
        <line num="128" count="169" type="stmt"/>
        <line num="130" count="47" type="cond" truecount="2" falsecount="0"/>
        <line num="133" count="50" type="stmt"/>
        <line num="134" count="50" type="stmt"/>
        <line num="136" count="50" type="cond" truecount="4" falsecount="0"/>
        <line num="137" count="29" type="stmt"/>
        <line num="140" count="21" type="cond" truecount="2" falsecount="0"/>
        <line num="141" count="10" type="stmt"/>
        <line num="147" count="39" type="stmt"/>
        <line num="148" count="11" type="cond" truecount="2" falsecount="0"/>
        <line num="160" count="22" type="stmt"/>
        <line num="161" count="85" type="stmt"/>
        <line num="164" count="22" type="cond" truecount="2" falsecount="0"/>
        <line num="174" count="347" type="cond" truecount="4" falsecount="0"/>
        <line num="175" count="346" type="cond" truecount="4" falsecount="0"/>
        <line num="177" count="338" type="stmt"/>
        <line num="192" count="27" type="cond" truecount="5" falsecount="0"/>
        <line num="193" count="3" type="stmt"/>
        <line num="196" count="24" type="stmt"/>
      </file>
      <file name="unitSystem.ts" path="/Users/marinamolarskybeck/Documents/GitHub/sightlines/src/domain/units/unitSystem.ts">
        <metrics statements="24" coveredstatements="24" conditionals="26" coveredconditionals="26" methods="4" coveredmethods="4"/>
        <line num="8" count="4" type="cond" truecount="4" falsecount="0"/>
        <line num="12" count="2" type="cond" truecount="2" falsecount="0"/>
        <line num="16" count="8" type="cond" truecount="2" falsecount="0"/>
        <line num="17" count="4" type="cond" truecount="4" falsecount="0"/>
        <line num="19" count="1" type="stmt"/>
        <line num="21" count="1" type="stmt"/>
        <line num="25" count="1" type="stmt"/>
        <line num="27" count="1" type="stmt"/>
        <line num="30" count="4" type="cond" truecount="4" falsecount="0"/>
        <line num="32" count="1" type="stmt"/>
        <line num="34" count="1" type="stmt"/>
        <line num="36" count="1" type="stmt"/>
        <line num="38" count="1" type="stmt"/>
        <line num="47" count="8" type="cond" truecount="2" falsecount="0"/>
        <line num="48" count="4" type="cond" truecount="4" falsecount="0"/>
        <line num="50" count="1" type="stmt"/>
        <line num="52" count="1" type="stmt"/>
        <line num="54" count="1" type="stmt"/>
        <line num="56" count="1" type="stmt"/>
        <line num="59" count="4" type="cond" truecount="4" falsecount="0"/>
        <line num="61" count="1" type="stmt"/>
        <line num="63" count="1" type="stmt"/>
        <line num="65" count="1" type="stmt"/>
        <line num="67" count="1" type="stmt"/>
      </file>
    </package>
    <package name="domain.viewport">
      <metrics statements="37" coveredstatements="37" conditionals="26" coveredconditionals="26" methods="7" coveredmethods="7"/>
      <file name="viewport2d.ts" path="/Users/marinamolarskybeck/Documents/GitHub/sightlines/src/domain/viewport/viewport2d.ts">
        <metrics statements="37" coveredstatements="37" conditionals="26" coveredconditionals="26" methods="7" coveredmethods="7"/>
        <line num="10" count="5" type="stmt"/>
        <line num="20" count="5" type="stmt"/>
        <line num="21" count="5" type="stmt"/>
        <line num="22" count="5" type="stmt"/>
        <line num="23" count="5" type="stmt"/>
        <line num="32" count="202" type="stmt"/>
        <line num="33" count="202" type="cond" truecount="2" falsecount="0"/>
        <line num="35" count="200" type="cond" truecount="2" falsecount="0"/>
        <line num="36" count="202" type="cond" truecount="2" falsecount="0"/>
        <line num="37" count="202" type="cond" truecount="2" falsecount="0"/>
        <line num="39" count="202" type="stmt"/>
        <line num="40" count="202" type="stmt"/>
        <line num="41" count="202" type="stmt"/>
        <line num="42" count="202" type="stmt"/>
        <line num="54" count="136" type="stmt"/>
        <line num="55" count="136" type="cond" truecount="2" falsecount="0"/>
        <line num="57" count="133" type="stmt"/>
        <line num="61" count="133" type="stmt"/>
        <line num="62" count="133" type="stmt"/>
        <line num="76" count="43" type="stmt"/>
        <line num="77" count="43" type="cond" truecount="2" falsecount="0"/>
        <line num="78" count="43" type="stmt"/>
        <line num="79" count="43" type="cond" truecount="4" falsecount="0"/>
        <line num="80" count="40" type="stmt"/>
        <line num="81" count="40" type="stmt"/>
        <line num="82" count="40" type="stmt"/>
        <line num="83" count="40" type="stmt"/>
        <line num="100" count="26" type="stmt"/>
        <line num="101" count="26" type="cond" truecount="2" falsecount="0"/>
        <line num="102" count="25" type="stmt"/>
        <line num="131" count="5" type="stmt"/>
        <line num="132" count="5" type="stmt"/>
        <line num="143" count="3" type="stmt"/>
        <line num="144" count="3" type="stmt"/>
        <line num="145" count="3" type="cond" truecount="4" falsecount="0"/>
        <line num="146" count="2" type="stmt"/>
        <line num="155" count="170" type="cond" truecount="2" falsecount="0"/>
      </file>
    </package>
    <package name="test">
      <metrics statements="40" coveredstatements="35" conditionals="15" coveredconditionals="10" methods="17" coveredmethods="14"/>
      <file name="inMemoryRepositories.ts" path="/Users/marinamolarskybeck/Documents/GitHub/sightlines/src/test/inMemoryRepositories.ts">
        <metrics statements="40" coveredstatements="35" conditionals="15" coveredconditionals="10" methods="17" coveredmethods="14"/>
        <line num="10" count="169" type="stmt"/>
        <line num="13" count="12" type="stmt"/>
        <line num="14" count="12" type="cond" truecount="1" falsecount="1"/>
        <line num="15" count="12" type="stmt"/>
        <line num="19" count="698" type="stmt"/>
        <line num="20" count="698" type="stmt"/>
        <line num="24" count="180" type="stmt"/>
        <line num="25" count="12" type="stmt"/>
        <line num="26" count="1" type="stmt"/>
        <line num="30" count="3" type="stmt"/>
        <line num="38" count="168" type="stmt"/>
        <line num="41" count="501" type="stmt"/>
        <line num="45" count="0" type="stmt"/>
        <line num="46" count="0" type="cond" truecount="0" falsecount="2"/>
        <line num="47" count="0" type="stmt"/>
        <line num="51" count="324" type="stmt"/>
        <line num="52" count="324" type="stmt"/>
        <line num="56" count="0" type="stmt"/>
        <line num="64" count="168" type="stmt"/>
        <line num="65" count="168" type="stmt"/>
        <line num="71" count="202" type="stmt"/>
        <line num="72" count="202" type="stmt"/>
        <line num="73" count="202" type="stmt"/>
        <line num="74" count="202" type="stmt"/>
        <line num="75" count="202" type="stmt"/>
        <line num="79" count="146" type="stmt"/>
        <line num="80" count="146" type="cond" truecount="1" falsecount="1"/>
        <line num="81" count="146" type="stmt"/>
        <line num="85" count="6" type="stmt"/>
        <line num="86" count="6" type="cond" truecount="1" falsecount="1"/>
        <line num="87" count="6" type="stmt"/>
        <line num="91" count="0" type="stmt"/>
        <line num="100" count="177" type="stmt"/>
        <line num="107" count="177" type="cond" truecount="1" falsecount="0"/>
        <line num="108" count="177" type="cond" truecount="1" falsecount="0"/>
        <line num="112" count="209" type="stmt"/>
        <line num="114" count="209" type="cond" truecount="2" falsecount="0"/>
        <line num="115" count="1" type="stmt"/>
        <line num="118" count="208" type="stmt"/>
        <line num="131" count="210" type="stmt"/>
      </file>
    </package>
  </project>
</coverage>
