{"/Users/marinamolarskybeck/Documents/GitHub/sightlines/src/app/projectWalls.ts": {"path":"/Users/marinamolarskybeck/Documents/GitHub/sightlines/src/app/projectWalls.ts","statementMap":{"0":{"start":{"line":5,"column":2},"end":{"line":7,"column":null}},"1":{"start":{"line":5,"column":38},"end":{"line":6,"column":null}},"2":{"start":{"line":11,"column":16},"end":{"line":11,"column":null}},"3":{"start":{"line":12,"column":2},"end":{"line":12,"column":null}},"4":{"start":{"line":16,"column":2},"end":{"line":16,"column":null}}},"fnMap":{"0":{"name":"getProjectWalls","decl":{"start":{"line":4,"column":16},"end":{"line":4,"column":32}},"loc":{"start":{"line":4,"column":50},"end":{"line":8,"column":null}},"line":4},"1":{"name":"(anonymous_1)","decl":{"start":{"line":5,"column":37},"end":{"line":5,"column":38}},"loc":{"start":{"line":5,"column":38},"end":{"line":6,"column":null}},"line":5},"2":{"name":"getSelectedWall","decl":{"start":{"line":10,"column":16},"end":{"line":10,"column":32}},"loc":{"start":{"line":10,"column":81},"end":{"line":13,"column":null}},"line":10},"3":{"name":"getFirstWall","decl":{"start":{"line":15,"column":16},"end":{"line":15,"column":29}},"loc":{"start":{"line":15,"column":60},"end":{"line":17,"column":null}},"line":15}},"branchMap":{"0":{"loc":{"start":{"line":12,"column":9},"end":{"line":12,"column":null}},"type":"binary-expr","locations":[{"start":{"line":12,"column":9},"end":{"line":12,"column":61}},{"start":{"line":12,"column":61},"end":{"line":12,"column":73}},{"start":{"line":12,"column":73},"end":{"line":12,"column":null}}],"line":12},"1":{"loc":{"start":{"line":16,"column":9},"end":{"line":16,"column":null}},"type":"binary-expr","locations":[{"start":{"line":16,"column":9},"end":{"line":16,"column":50}},{"start":{"line":16,"column":50},"end":{"line":16,"column":null}}],"line":16}},"s":{"0":474,"1":478,"2":216,"3":216,"4":192},"f":{"0":474,"1":478,"2":216,"3":192},"b":{"0":[216,0,0],"1":[192,7]},"meta":{"lastBranch":2,"lastFunction":4,"lastStatement":5,"seen":{"f:4:16:4:32":0,"s:5:2:7:Infinity":0,"f:5:37:5:38":1,"s:5:38:6:Infinity":1,"f:10:16:10:32":2,"s:11:16:11:Infinity":2,"s:12:2:12:Infinity":3,"b:12:9:12:61:12:61:12:73:12:73:12:Infinity":0,"f:15:16:15:29":3,"s:16:2:16:Infinity":4,"b:16:9:16:50:16:50:16:Infinity":1},"fnNames":{}}}
,"/Users/marinamolarskybeck/Documents/GitHub/sightlines/src/app/store.ts": {"path":"/Users/marinamolarskybeck/Documents/GitHub/sightlines/src/app/store.ts","statementMap":{"0":{"start":{"line":90,"column":25},"end":{"line":90,"column":null}},"1":{"start":{"line":98,"column":2},"end":{"line":98,"column":null}},"2":{"start":{"line":104,"column":2},"end":{"line":104,"column":null}},"3":{"start":{"line":245,"column":2},"end":{"line":1896,"column":null}},"4":{"start":{"line":247,"column":6},"end":{"line":247,"column":null}},"5":{"start":{"line":249,"column":6},"end":{"line":257,"column":null}},"6":{"start":{"line":250,"column":8},"end":{"line":250,"column":null}},"7":{"start":{"line":251,"column":8},"end":{"line":251,"column":null}},"8":{"start":{"line":253,"column":8},"end":{"line":256,"column":null}},"9":{"start":{"line":265,"column":6},"end":{"line":276,"column":null}},"10":{"start":{"line":289,"column":21},"end":{"line":289,"column":null}},"11":{"start":{"line":290,"column":6},"end":{"line":290,"column":null}},"12":{"start":{"line":290,"column":19},"end":{"line":290,"column":null}},"13":{"start":{"line":292,"column":20},"end":{"line":295,"column":null}},"14":{"start":{"line":297,"column":6},"end":{"line":297,"column":null}},"15":{"start":{"line":298,"column":6},"end":{"line":298,"column":null}},"16":{"start":{"line":305,"column":6},"end":{"line":313,"column":null}},"17":{"start":{"line":306,"column":8},"end":{"line":306,"column":null}},"18":{"start":{"line":307,"column":8},"end":{"line":307,"column":null}},"19":{"start":{"line":309,"column":8},"end":{"line":312,"column":null}},"20":{"start":{"line":319,"column":6},"end":{"line":330,"column":null}},"21":{"start":{"line":350,"column":22},"end":{"line":350,"column":null}},"22":{"start":{"line":351,"column":6},"end":{"line":351,"column":null}},"23":{"start":{"line":351,"column":20},"end":{"line":351,"column":null}},"24":{"start":{"line":356,"column":25},"end":{"line":358,"column":null}},"25":{"start":{"line":357,"column":8},"end":{"line":357,"column":null}},"26":{"start":{"line":357,"column":49},"end":{"line":357,"column":74}},"27":{"start":{"line":359,"column":6},"end":{"line":359,"column":null}},"28":{"start":{"line":359,"column":35},"end":{"line":359,"column":null}},"29":{"start":{"line":361,"column":23},"end":{"line":361,"column":null}},"30":{"start":{"line":361,"column":56},"end":{"line":361,"column":71}},"31":{"start":{"line":362,"column":33},"end":{"line":362,"column":null}},"32":{"start":{"line":363,"column":30},"end":{"line":370,"column":null}},"33":{"start":{"line":364,"column":21},"end":{"line":364,"column":null}},"34":{"start":{"line":365,"column":8},"end":{"line":367,"column":null}},"35":{"start":{"line":366,"column":10},"end":{"line":366,"column":null}},"36":{"start":{"line":368,"column":8},"end":{"line":368,"column":null}},"37":{"start":{"line":369,"column":8},"end":{"line":369,"column":null}},"38":{"start":{"line":371,"column":6},"end":{"line":371,"column":null}},"39":{"start":{"line":371,"column":33},"end":{"line":371,"column":null}},"40":{"start":{"line":375,"column":12},"end":{"line":378,"column":null}},"41":{"start":{"line":380,"column":6},"end":{"line":383,"column":null}},"42":{"start":{"line":380,"column":63},"end":{"line":380,"column":91}},"43":{"start":{"line":381,"column":8},"end":{"line":381,"column":null}},"44":{"start":{"line":382,"column":8},"end":{"line":382,"column":null}},"45":{"start":{"line":385,"column":20},"end":{"line":389,"column":null}},"46":{"start":{"line":390,"column":28},"end":{"line":390,"column":null}},"47":{"start":{"line":391,"column":6},"end":{"line":394,"column":null}},"48":{"start":{"line":395,"column":6},"end":{"line":395,"column":null}},"49":{"start":{"line":398,"column":10},"end":{"line":398,"column":null}},"50":{"start":{"line":399,"column":63},"end":{"line":399,"column":null}},"51":{"start":{"line":401,"column":4},"end":{"line":1895,"column":null}},"52":{"start":{"line":423,"column":41},"end":{"line":423,"column":null}},"53":{"start":{"line":424,"column":42},"end":{"line":424,"column":null}},"54":{"start":{"line":425,"column":8},"end":{"line":431,"column":null}},"55":{"start":{"line":426,"column":10},"end":{"line":426,"column":null}},"56":{"start":{"line":428,"column":10},"end":{"line":430,"column":null}},"57":{"start":{"line":433,"column":8},"end":{"line":456,"column":null}},"58":{"start":{"line":434,"column":28},"end":{"line":434,"column":null}},"59":{"start":{"line":435,"column":26},"end":{"line":437,"column":null}},"60":{"start":{"line":439,"column":10},"end":{"line":441,"column":null}},"61":{"start":{"line":440,"column":12},"end":{"line":440,"column":null}},"62":{"start":{"line":443,"column":10},"end":{"line":443,"column":null}},"63":{"start":{"line":449,"column":10},"end":{"line":455,"column":null}},"64":{"start":{"line":460,"column":8},"end":{"line":460,"column":null}},"65":{"start":{"line":461,"column":8},"end":{"line":461,"column":null}},"66":{"start":{"line":465,"column":8},"end":{"line":465,"column":null}},"67":{"start":{"line":470,"column":8},"end":{"line":470,"column":null}},"68":{"start":{"line":474,"column":8},"end":{"line":474,"column":null}},"69":{"start":{"line":475,"column":24},"end":{"line":475,"column":null}},"70":{"start":{"line":481,"column":10},"end":{"line":486,"column":null}},"71":{"start":{"line":482,"column":24},"end":{"line":482,"column":null}},"72":{"start":{"line":485,"column":24},"end":{"line":485,"column":null}},"73":{"start":{"line":487,"column":37},"end":{"line":489,"column":null}},"74":{"start":{"line":490,"column":8},"end":{"line":490,"column":null}},"75":{"start":{"line":494,"column":8},"end":{"line":494,"column":null}},"76":{"start":{"line":495,"column":24},"end":{"line":495,"column":null}},"77":{"start":{"line":496,"column":8},"end":{"line":496,"column":null}},"78":{"start":{"line":496,"column":22},"end":{"line":496,"column":null}},"79":{"start":{"line":501,"column":10},"end":{"line":502,"column":null}},"80":{"start":{"line":501,"column":47},"end":{"line":501,"column":73}},"81":{"start":{"line":502,"column":48},"end":{"line":502,"column":74}},"82":{"start":{"line":503,"column":8},"end":{"line":503,"column":null}},"83":{"start":{"line":503,"column":21},"end":{"line":503,"column":null}},"84":{"start":{"line":504,"column":8},"end":{"line":506,"column":null}},"85":{"start":{"line":514,"column":8},"end":{"line":514,"column":null}},"86":{"start":{"line":515,"column":8},"end":{"line":515,"column":null}},"87":{"start":{"line":527,"column":8},"end":{"line":527,"column":null}},"88":{"start":{"line":529,"column":24},"end":{"line":529,"column":null}},"89":{"start":{"line":530,"column":8},"end":{"line":530,"column":null}},"90":{"start":{"line":530,"column":22},"end":{"line":530,"column":null}},"91":{"start":{"line":533,"column":10},"end":{"line":534,"column":null}},"92":{"start":{"line":533,"column":47},"end":{"line":533,"column":63}},"93":{"start":{"line":534,"column":48},"end":{"line":534,"column":64}},"94":{"start":{"line":535,"column":8},"end":{"line":535,"column":null}},"95":{"start":{"line":535,"column":21},"end":{"line":535,"column":null}},"96":{"start":{"line":537,"column":14},"end":{"line":537,"column":null}},"97":{"start":{"line":538,"column":21},"end":{"line":542,"column":null}},"98":{"start":{"line":540,"column":45},"end":{"line":540,"column":62}},"99":{"start":{"line":544,"column":8},"end":{"line":544,"column":null}},"100":{"start":{"line":551,"column":8},"end":{"line":551,"column":null}},"101":{"start":{"line":553,"column":24},"end":{"line":553,"column":null}},"102":{"start":{"line":554,"column":8},"end":{"line":554,"column":null}},"103":{"start":{"line":554,"column":22},"end":{"line":554,"column":null}},"104":{"start":{"line":556,"column":21},"end":{"line":560,"column":null}},"105":{"start":{"line":558,"column":12},"end":{"line":559,"column":null}},"106":{"start":{"line":558,"column":49},"end":{"line":558,"column":65}},"107":{"start":{"line":559,"column":50},"end":{"line":559,"column":66}},"108":{"start":{"line":562,"column":8},"end":{"line":562,"column":null}},"109":{"start":{"line":566,"column":8},"end":{"line":566,"column":null}},"110":{"start":{"line":569,"column":8},"end":{"line":569,"column":null}},"111":{"start":{"line":569,"column":45},"end":{"line":569,"column":null}},"112":{"start":{"line":570,"column":8},"end":{"line":570,"column":null}},"113":{"start":{"line":574,"column":24},"end":{"line":574,"column":null}},"114":{"start":{"line":575,"column":24},"end":{"line":575,"column":null}},"115":{"start":{"line":576,"column":8},"end":{"line":576,"column":null}},"116":{"start":{"line":576,"column":75},"end":{"line":576,"column":null}},"117":{"start":{"line":578,"column":8},"end":{"line":581,"column":null}},"118":{"start":{"line":578,"column":56},"end":{"line":581,"column":10}},"119":{"start":{"line":585,"column":24},"end":{"line":585,"column":null}},"120":{"start":{"line":586,"column":24},"end":{"line":586,"column":null}},"121":{"start":{"line":587,"column":30},"end":{"line":589,"column":null}},"122":{"start":{"line":588,"column":25},"end":{"line":588,"column":null}},"123":{"start":{"line":590,"column":8},"end":{"line":590,"column":null}},"124":{"start":{"line":590,"column":64},"end":{"line":590,"column":null}},"125":{"start":{"line":591,"column":8},"end":{"line":591,"column":null}},"126":{"start":{"line":591,"column":49},"end":{"line":591,"column":null}},"127":{"start":{"line":593,"column":8},"end":{"line":602,"column":null}},"128":{"start":{"line":593,"column":53},"end":{"line":602,"column":10}},"129":{"start":{"line":597,"column":14},"end":{"line":599,"column":null}},"130":{"start":{"line":606,"column":24},"end":{"line":606,"column":null}},"131":{"start":{"line":607,"column":30},"end":{"line":609,"column":null}},"132":{"start":{"line":608,"column":25},"end":{"line":608,"column":null}},"133":{"start":{"line":610,"column":8},"end":{"line":610,"column":null}},"134":{"start":{"line":610,"column":40},"end":{"line":610,"column":null}},"135":{"start":{"line":612,"column":31},"end":{"line":614,"column":null}},"136":{"start":{"line":613,"column":49},"end":{"line":613,"column":56}},"137":{"start":{"line":615,"column":26},"end":{"line":617,"column":null}},"138":{"start":{"line":616,"column":25},"end":{"line":616,"column":null}},"139":{"start":{"line":620,"column":30},"end":{"line":620,"column":null}},"140":{"start":{"line":621,"column":34},"end":{"line":623,"column":null}},"141":{"start":{"line":633,"column":24},"end":{"line":633,"column":null}},"142":{"start":{"line":635,"column":10},"end":{"line":642,"column":null}},"143":{"start":{"line":639,"column":14},"end":{"line":641,"column":null}},"144":{"start":{"line":644,"column":11},"end":{"line":646,"column":null}},"145":{"start":{"line":648,"column":37},"end":{"line":654,"column":null}},"146":{"start":{"line":652,"column":28},"end":{"line":652,"column":null}},"147":{"start":{"line":656,"column":8},"end":{"line":663,"column":null}},"148":{"start":{"line":658,"column":16},"end":{"line":658,"column":null}},"149":{"start":{"line":667,"column":24},"end":{"line":667,"column":null}},"150":{"start":{"line":668,"column":8},"end":{"line":668,"column":null}},"151":{"start":{"line":668,"column":47},"end":{"line":668,"column":null}},"152":{"start":{"line":670,"column":8},"end":{"line":673,"column":null}},"153":{"start":{"line":670,"column":61},"end":{"line":673,"column":10}},"154":{"start":{"line":677,"column":24},"end":{"line":677,"column":null}},"155":{"start":{"line":678,"column":8},"end":{"line":678,"column":null}},"156":{"start":{"line":678,"column":22},"end":{"line":678,"column":null}},"157":{"start":{"line":680,"column":14},"end":{"line":683,"column":null}},"158":{"start":{"line":685,"column":8},"end":{"line":701,"column":null}},"159":{"start":{"line":687,"column":24},"end":{"line":690,"column":null}},"160":{"start":{"line":705,"column":24},"end":{"line":705,"column":null}},"161":{"start":{"line":706,"column":8},"end":{"line":706,"column":null}},"162":{"start":{"line":706,"column":22},"end":{"line":706,"column":null}},"163":{"start":{"line":707,"column":8},"end":{"line":709,"column":null}},"164":{"start":{"line":708,"column":10},"end":{"line":708,"column":null}},"165":{"start":{"line":711,"column":30},"end":{"line":713,"column":null}},"166":{"start":{"line":712,"column":25},"end":{"line":712,"column":null}},"167":{"start":{"line":714,"column":8},"end":{"line":714,"column":null}},"168":{"start":{"line":714,"column":28},"end":{"line":714,"column":null}},"169":{"start":{"line":715,"column":8},"end":{"line":720,"column":null}},"170":{"start":{"line":717,"column":51},"end":{"line":717,"column":77}},"171":{"start":{"line":719,"column":10},"end":{"line":719,"column":null}},"172":{"start":{"line":722,"column":31},"end":{"line":722,"column":null}},"173":{"start":{"line":722,"column":70},"end":{"line":722,"column":77}},"174":{"start":{"line":723,"column":37},"end":{"line":742,"column":null}},"175":{"start":{"line":727,"column":14},"end":{"line":739,"column":null}},"176":{"start":{"line":733,"column":65},"end":{"line":736,"column":24}},"177":{"start":{"line":743,"column":14},"end":{"line":746,"column":null}},"178":{"start":{"line":748,"column":8},"end":{"line":750,"column":null}},"179":{"start":{"line":748,"column":52},"end":{"line":748,"column":65}},"180":{"start":{"line":754,"column":24},"end":{"line":754,"column":null}},"181":{"start":{"line":755,"column":8},"end":{"line":755,"column":null}},"182":{"start":{"line":755,"column":22},"end":{"line":755,"column":null}},"183":{"start":{"line":757,"column":14},"end":{"line":757,"column":null}},"184":{"start":{"line":758,"column":8},"end":{"line":758,"column":null}},"185":{"start":{"line":758,"column":48},"end":{"line":758,"column":null}},"186":{"start":{"line":760,"column":14},"end":{"line":763,"column":null}},"187":{"start":{"line":765,"column":8},"end":{"line":771,"column":null}},"188":{"start":{"line":765,"column":45},"end":{"line":765,"column":61}},"189":{"start":{"line":775,"column":30},"end":{"line":775,"column":null}},"190":{"start":{"line":776,"column":8},"end":{"line":776,"column":null}},"191":{"start":{"line":776,"column":28},"end":{"line":776,"column":null}},"192":{"start":{"line":778,"column":8},"end":{"line":778,"column":null}},"193":{"start":{"line":782,"column":24},"end":{"line":782,"column":null}},"194":{"start":{"line":783,"column":8},"end":{"line":783,"column":null}},"195":{"start":{"line":783,"column":22},"end":{"line":783,"column":null}},"196":{"start":{"line":785,"column":26},"end":{"line":787,"column":null}},"197":{"start":{"line":786,"column":25},"end":{"line":786,"column":null}},"198":{"start":{"line":788,"column":8},"end":{"line":790,"column":null}},"199":{"start":{"line":789,"column":10},"end":{"line":789,"column":null}},"200":{"start":{"line":794,"column":8},"end":{"line":796,"column":null}},"201":{"start":{"line":795,"column":10},"end":{"line":795,"column":null}},"202":{"start":{"line":798,"column":8},"end":{"line":807,"column":null}},"203":{"start":{"line":798,"column":51},"end":{"line":807,"column":10}},"204":{"start":{"line":802,"column":14},"end":{"line":804,"column":null}},"205":{"start":{"line":811,"column":22},"end":{"line":811,"column":null}},"206":{"start":{"line":812,"column":8},"end":{"line":812,"column":null}},"207":{"start":{"line":812,"column":20},"end":{"line":812,"column":null}},"208":{"start":{"line":814,"column":8},"end":{"line":821,"column":null}},"209":{"start":{"line":823,"column":8},"end":{"line":823,"column":null}},"210":{"start":{"line":823,"column":27},"end":{"line":823,"column":null}},"211":{"start":{"line":824,"column":8},"end":{"line":824,"column":null}},"212":{"start":{"line":824,"column":27},"end":{"line":824,"column":null}},"213":{"start":{"line":828,"column":22},"end":{"line":828,"column":null}},"214":{"start":{"line":829,"column":8},"end":{"line":829,"column":null}},"215":{"start":{"line":829,"column":20},"end":{"line":829,"column":null}},"216":{"start":{"line":831,"column":8},"end":{"line":838,"column":null}},"217":{"start":{"line":840,"column":8},"end":{"line":840,"column":null}},"218":{"start":{"line":840,"column":27},"end":{"line":840,"column":null}},"219":{"start":{"line":841,"column":8},"end":{"line":841,"column":null}},"220":{"start":{"line":841,"column":27},"end":{"line":841,"column":null}},"221":{"start":{"line":854,"column":8},"end":{"line":863,"column":null}},"222":{"start":{"line":855,"column":10},"end":{"line":855,"column":null}},"223":{"start":{"line":857,"column":10},"end":{"line":861,"column":null}},"224":{"start":{"line":862,"column":10},"end":{"line":862,"column":null}},"225":{"start":{"line":865,"column":8},"end":{"line":865,"column":null}},"226":{"start":{"line":866,"column":8},"end":{"line":866,"column":null}},"227":{"start":{"line":870,"column":8},"end":{"line":874,"column":null}},"228":{"start":{"line":871,"column":10},"end":{"line":871,"column":null}},"229":{"start":{"line":873,"column":10},"end":{"line":873,"column":null}},"230":{"start":{"line":878,"column":8},"end":{"line":878,"column":null}},"231":{"start":{"line":878,"column":38},"end":{"line":878,"column":null}},"232":{"start":{"line":880,"column":8},"end":{"line":880,"column":null}},"233":{"start":{"line":882,"column":8},"end":{"line":892,"column":null}},"234":{"start":{"line":883,"column":26},"end":{"line":883,"column":null}},"235":{"start":{"line":884,"column":10},"end":{"line":884,"column":null}},"236":{"start":{"line":886,"column":10},"end":{"line":891,"column":null}},"237":{"start":{"line":896,"column":14},"end":{"line":896,"column":null}},"238":{"start":{"line":897,"column":8},"end":{"line":897,"column":null}},"239":{"start":{"line":899,"column":8},"end":{"line":909,"column":null}},"240":{"start":{"line":900,"column":10},"end":{"line":900,"column":null}},"241":{"start":{"line":901,"column":10},"end":{"line":901,"column":null}},"242":{"start":{"line":903,"column":10},"end":{"line":908,"column":null}},"243":{"start":{"line":913,"column":24},"end":{"line":913,"column":null}},"244":{"start":{"line":915,"column":8},"end":{"line":925,"column":null}},"245":{"start":{"line":916,"column":10},"end":{"line":916,"column":null}},"246":{"start":{"line":918,"column":10},"end":{"line":923,"column":null}},"247":{"start":{"line":924,"column":10},"end":{"line":924,"column":null}},"248":{"start":{"line":927,"column":8},"end":{"line":927,"column":null}},"249":{"start":{"line":927,"column":22},"end":{"line":927,"column":null}},"250":{"start":{"line":932,"column":26},"end":{"line":932,"column":null}},"251":{"start":{"line":934,"column":8},"end":{"line":938,"column":null}},"252":{"start":{"line":935,"column":10},"end":{"line":935,"column":null}},"253":{"start":{"line":937,"column":10},"end":{"line":937,"column":null}},"254":{"start":{"line":942,"column":24},"end":{"line":942,"column":null}},"255":{"start":{"line":943,"column":8},"end":{"line":943,"column":null}},"256":{"start":{"line":943,"column":44},"end":{"line":943,"column":null}},"257":{"start":{"line":945,"column":8},"end":{"line":945,"column":null}},"258":{"start":{"line":947,"column":40},"end":{"line":947,"column":null}},"259":{"start":{"line":948,"column":35},"end":{"line":948,"column":null}},"260":{"start":{"line":957,"column":35},"end":{"line":957,"column":null}},"261":{"start":{"line":958,"column":27},"end":{"line":958,"column":null}},"262":{"start":{"line":959,"column":8},"end":{"line":971,"column":null}},"263":{"start":{"line":960,"column":31},"end":{"line":960,"column":null}},"264":{"start":{"line":961,"column":10},"end":{"line":970,"column":null}},"265":{"start":{"line":962,"column":12},"end":{"line":962,"column":null}},"266":{"start":{"line":962,"column":54},"end":{"line":962,"column":null}},"267":{"start":{"line":963,"column":12},"end":{"line":963,"column":null}},"268":{"start":{"line":963,"column":41},"end":{"line":963,"column":null}},"269":{"start":{"line":964,"column":12},"end":{"line":969,"column":null}},"270":{"start":{"line":965,"column":28},"end":{"line":965,"column":null}},"271":{"start":{"line":966,"column":14},"end":{"line":966,"column":null}},"272":{"start":{"line":966,"column":32},"end":{"line":966,"column":null}},"273":{"start":{"line":972,"column":79},"end":{"line":972,"column":null}},"274":{"start":{"line":974,"column":8},"end":{"line":1072,"column":null}},"275":{"start":{"line":975,"column":10},"end":{"line":1038,"column":null}},"276":{"start":{"line":976,"column":18},"end":{"line":976,"column":null}},"277":{"start":{"line":977,"column":12},"end":{"line":980,"column":null}},"278":{"start":{"line":978,"column":14},"end":{"line":978,"column":null}},"279":{"start":{"line":979,"column":14},"end":{"line":979,"column":null}},"280":{"start":{"line":983,"column":12},"end":{"line":990,"column":null}},"281":{"start":{"line":984,"column":14},"end":{"line":984,"column":null}},"282":{"start":{"line":986,"column":14},"end":{"line":988,"column":null}},"283":{"start":{"line":989,"column":14},"end":{"line":989,"column":null}},"284":{"start":{"line":992,"column":12},"end":{"line":999,"column":null}},"285":{"start":{"line":993,"column":36},"end":{"line":993,"column":null}},"286":{"start":{"line":994,"column":14},"end":{"line":997,"column":null}},"287":{"start":{"line":995,"column":16},"end":{"line":995,"column":null}},"288":{"start":{"line":996,"column":16},"end":{"line":996,"column":null}},"289":{"start":{"line":998,"column":14},"end":{"line":998,"column":null}},"290":{"start":{"line":1001,"column":28},"end":{"line":1001,"column":null}},"291":{"start":{"line":1002,"column":33},"end":{"line":1014,"column":null}},"292":{"start":{"line":1016,"column":37},"end":{"line":1023,"column":null}},"293":{"start":{"line":1025,"column":12},"end":{"line":1037,"column":null}},"294":{"start":{"line":1026,"column":14},"end":{"line":1030,"column":null}},"295":{"start":{"line":1031,"column":14},"end":{"line":1031,"column":null}},"296":{"start":{"line":1032,"column":14},"end":{"line":1032,"column":null}},"297":{"start":{"line":1034,"column":14},"end":{"line":1036,"column":null}},"298":{"start":{"line":1045,"column":10},"end":{"line":1055,"column":null}},"299":{"start":{"line":1046,"column":12},"end":{"line":1046,"column":null}},"300":{"start":{"line":1049,"column":14},"end":{"line":1049,"column":null}},"301":{"start":{"line":1051,"column":12},"end":{"line":1054,"column":null}},"302":{"start":{"line":1051,"column":49},"end":{"line":1054,"column":14}},"303":{"start":{"line":1057,"column":10},"end":{"line":1061,"column":null}},"304":{"start":{"line":1058,"column":12},"end":{"line":1060,"column":null}},"305":{"start":{"line":1063,"column":10},"end":{"line":1069,"column":null}},"306":{"start":{"line":1064,"column":12},"end":{"line":1068,"column":null}},"307":{"start":{"line":1071,"column":10},"end":{"line":1071,"column":null}},"308":{"start":{"line":1076,"column":21},"end":{"line":1076,"column":null}},"309":{"start":{"line":1077,"column":8},"end":{"line":1077,"column":null}},"310":{"start":{"line":1077,"column":31},"end":{"line":1077,"column":null}},"311":{"start":{"line":1078,"column":8},"end":{"line":1078,"column":null}},"312":{"start":{"line":1079,"column":8},"end":{"line":1082,"column":null}},"313":{"start":{"line":1080,"column":30},"end":{"line":1080,"column":40}},"314":{"start":{"line":1086,"column":8},"end":{"line":1086,"column":null}},"315":{"start":{"line":1090,"column":24},"end":{"line":1090,"column":null}},"316":{"start":{"line":1091,"column":8},"end":{"line":1091,"column":null}},"317":{"start":{"line":1091,"column":22},"end":{"line":1091,"column":null}},"318":{"start":{"line":1093,"column":30},"end":{"line":1093,"column":null}},"319":{"start":{"line":1095,"column":10},"end":{"line":1100,"column":null}},"320":{"start":{"line":1096,"column":28},"end":{"line":1096,"column":null}},"321":{"start":{"line":1099,"column":29},"end":{"line":1099,"column":null}},"322":{"start":{"line":1101,"column":8},"end":{"line":1101,"column":null}},"323":{"start":{"line":1101,"column":41},"end":{"line":1101,"column":null}},"324":{"start":{"line":1108,"column":8},"end":{"line":1117,"column":null}},"325":{"start":{"line":1108,"column":63},"end":{"line":1117,"column":10}},"326":{"start":{"line":1110,"column":74},"end":{"line":1110,"column":90}},"327":{"start":{"line":1112,"column":28},"end":{"line":1112,"column":null}},"328":{"start":{"line":1115,"column":29},"end":{"line":1115,"column":null}},"329":{"start":{"line":1121,"column":23},"end":{"line":1121,"column":null}},"330":{"start":{"line":1121,"column":63},"end":{"line":1121,"column":87}},"331":{"start":{"line":1122,"column":8},"end":{"line":1122,"column":null}},"332":{"start":{"line":1122,"column":21},"end":{"line":1122,"column":null}},"333":{"start":{"line":1124,"column":30},"end":{"line":1124,"column":null}},"334":{"start":{"line":1125,"column":28},"end":{"line":1125,"column":null}},"335":{"start":{"line":1126,"column":26},"end":{"line":1128,"column":null}},"336":{"start":{"line":1127,"column":19},"end":{"line":1127,"column":null}},"337":{"start":{"line":1129,"column":8},"end":{"line":1129,"column":null}},"338":{"start":{"line":1129,"column":24},"end":{"line":1129,"column":null}},"339":{"start":{"line":1132,"column":8},"end":{"line":1144,"column":null}},"340":{"start":{"line":1133,"column":10},"end":{"line":1133,"column":null}},"341":{"start":{"line":1138,"column":10},"end":{"line":1142,"column":null}},"342":{"start":{"line":1143,"column":10},"end":{"line":1143,"column":null}},"343":{"start":{"line":1151,"column":24},"end":{"line":1151,"column":null}},"344":{"start":{"line":1153,"column":52},"end":{"line":1153,"column":null}},"345":{"start":{"line":1155,"column":8},"end":{"line":1184,"column":null}},"346":{"start":{"line":1156,"column":40},"end":{"line":1156,"column":null}},"347":{"start":{"line":1157,"column":34},"end":{"line":1173,"column":null}},"348":{"start":{"line":1158,"column":12},"end":{"line":1164,"column":null}},"349":{"start":{"line":1163,"column":14},"end":{"line":1163,"column":null}},"350":{"start":{"line":1166,"column":18},"end":{"line":1166,"column":null}},"351":{"start":{"line":1167,"column":12},"end":{"line":1169,"column":null}},"352":{"start":{"line":1168,"column":14},"end":{"line":1168,"column":null}},"353":{"start":{"line":1171,"column":12},"end":{"line":1171,"column":null}},"354":{"start":{"line":1172,"column":12},"end":{"line":1172,"column":null}},"355":{"start":{"line":1175,"column":10},"end":{"line":1183,"column":null}},"356":{"start":{"line":1176,"column":26},"end":{"line":1180,"column":null}},"357":{"start":{"line":1181,"column":12},"end":{"line":1181,"column":null}},"358":{"start":{"line":1182,"column":12},"end":{"line":1182,"column":null}},"359":{"start":{"line":1186,"column":8},"end":{"line":1193,"column":null}},"360":{"start":{"line":1195,"column":8},"end":{"line":1195,"column":null}},"361":{"start":{"line":1196,"column":8},"end":{"line":1196,"column":null}},"362":{"start":{"line":1196,"column":25},"end":{"line":1196,"column":null}},"363":{"start":{"line":1200,"column":24},"end":{"line":1200,"column":null}},"364":{"start":{"line":1201,"column":8},"end":{"line":1201,"column":null}},"365":{"start":{"line":1201,"column":22},"end":{"line":1201,"column":null}},"366":{"start":{"line":1203,"column":24},"end":{"line":1203,"column":null}},"367":{"start":{"line":1203,"column":66},"end":{"line":1203,"column":92}},"368":{"start":{"line":1204,"column":8},"end":{"line":1204,"column":null}},"369":{"start":{"line":1204,"column":22},"end":{"line":1204,"column":null}},"370":{"start":{"line":1205,"column":8},"end":{"line":1205,"column":null}},"371":{"start":{"line":1205,"column":53},"end":{"line":1205,"column":71}},"372":{"start":{"line":1205,"column":74},"end":{"line":1205,"column":null}},"373":{"start":{"line":1208,"column":10},"end":{"line":1209,"column":null}},"374":{"start":{"line":1208,"column":42},"end":{"line":1208,"column":91}},"375":{"start":{"line":1209,"column":43},"end":{"line":1209,"column":92}},"376":{"start":{"line":1210,"column":8},"end":{"line":1213,"column":null}},"377":{"start":{"line":1211,"column":10},"end":{"line":1211,"column":null}},"378":{"start":{"line":1212,"column":10},"end":{"line":1212,"column":null}},"379":{"start":{"line":1215,"column":14},"end":{"line":1215,"column":null}},"380":{"start":{"line":1216,"column":32},"end":{"line":1216,"column":null}},"381":{"start":{"line":1217,"column":14},"end":{"line":1220,"column":null}},"382":{"start":{"line":1222,"column":8},"end":{"line":1225,"column":null}},"383":{"start":{"line":1222,"column":65},"end":{"line":1222,"column":93}},"384":{"start":{"line":1223,"column":10},"end":{"line":1223,"column":null}},"385":{"start":{"line":1224,"column":10},"end":{"line":1224,"column":null}},"386":{"start":{"line":1227,"column":8},"end":{"line":1240,"column":null}},"387":{"start":{"line":1229,"column":24},"end":{"line":1229,"column":null}},"388":{"start":{"line":1244,"column":24},"end":{"line":1244,"column":null}},"389":{"start":{"line":1245,"column":8},"end":{"line":1245,"column":null}},"390":{"start":{"line":1245,"column":22},"end":{"line":1245,"column":null}},"391":{"start":{"line":1247,"column":23},"end":{"line":1247,"column":null}},"392":{"start":{"line":1247,"column":64},"end":{"line":1247,"column":94}},"393":{"start":{"line":1248,"column":8},"end":{"line":1248,"column":null}},"394":{"start":{"line":1248,"column":67},"end":{"line":1248,"column":null}},"395":{"start":{"line":1250,"column":32},"end":{"line":1252,"column":null}},"396":{"start":{"line":1251,"column":10},"end":{"line":1251,"column":null}},"397":{"start":{"line":1253,"column":14},"end":{"line":1256,"column":null}},"398":{"start":{"line":1258,"column":8},"end":{"line":1261,"column":null}},"399":{"start":{"line":1258,"column":65},"end":{"line":1258,"column":93}},"400":{"start":{"line":1259,"column":10},"end":{"line":1259,"column":null}},"401":{"start":{"line":1260,"column":10},"end":{"line":1260,"column":null}},"402":{"start":{"line":1266,"column":8},"end":{"line":1270,"column":null}},"403":{"start":{"line":1268,"column":24},"end":{"line":1268,"column":null}},"404":{"start":{"line":1274,"column":24},"end":{"line":1274,"column":null}},"405":{"start":{"line":1275,"column":8},"end":{"line":1275,"column":null}},"406":{"start":{"line":1275,"column":22},"end":{"line":1275,"column":null}},"407":{"start":{"line":1276,"column":29},"end":{"line":1278,"column":null}},"408":{"start":{"line":1277,"column":26},"end":{"line":1277,"column":null}},"409":{"start":{"line":1279,"column":30},"end":{"line":1281,"column":null}},"410":{"start":{"line":1280,"column":27},"end":{"line":1280,"column":null}},"411":{"start":{"line":1282,"column":8},"end":{"line":1282,"column":null}},"412":{"start":{"line":1282,"column":45},"end":{"line":1282,"column":null}},"413":{"start":{"line":1289,"column":8},"end":{"line":1293,"column":null}},"414":{"start":{"line":1289,"column":58},"end":{"line":1293,"column":10}},"415":{"start":{"line":1291,"column":66},"end":{"line":1291,"column":96}},"416":{"start":{"line":1292,"column":69},"end":{"line":1292,"column":100}},"417":{"start":{"line":1297,"column":24},"end":{"line":1297,"column":null}},"418":{"start":{"line":1298,"column":8},"end":{"line":1298,"column":null}},"419":{"start":{"line":1298,"column":22},"end":{"line":1298,"column":null}},"420":{"start":{"line":1300,"column":14},"end":{"line":1300,"column":null}},"421":{"start":{"line":1300,"column":66},"end":{"line":1300,"column":89}},"422":{"start":{"line":1301,"column":8},"end":{"line":1301,"column":null}},"423":{"start":{"line":1301,"column":19},"end":{"line":1301,"column":null}},"424":{"start":{"line":1307,"column":26},"end":{"line":1307,"column":null}},"425":{"start":{"line":1308,"column":32},"end":{"line":1308,"column":null}},"426":{"start":{"line":1310,"column":8},"end":{"line":1326,"column":null}},"427":{"start":{"line":1312,"column":24},"end":{"line":1312,"column":null}},"428":{"start":{"line":1330,"column":24},"end":{"line":1330,"column":null}},"429":{"start":{"line":1331,"column":8},"end":{"line":1331,"column":null}},"430":{"start":{"line":1331,"column":22},"end":{"line":1331,"column":null}},"431":{"start":{"line":1333,"column":23},"end":{"line":1333,"column":null}},"432":{"start":{"line":1333,"column":64},"end":{"line":1333,"column":94}},"433":{"start":{"line":1334,"column":8},"end":{"line":1334,"column":null}},"434":{"start":{"line":1334,"column":50},"end":{"line":1334,"column":null}},"435":{"start":{"line":1335,"column":8},"end":{"line":1335,"column":null}},"436":{"start":{"line":1335,"column":54},"end":{"line":1335,"column":null}},"437":{"start":{"line":1337,"column":32},"end":{"line":1339,"column":null}},"438":{"start":{"line":1338,"column":10},"end":{"line":1338,"column":null}},"439":{"start":{"line":1340,"column":14},"end":{"line":1343,"column":null}},"440":{"start":{"line":1345,"column":8},"end":{"line":1348,"column":null}},"441":{"start":{"line":1345,"column":65},"end":{"line":1345,"column":93}},"442":{"start":{"line":1346,"column":10},"end":{"line":1346,"column":null}},"443":{"start":{"line":1347,"column":10},"end":{"line":1347,"column":null}},"444":{"start":{"line":1352,"column":8},"end":{"line":1356,"column":null}},"445":{"start":{"line":1354,"column":24},"end":{"line":1354,"column":null}},"446":{"start":{"line":1360,"column":24},"end":{"line":1360,"column":null}},"447":{"start":{"line":1361,"column":8},"end":{"line":1361,"column":null}},"448":{"start":{"line":1361,"column":22},"end":{"line":1361,"column":null}},"449":{"start":{"line":1363,"column":23},"end":{"line":1363,"column":null}},"450":{"start":{"line":1363,"column":64},"end":{"line":1363,"column":94}},"451":{"start":{"line":1364,"column":8},"end":{"line":1364,"column":null}},"452":{"start":{"line":1364,"column":50},"end":{"line":1364,"column":null}},"453":{"start":{"line":1365,"column":8},"end":{"line":1365,"column":null}},"454":{"start":{"line":1365,"column":72},"end":{"line":1365,"column":null}},"455":{"start":{"line":1367,"column":32},"end":{"line":1369,"column":null}},"456":{"start":{"line":1368,"column":10},"end":{"line":1368,"column":null}},"457":{"start":{"line":1370,"column":14},"end":{"line":1373,"column":null}},"458":{"start":{"line":1375,"column":8},"end":{"line":1378,"column":null}},"459":{"start":{"line":1375,"column":65},"end":{"line":1375,"column":93}},"460":{"start":{"line":1376,"column":10},"end":{"line":1376,"column":null}},"461":{"start":{"line":1377,"column":10},"end":{"line":1377,"column":null}},"462":{"start":{"line":1380,"column":8},"end":{"line":1384,"column":null}},"463":{"start":{"line":1382,"column":24},"end":{"line":1382,"column":null}},"464":{"start":{"line":1388,"column":24},"end":{"line":1388,"column":null}},"465":{"start":{"line":1389,"column":8},"end":{"line":1389,"column":null}},"466":{"start":{"line":1389,"column":22},"end":{"line":1389,"column":null}},"467":{"start":{"line":1391,"column":8},"end":{"line":1429,"column":null}},"468":{"start":{"line":1396,"column":10},"end":{"line":1400,"column":null}},"469":{"start":{"line":1397,"column":12},"end":{"line":1399,"column":null}},"470":{"start":{"line":1402,"column":36},"end":{"line":1402,"column":null}},"471":{"start":{"line":1403,"column":54},"end":{"line":1415,"column":null}},"472":{"start":{"line":1417,"column":10},"end":{"line":1427,"column":null}},"473":{"start":{"line":1419,"column":26},"end":{"line":1419,"column":null}},"474":{"start":{"line":1428,"column":10},"end":{"line":1428,"column":null}},"475":{"start":{"line":1433,"column":14},"end":{"line":1433,"column":null}},"476":{"start":{"line":1433,"column":66},"end":{"line":1433,"column":99}},"477":{"start":{"line":1434,"column":8},"end":{"line":1434,"column":null}},"478":{"start":{"line":1434,"column":19},"end":{"line":1434,"column":null}},"479":{"start":{"line":1436,"column":24},"end":{"line":1436,"column":null}},"480":{"start":{"line":1437,"column":32},"end":{"line":1437,"column":null}},"481":{"start":{"line":1439,"column":8},"end":{"line":1453,"column":null}},"482":{"start":{"line":1441,"column":24},"end":{"line":1441,"column":null}},"483":{"start":{"line":1457,"column":24},"end":{"line":1457,"column":null}},"484":{"start":{"line":1458,"column":8},"end":{"line":1458,"column":null}},"485":{"start":{"line":1458,"column":22},"end":{"line":1458,"column":null}},"486":{"start":{"line":1460,"column":24},"end":{"line":1460,"column":null}},"487":{"start":{"line":1460,"column":66},"end":{"line":1460,"column":92}},"488":{"start":{"line":1461,"column":8},"end":{"line":1461,"column":null}},"489":{"start":{"line":1461,"column":22},"end":{"line":1461,"column":null}},"490":{"start":{"line":1464,"column":10},"end":{"line":1465,"column":null}},"491":{"start":{"line":1464,"column":42},"end":{"line":1464,"column":91}},"492":{"start":{"line":1465,"column":43},"end":{"line":1465,"column":92}},"493":{"start":{"line":1466,"column":8},"end":{"line":1469,"column":null}},"494":{"start":{"line":1467,"column":10},"end":{"line":1467,"column":null}},"495":{"start":{"line":1468,"column":10},"end":{"line":1468,"column":null}},"496":{"start":{"line":1471,"column":34},"end":{"line":1471,"column":null}},"497":{"start":{"line":1472,"column":48},"end":{"line":1486,"column":null}},"498":{"start":{"line":1490,"column":8},"end":{"line":1501,"column":null}},"499":{"start":{"line":1492,"column":24},"end":{"line":1492,"column":null}},"500":{"start":{"line":1505,"column":24},"end":{"line":1505,"column":null}},"501":{"start":{"line":1506,"column":8},"end":{"line":1506,"column":null}},"502":{"start":{"line":1506,"column":22},"end":{"line":1506,"column":null}},"503":{"start":{"line":1508,"column":27},"end":{"line":1508,"column":null}},"504":{"start":{"line":1508,"column":64},"end":{"line":1508,"column":86}},"505":{"start":{"line":1509,"column":28},"end":{"line":1509,"column":null}},"506":{"start":{"line":1509,"column":66},"end":{"line":1509,"column":88}},"507":{"start":{"line":1510,"column":8},"end":{"line":1510,"column":null}},"508":{"start":{"line":1510,"column":41},"end":{"line":1510,"column":null}},"509":{"start":{"line":1513,"column":8},"end":{"line":1609,"column":null}},"510":{"start":{"line":1514,"column":10},"end":{"line":1544,"column":null}},"511":{"start":{"line":1519,"column":12},"end":{"line":1521,"column":null}},"512":{"start":{"line":1520,"column":14},"end":{"line":1520,"column":null}},"513":{"start":{"line":1523,"column":36},"end":{"line":1527,"column":null}},"514":{"start":{"line":1524,"column":14},"end":{"line":1526,"column":null}},"515":{"start":{"line":1528,"column":18},"end":{"line":1531,"column":null}},"516":{"start":{"line":1533,"column":12},"end":{"line":1536,"column":null}},"517":{"start":{"line":1533,"column":69},"end":{"line":1533,"column":97}},"518":{"start":{"line":1534,"column":14},"end":{"line":1534,"column":null}},"519":{"start":{"line":1535,"column":14},"end":{"line":1535,"column":null}},"520":{"start":{"line":1538,"column":12},"end":{"line":1542,"column":null}},"521":{"start":{"line":1540,"column":28},"end":{"line":1540,"column":null}},"522":{"start":{"line":1543,"column":12},"end":{"line":1543,"column":null}},"523":{"start":{"line":1547,"column":10},"end":{"line":1551,"column":null}},"524":{"start":{"line":1548,"column":12},"end":{"line":1550,"column":null}},"525":{"start":{"line":1555,"column":16},"end":{"line":1557,"column":null}},"526":{"start":{"line":1556,"column":27},"end":{"line":1556,"column":null}},"527":{"start":{"line":1558,"column":30},"end":{"line":1558,"column":null}},"528":{"start":{"line":1560,"column":23},"end":{"line":1570,"column":null}},"529":{"start":{"line":1573,"column":10},"end":{"line":1595,"column":null}},"530":{"start":{"line":1574,"column":28},"end":{"line":1576,"column":null}},"531":{"start":{"line":1575,"column":29},"end":{"line":1575,"column":null}},"532":{"start":{"line":1577,"column":12},"end":{"line":1588,"column":null}},"533":{"start":{"line":1590,"column":12},"end":{"line":1594,"column":null}},"534":{"start":{"line":1600,"column":10},"end":{"line":1607,"column":null}},"535":{"start":{"line":1602,"column":26},"end":{"line":1606,"column":null}},"536":{"start":{"line":1604,"column":66},"end":{"line":1604,"column":88}},"537":{"start":{"line":1608,"column":10},"end":{"line":1608,"column":null}},"538":{"start":{"line":1612,"column":8},"end":{"line":1612,"column":null}},"539":{"start":{"line":1612,"column":26},"end":{"line":1612,"column":null}},"540":{"start":{"line":1614,"column":8},"end":{"line":1630,"column":null}},"541":{"start":{"line":1615,"column":10},"end":{"line":1617,"column":null}},"542":{"start":{"line":1616,"column":12},"end":{"line":1616,"column":null}},"543":{"start":{"line":1619,"column":35},"end":{"line":1623,"column":null}},"544":{"start":{"line":1620,"column":12},"end":{"line":1622,"column":null}},"545":{"start":{"line":1625,"column":10},"end":{"line":1628,"column":null}},"546":{"start":{"line":1625,"column":84},"end":{"line":1628,"column":12}},"547":{"start":{"line":1629,"column":10},"end":{"line":1629,"column":null}},"548":{"start":{"line":1634,"column":21},"end":{"line":1641,"column":null}},"549":{"start":{"line":1644,"column":8},"end":{"line":1655,"column":null}},"550":{"start":{"line":1645,"column":10},"end":{"line":1652,"column":null}},"551":{"start":{"line":1654,"column":10},"end":{"line":1654,"column":null}},"552":{"start":{"line":1657,"column":32},"end":{"line":1657,"column":null}},"553":{"start":{"line":1658,"column":14},"end":{"line":1661,"column":null}},"554":{"start":{"line":1663,"column":8},"end":{"line":1666,"column":null}},"555":{"start":{"line":1663,"column":65},"end":{"line":1663,"column":93}},"556":{"start":{"line":1664,"column":10},"end":{"line":1664,"column":null}},"557":{"start":{"line":1665,"column":10},"end":{"line":1665,"column":null}},"558":{"start":{"line":1668,"column":8},"end":{"line":1676,"column":null}},"559":{"start":{"line":1670,"column":24},"end":{"line":1674,"column":null}},"560":{"start":{"line":1672,"column":66},"end":{"line":1672,"column":88}},"561":{"start":{"line":1680,"column":24},"end":{"line":1680,"column":null}},"562":{"start":{"line":1681,"column":8},"end":{"line":1681,"column":null}},"563":{"start":{"line":1681,"column":22},"end":{"line":1681,"column":null}},"564":{"start":{"line":1683,"column":23},"end":{"line":1683,"column":null}},"565":{"start":{"line":1683,"column":61},"end":{"line":1683,"column":83}},"566":{"start":{"line":1684,"column":8},"end":{"line":1684,"column":null}},"567":{"start":{"line":1684,"column":21},"end":{"line":1684,"column":null}},"568":{"start":{"line":1686,"column":21},"end":{"line":1686,"column":null}},"569":{"start":{"line":1687,"column":26},"end":{"line":1689,"column":null}},"570":{"start":{"line":1688,"column":19},"end":{"line":1688,"column":null}},"571":{"start":{"line":1690,"column":8},"end":{"line":1690,"column":null}},"572":{"start":{"line":1690,"column":24},"end":{"line":1690,"column":null}},"573":{"start":{"line":1692,"column":33},"end":{"line":1694,"column":null}},"574":{"start":{"line":1693,"column":10},"end":{"line":1693,"column":null}},"575":{"start":{"line":1698,"column":8},"end":{"line":1701,"column":null}},"576":{"start":{"line":1698,"column":77},"end":{"line":1701,"column":10}},"577":{"start":{"line":1708,"column":23},"end":{"line":1712,"column":null}},"578":{"start":{"line":1710,"column":21},"end":{"line":1710,"column":null}},"579":{"start":{"line":1713,"column":8},"end":{"line":1713,"column":null}},"580":{"start":{"line":1713,"column":43},"end":{"line":1713,"column":null}},"581":{"start":{"line":1717,"column":24},"end":{"line":1717,"column":null}},"582":{"start":{"line":1718,"column":8},"end":{"line":1718,"column":null}},"583":{"start":{"line":1718,"column":22},"end":{"line":1718,"column":null}},"584":{"start":{"line":1720,"column":29},"end":{"line":1724,"column":null}},"585":{"start":{"line":1722,"column":30},"end":{"line":1722,"column":97}},"586":{"start":{"line":1722,"column":71},"end":{"line":1722,"column":96}},"587":{"start":{"line":1723,"column":27},"end":{"line":1723,"column":42}},"588":{"start":{"line":1725,"column":30},"end":{"line":1731,"column":null}},"589":{"start":{"line":1728,"column":14},"end":{"line":1728,"column":null}},"590":{"start":{"line":1728,"column":57},"end":{"line":1728,"column":83}},"591":{"start":{"line":1730,"column":27},"end":{"line":1730,"column":42}},"592":{"start":{"line":1732,"column":8},"end":{"line":1732,"column":null}},"593":{"start":{"line":1732,"column":65},"end":{"line":1732,"column":null}},"594":{"start":{"line":1734,"column":39},"end":{"line":1734,"column":null}},"595":{"start":{"line":1735,"column":32},"end":{"line":1744,"column":null}},"596":{"start":{"line":1736,"column":23},"end":{"line":1736,"column":null}},"597":{"start":{"line":1741,"column":10},"end":{"line":1741,"column":null}},"598":{"start":{"line":1741,"column":52},"end":{"line":1741,"column":null}},"599":{"start":{"line":1742,"column":10},"end":{"line":1742,"column":null}},"600":{"start":{"line":1743,"column":10},"end":{"line":1743,"column":null}},"601":{"start":{"line":1746,"column":40},"end":{"line":1746,"column":null}},"602":{"start":{"line":1747,"column":33},"end":{"line":1754,"column":null}},"603":{"start":{"line":1748,"column":23},"end":{"line":1748,"column":null}},"604":{"start":{"line":1749,"column":10},"end":{"line":1749,"column":null}},"605":{"start":{"line":1749,"column":21},"end":{"line":1749,"column":null}},"606":{"start":{"line":1750,"column":22},"end":{"line":1750,"column":null}},"607":{"start":{"line":1751,"column":10},"end":{"line":1751,"column":null}},"608":{"start":{"line":1751,"column":71},"end":{"line":1751,"column":null}},"609":{"start":{"line":1752,"column":10},"end":{"line":1752,"column":null}},"610":{"start":{"line":1753,"column":10},"end":{"line":1753,"column":null}},"611":{"start":{"line":1756,"column":8},"end":{"line":1756,"column":null}},"612":{"start":{"line":1756,"column":69},"end":{"line":1756,"column":null}},"613":{"start":{"line":1760,"column":14},"end":{"line":1763,"column":null}},"614":{"start":{"line":1765,"column":8},"end":{"line":1768,"column":null}},"615":{"start":{"line":1765,"column":65},"end":{"line":1765,"column":93}},"616":{"start":{"line":1766,"column":10},"end":{"line":1766,"column":null}},"617":{"start":{"line":1767,"column":10},"end":{"line":1767,"column":null}},"618":{"start":{"line":1770,"column":8},"end":{"line":1778,"column":null}},"619":{"start":{"line":1772,"column":24},"end":{"line":1776,"column":null}},"620":{"start":{"line":1787,"column":24},"end":{"line":1787,"column":null}},"621":{"start":{"line":1788,"column":8},"end":{"line":1788,"column":null}},"622":{"start":{"line":1788,"column":22},"end":{"line":1788,"column":null}},"623":{"start":{"line":1797,"column":10},"end":{"line":1797,"column":null}},"624":{"start":{"line":1799,"column":14},"end":{"line":1799,"column":null}},"625":{"start":{"line":1800,"column":31},"end":{"line":1802,"column":null}},"626":{"start":{"line":1801,"column":10},"end":{"line":1801,"column":null}},"627":{"start":{"line":1801,"column":53},"end":{"line":1801,"column":74}},"628":{"start":{"line":1803,"column":8},"end":{"line":1806,"column":null}},"629":{"start":{"line":1804,"column":10},"end":{"line":1804,"column":null}},"630":{"start":{"line":1805,"column":10},"end":{"line":1805,"column":null}},"631":{"start":{"line":1812,"column":24},"end":{"line":1814,"column":null}},"632":{"start":{"line":1813,"column":26},"end":{"line":1813,"column":null}},"633":{"start":{"line":1815,"column":8},"end":{"line":1818,"column":null}},"634":{"start":{"line":1816,"column":10},"end":{"line":1816,"column":null}},"635":{"start":{"line":1817,"column":10},"end":{"line":1817,"column":null}},"636":{"start":{"line":1820,"column":24},"end":{"line":1820,"column":null}},"637":{"start":{"line":1820,"column":56},"end":{"line":1820,"column":69}},"638":{"start":{"line":1821,"column":8},"end":{"line":1824,"column":null}},"639":{"start":{"line":1822,"column":10},"end":{"line":1822,"column":null}},"640":{"start":{"line":1823,"column":10},"end":{"line":1823,"column":null}},"641":{"start":{"line":1826,"column":14},"end":{"line":1828,"column":null}},"642":{"start":{"line":1827,"column":25},"end":{"line":1827,"column":null}},"643":{"start":{"line":1829,"column":8},"end":{"line":1829,"column":null}},"644":{"start":{"line":1829,"column":19},"end":{"line":1829,"column":null}},"645":{"start":{"line":1832,"column":10},"end":{"line":1836,"column":null}},"646":{"start":{"line":1838,"column":14},"end":{"line":1838,"column":null}},"647":{"start":{"line":1839,"column":8},"end":{"line":1839,"column":null}},"648":{"start":{"line":1839,"column":32},"end":{"line":1839,"column":null}},"649":{"start":{"line":1841,"column":25},"end":{"line":1841,"column":null}},"650":{"start":{"line":1841,"column":53},"end":{"line":1841,"column":68}},"651":{"start":{"line":1842,"column":35},"end":{"line":1842,"column":null}},"652":{"start":{"line":1843,"column":32},"end":{"line":1848,"column":null}},"653":{"start":{"line":1844,"column":23},"end":{"line":1844,"column":null}},"654":{"start":{"line":1845,"column":10},"end":{"line":1845,"column":null}},"655":{"start":{"line":1845,"column":52},"end":{"line":1845,"column":null}},"656":{"start":{"line":1846,"column":10},"end":{"line":1846,"column":null}},"657":{"start":{"line":1847,"column":10},"end":{"line":1847,"column":null}},"658":{"start":{"line":1849,"column":8},"end":{"line":1849,"column":null}},"659":{"start":{"line":1849,"column":35},"end":{"line":1849,"column":null}},"660":{"start":{"line":1851,"column":14},"end":{"line":1854,"column":null}},"661":{"start":{"line":1856,"column":8},"end":{"line":1859,"column":null}},"662":{"start":{"line":1856,"column":65},"end":{"line":1856,"column":93}},"663":{"start":{"line":1857,"column":10},"end":{"line":1857,"column":null}},"664":{"start":{"line":1858,"column":10},"end":{"line":1858,"column":null}},"665":{"start":{"line":1861,"column":8},"end":{"line":1865,"column":null}},"666":{"start":{"line":1863,"column":24},"end":{"line":1863,"column":null}},"667":{"start":{"line":1871,"column":24},"end":{"line":1871,"column":null}},"668":{"start":{"line":1872,"column":14},"end":{"line":1872,"column":null}},"669":{"start":{"line":1873,"column":8},"end":{"line":1873,"column":null}},"670":{"start":{"line":1873,"column":50},"end":{"line":1873,"column":null}},"671":{"start":{"line":1875,"column":22},"end":{"line":1875,"column":null}},"672":{"start":{"line":1877,"column":10},"end":{"line":1878,"column":null}},"673":{"start":{"line":1877,"column":53},"end":{"line":1877,"column":77}},"674":{"start":{"line":1878,"column":55},"end":{"line":1878,"column":80}},"675":{"start":{"line":1879,"column":8},"end":{"line":1879,"column":null}},"676":{"start":{"line":1879,"column":32},"end":{"line":1879,"column":null}},"677":{"start":{"line":1881,"column":22},"end":{"line":1881,"column":null}},"678":{"start":{"line":1883,"column":8},"end":{"line":1893,"column":null}},"679":{"start":{"line":1885,"column":24},"end":{"line":1891,"column":null}},"680":{"start":{"line":1887,"column":68},"end":{"line":1887,"column":93}},"681":{"start":{"line":1889,"column":31},"end":{"line":1889,"column":null}},"682":{"start":{"line":1903,"column":2},"end":{"line":1903,"column":null}},"683":{"start":{"line":1910,"column":2},"end":{"line":1910,"column":null}},"684":{"start":{"line":1923,"column":24},"end":{"line":1923,"column":null}},"685":{"start":{"line":1924,"column":2},"end":{"line":1924,"column":null}},"686":{"start":{"line":1928,"column":18},"end":{"line":1928,"column":null}},"687":{"start":{"line":1929,"column":15},"end":{"line":1929,"column":null}},"688":{"start":{"line":1930,"column":2},"end":{"line":1930,"column":null}},"689":{"start":{"line":1933,"column":27},"end":{"line":1938,"column":null}},"690":{"start":{"line":1941,"column":2},"end":{"line":1941,"column":null}}},"fnMap":{"0":{"name":"createAppStore","decl":{"start":{"line":244,"column":16},"end":{"line":244,"column":31}},"loc":{"start":{"line":244,"column":51},"end":{"line":1897,"column":null}},"line":244},"1":{"name":"(anonymous_1)","decl":{"start":{"line":245,"column":26},"end":{"line":245,"column":27}},"loc":{"start":{"line":245,"column":40},"end":{"line":1896,"column":3}},"line":245},"2":{"name":"persist","decl":{"start":{"line":246,"column":19},"end":{"line":246,"column":27}},"loc":{"start":{"line":246,"column":45},"end":{"line":258,"column":null}},"line":246},"3":{"name":"pushEditEntry","decl":{"start":{"line":264,"column":13},"end":{"line":264,"column":27}},"loc":{"start":{"line":264,"column":70},"end":{"line":277,"column":null}},"line":264},"4":{"name":"applyEdit","decl":{"start":{"line":284,"column":19},"end":{"line":284,"column":null}},"loc":{"start":{"line":288,"column":6},"end":{"line":299,"column":null}},"line":288},"5":{"name":"saveArtworkHalf","decl":{"start":{"line":304,"column":19},"end":{"line":304,"column":35}},"loc":{"start":{"line":304,"column":53},"end":{"line":314,"column":null}},"line":304},"6":{"name":"setDocument","decl":{"start":{"line":318,"column":13},"end":{"line":318,"column":25}},"loc":{"start":{"line":318,"column":75},"end":{"line":331,"column":null}},"line":318},"7":{"name":"commitWallObjectMoves","decl":{"start":{"line":341,"column":13},"end":{"line":341,"column":null}},"loc":{"start":{"line":349,"column":30},"end":{"line":396,"column":null}},"line":349},"8":{"name":"(anonymous_8)","decl":{"start":{"line":356,"column":38},"end":{"line":356,"column":39}},"loc":{"start":{"line":357,"column":8},"end":{"line":357,"column":null}},"line":357},"9":{"name":"(anonymous_9)","decl":{"start":{"line":357,"column":33},"end":{"line":357,"column":34}},"loc":{"start":{"line":357,"column":49},"end":{"line":357,"column":74}},"line":357},"10":{"name":"(anonymous_10)","decl":{"start":{"line":361,"column":46},"end":{"line":361,"column":47}},"loc":{"start":{"line":361,"column":56},"end":{"line":361,"column":71}},"line":361},"11":{"name":"(anonymous_11)","decl":{"start":{"line":363,"column":54},"end":{"line":363,"column":55}},"loc":{"start":{"line":363,"column":70},"end":{"line":370,"column":7}},"line":363},"12":{"name":"(anonymous_12)","decl":{"start":{"line":380,"column":50},"end":{"line":380,"column":51}},"loc":{"start":{"line":380,"column":63},"end":{"line":380,"column":91}},"line":380},"13":{"name":"boot","decl":{"start":{"line":417,"column":12},"end":{"line":417,"column":19}},"loc":{"start":{"line":417,"column":19},"end":{"line":457,"column":null}},"line":417},"14":{"name":"setViewMode","decl":{"start":{"line":459,"column":6},"end":{"line":459,"column":18}},"loc":{"start":{"line":459,"column":28},"end":{"line":462,"column":null}},"line":459},"15":{"name":"selectWall","decl":{"start":{"line":464,"column":6},"end":{"line":464,"column":17}},"loc":{"start":{"line":464,"column":25},"end":{"line":471,"column":null}},"line":464},"16":{"name":"selectArtwork","decl":{"start":{"line":473,"column":6},"end":{"line":473,"column":20}},"loc":{"start":{"line":473,"column":31},"end":{"line":491,"column":null}},"line":473},"17":{"name":"(anonymous_17)","decl":{"start":{"line":482,"column":12},"end":{"line":482,"column":13}},"loc":{"start":{"line":482,"column":24},"end":{"line":482,"column":null}},"line":482},"18":{"name":"(anonymous_18)","decl":{"start":{"line":485,"column":12},"end":{"line":485,"column":13}},"loc":{"start":{"line":485,"column":24},"end":{"line":485,"column":null}},"line":485},"19":{"name":"selectOpening","decl":{"start":{"line":493,"column":6},"end":{"line":493,"column":20}},"loc":{"start":{"line":493,"column":34},"end":{"line":507,"column":null}},"line":493},"20":{"name":"(anonymous_20)","decl":{"start":{"line":501,"column":35},"end":{"line":501,"column":36}},"loc":{"start":{"line":501,"column":47},"end":{"line":501,"column":73}},"line":501},"21":{"name":"(anonymous_21)","decl":{"start":{"line":502,"column":36},"end":{"line":502,"column":37}},"loc":{"start":{"line":502,"column":48},"end":{"line":502,"column":74}},"line":502},"22":{"name":"selectRoom","decl":{"start":{"line":513,"column":6},"end":{"line":513,"column":17}},"loc":{"start":{"line":513,"column":25},"end":{"line":516,"column":null}},"line":513},"23":{"name":"selectObject","decl":{"start":{"line":523,"column":6},"end":{"line":523,"column":19}},"loc":{"start":{"line":523,"column":34},"end":{"line":545,"column":null}},"line":523},"24":{"name":"(anonymous_24)","decl":{"start":{"line":533,"column":35},"end":{"line":533,"column":36}},"loc":{"start":{"line":533,"column":47},"end":{"line":533,"column":63}},"line":533},"25":{"name":"(anonymous_25)","decl":{"start":{"line":534,"column":36},"end":{"line":534,"column":37}},"loc":{"start":{"line":534,"column":48},"end":{"line":534,"column":64}},"line":534},"26":{"name":"(anonymous_26)","decl":{"start":{"line":540,"column":29},"end":{"line":540,"column":30}},"loc":{"start":{"line":540,"column":45},"end":{"line":540,"column":62}},"line":540},"27":{"name":"setObjectSelection","decl":{"start":{"line":550,"column":6},"end":{"line":550,"column":25}},"loc":{"start":{"line":550,"column":30},"end":{"line":563,"column":null}},"line":550},"28":{"name":"(anonymous_28)","decl":{"start":{"line":557,"column":10},"end":{"line":557,"column":11}},"loc":{"start":{"line":558,"column":12},"end":{"line":559,"column":null}},"line":558},"29":{"name":"(anonymous_29)","decl":{"start":{"line":558,"column":37},"end":{"line":558,"column":38}},"loc":{"start":{"line":558,"column":49},"end":{"line":558,"column":65}},"line":558},"30":{"name":"(anonymous_30)","decl":{"start":{"line":559,"column":38},"end":{"line":559,"column":39}},"loc":{"start":{"line":559,"column":50},"end":{"line":559,"column":66}},"line":559},"31":{"name":"clearObjectSelection","decl":{"start":{"line":565,"column":6},"end":{"line":565,"column":29}},"loc":{"start":{"line":565,"column":29},"end":{"line":571,"column":null}},"line":565},"32":{"name":"renameProject","decl":{"start":{"line":573,"column":12},"end":{"line":573,"column":26}},"loc":{"start":{"line":573,"column":33},"end":{"line":582,"column":null}},"line":573},"33":{"name":"(anonymous_33)","decl":{"start":{"line":578,"column":42},"end":{"line":578,"column":43}},"loc":{"start":{"line":578,"column":56},"end":{"line":581,"column":10}},"line":578},"34":{"name":"renameRoom","decl":{"start":{"line":584,"column":12},"end":{"line":584,"column":23}},"loc":{"start":{"line":584,"column":37},"end":{"line":603,"column":null}},"line":584},"35":{"name":"(anonymous_35)","decl":{"start":{"line":588,"column":10},"end":{"line":588,"column":11}},"loc":{"start":{"line":588,"column":25},"end":{"line":588,"column":null}},"line":588},"36":{"name":"(anonymous_36)","decl":{"start":{"line":593,"column":39},"end":{"line":593,"column":40}},"loc":{"start":{"line":593,"column":53},"end":{"line":602,"column":10}},"line":593},"37":{"name":"(anonymous_37)","decl":{"start":{"line":596,"column":43},"end":{"line":596,"column":44}},"loc":{"start":{"line":597,"column":14},"end":{"line":599,"column":null}},"line":597},"38":{"name":"deleteRoom","decl":{"start":{"line":605,"column":12},"end":{"line":605,"column":23}},"loc":{"start":{"line":605,"column":31},"end":{"line":664,"column":null}},"line":605},"39":{"name":"(anonymous_39)","decl":{"start":{"line":608,"column":10},"end":{"line":608,"column":11}},"loc":{"start":{"line":608,"column":25},"end":{"line":608,"column":null}},"line":608},"40":{"name":"(anonymous_40)","decl":{"start":{"line":613,"column":39},"end":{"line":613,"column":40}},"loc":{"start":{"line":613,"column":49},"end":{"line":613,"column":56}},"line":613},"41":{"name":"(anonymous_41)","decl":{"start":{"line":616,"column":10},"end":{"line":616,"column":11}},"loc":{"start":{"line":616,"column":25},"end":{"line":616,"column":null}},"line":616},"42":{"name":"(anonymous_42)","decl":{"start":{"line":638,"column":12},"end":{"line":638,"column":13}},"loc":{"start":{"line":639,"column":14},"end":{"line":641,"column":null}},"line":639},"43":{"name":"(anonymous_43)","decl":{"start":{"line":652,"column":12},"end":{"line":652,"column":13}},"loc":{"start":{"line":652,"column":28},"end":{"line":652,"column":null}},"line":652},"44":{"name":"(anonymous_44)","decl":{"start":{"line":658,"column":10},"end":{"line":658,"column":16}},"loc":{"start":{"line":658,"column":16},"end":{"line":658,"column":null}},"line":658},"45":{"name":"setUnit","decl":{"start":{"line":666,"column":12},"end":{"line":666,"column":20}},"loc":{"start":{"line":666,"column":26},"end":{"line":674,"column":null}},"line":666},"46":{"name":"(anonymous_46)","decl":{"start":{"line":670,"column":47},"end":{"line":670,"column":48}},"loc":{"start":{"line":670,"column":61},"end":{"line":673,"column":10}},"line":670},"47":{"name":"addRectangleRoom","decl":{"start":{"line":676,"column":12},"end":{"line":676,"column":31}},"loc":{"start":{"line":676,"column":31},"end":{"line":702,"column":null}},"line":676},"48":{"name":"(anonymous_48)","decl":{"start":{"line":687,"column":10},"end":{"line":687,"column":11}},"loc":{"start":{"line":687,"column":24},"end":{"line":690,"column":null}},"line":687},"49":{"name":"resizeRoomHeight","decl":{"start":{"line":704,"column":12},"end":{"line":704,"column":29}},"loc":{"start":{"line":704,"column":47},"end":{"line":751,"column":null}},"line":704},"50":{"name":"(anonymous_50)","decl":{"start":{"line":712,"column":10},"end":{"line":712,"column":11}},"loc":{"start":{"line":712,"column":25},"end":{"line":712,"column":null}},"line":712},"51":{"name":"(anonymous_51)","decl":{"start":{"line":717,"column":41},"end":{"line":717,"column":42}},"loc":{"start":{"line":717,"column":51},"end":{"line":717,"column":77}},"line":717},"52":{"name":"(anonymous_52)","decl":{"start":{"line":722,"column":60},"end":{"line":722,"column":61}},"loc":{"start":{"line":722,"column":70},"end":{"line":722,"column":77}},"line":722},"53":{"name":"(anonymous_53)","decl":{"start":{"line":726,"column":43},"end":{"line":726,"column":44}},"loc":{"start":{"line":727,"column":14},"end":{"line":739,"column":null}},"line":727},"54":{"name":"(anonymous_54)","decl":{"start":{"line":733,"column":54},"end":{"line":733,"column":55}},"loc":{"start":{"line":733,"column":65},"end":{"line":736,"column":24}},"line":733},"55":{"name":"(anonymous_55)","decl":{"start":{"line":748,"column":46},"end":{"line":748,"column":52}},"loc":{"start":{"line":748,"column":52},"end":{"line":748,"column":65}},"line":748},"56":{"name":"resizeWall","decl":{"start":{"line":753,"column":12},"end":{"line":753,"column":23}},"loc":{"start":{"line":753,"column":59},"end":{"line":772,"column":null}},"line":753},"57":{"name":"(anonymous_57)","decl":{"start":{"line":765,"column":39},"end":{"line":765,"column":45}},"loc":{"start":{"line":765,"column":45},"end":{"line":765,"column":61}},"line":765},"58":{"name":"resizeSelectedWall","decl":{"start":{"line":774,"column":12},"end":{"line":774,"column":31}},"loc":{"start":{"line":774,"column":41},"end":{"line":779,"column":null}},"line":774},"59":{"name":"moveRoom","decl":{"start":{"line":781,"column":12},"end":{"line":781,"column":21}},"loc":{"start":{"line":781,"column":51},"end":{"line":808,"column":null}},"line":781},"60":{"name":"(anonymous_60)","decl":{"start":{"line":786,"column":10},"end":{"line":786,"column":11}},"loc":{"start":{"line":786,"column":25},"end":{"line":786,"column":null}},"line":786},"61":{"name":"(anonymous_61)","decl":{"start":{"line":798,"column":37},"end":{"line":798,"column":38}},"loc":{"start":{"line":798,"column":51},"end":{"line":807,"column":10}},"line":798},"62":{"name":"(anonymous_62)","decl":{"start":{"line":801,"column":43},"end":{"line":801,"column":44}},"loc":{"start":{"line":802,"column":14},"end":{"line":804,"column":null}},"line":802},"63":{"name":"undo","decl":{"start":{"line":810,"column":12},"end":{"line":810,"column":19}},"loc":{"start":{"line":810,"column":19},"end":{"line":825,"column":null}},"line":810},"64":{"name":"redo","decl":{"start":{"line":827,"column":12},"end":{"line":827,"column":19}},"loc":{"start":{"line":827,"column":19},"end":{"line":842,"column":null}},"line":827},"65":{"name":"importProjectJson","decl":{"start":{"line":844,"column":12},"end":{"line":844,"column":30}},"loc":{"start":{"line":844,"column":36},"end":{"line":867,"column":null}},"line":844},"66":{"name":"listProjectSummaries","decl":{"start":{"line":869,"column":12},"end":{"line":869,"column":35}},"loc":{"start":{"line":869,"column":35},"end":{"line":875,"column":null}},"line":869},"67":{"name":"openProject","decl":{"start":{"line":877,"column":12},"end":{"line":877,"column":24}},"loc":{"start":{"line":877,"column":28},"end":{"line":893,"column":null}},"line":877},"68":{"name":"createProject","decl":{"start":{"line":895,"column":12},"end":{"line":895,"column":26}},"loc":{"start":{"line":895,"column":33},"end":{"line":910,"column":null}},"line":895},"69":{"name":"deleteProject","decl":{"start":{"line":912,"column":12},"end":{"line":912,"column":26}},"loc":{"start":{"line":912,"column":30},"end":{"line":939,"column":null}},"line":912},"70":{"name":"addArtworksFromFiles","decl":{"start":{"line":941,"column":12},"end":{"line":941,"column":33}},"loc":{"start":{"line":941,"column":51},"end":{"line":1073,"column":null}},"line":941},"71":{"name":"(anonymous_71)","decl":{"start":{"line":1051,"column":35},"end":{"line":1051,"column":36}},"loc":{"start":{"line":1051,"column":49},"end":{"line":1054,"column":14}},"line":1051},"72":{"name":"confirmDuplicateUploads","decl":{"start":{"line":1075,"column":12},"end":{"line":1075,"column":38}},"loc":{"start":{"line":1075,"column":38},"end":{"line":1083,"column":null}},"line":1075},"73":{"name":"(anonymous_73)","decl":{"start":{"line":1080,"column":19},"end":{"line":1080,"column":20}},"loc":{"start":{"line":1080,"column":30},"end":{"line":1080,"column":40}},"line":1080},"74":{"name":"dismissDuplicateUploads","decl":{"start":{"line":1085,"column":6},"end":{"line":1085,"column":32}},"loc":{"start":{"line":1085,"column":32},"end":{"line":1087,"column":null}},"line":1085},"75":{"name":"removeArtworkFromChecklist","decl":{"start":{"line":1089,"column":12},"end":{"line":1089,"column":39}},"loc":{"start":{"line":1089,"column":50},"end":{"line":1118,"column":null}},"line":1089},"76":{"name":"(anonymous_76)","decl":{"start":{"line":1096,"column":12},"end":{"line":1096,"column":13}},"loc":{"start":{"line":1096,"column":28},"end":{"line":1096,"column":null}},"line":1096},"77":{"name":"(anonymous_77)","decl":{"start":{"line":1099,"column":12},"end":{"line":1099,"column":13}},"loc":{"start":{"line":1099,"column":29},"end":{"line":1099,"column":null}},"line":1099},"78":{"name":"(anonymous_78)","decl":{"start":{"line":1108,"column":49},"end":{"line":1108,"column":50}},"loc":{"start":{"line":1108,"column":63},"end":{"line":1117,"column":10}},"line":1108},"79":{"name":"(anonymous_79)","decl":{"start":{"line":1110,"column":66},"end":{"line":1110,"column":67}},"loc":{"start":{"line":1110,"column":74},"end":{"line":1110,"column":90}},"line":1110},"80":{"name":"(anonymous_80)","decl":{"start":{"line":1112,"column":12},"end":{"line":1112,"column":13}},"loc":{"start":{"line":1112,"column":28},"end":{"line":1112,"column":null}},"line":1112},"81":{"name":"(anonymous_81)","decl":{"start":{"line":1115,"column":12},"end":{"line":1115,"column":13}},"loc":{"start":{"line":1115,"column":29},"end":{"line":1115,"column":null}},"line":1115},"82":{"name":"updateArtwork","decl":{"start":{"line":1120,"column":12},"end":{"line":1120,"column":26}},"loc":{"start":{"line":1120,"column":46},"end":{"line":1197,"column":null}},"line":1120},"83":{"name":"(anonymous_83)","decl":{"start":{"line":1121,"column":50},"end":{"line":1121,"column":51}},"loc":{"start":{"line":1121,"column":63},"end":{"line":1121,"column":87}},"line":1121},"84":{"name":"(anonymous_84)","decl":{"start":{"line":1127,"column":10},"end":{"line":1127,"column":11}},"loc":{"start":{"line":1127,"column":19},"end":{"line":1127,"column":null}},"line":1127},"85":{"name":"(anonymous_85)","decl":{"start":{"line":1157,"column":58},"end":{"line":1157,"column":59}},"loc":{"start":{"line":1157,"column":74},"end":{"line":1173,"column":11}},"line":1157},"86":{"name":"placeArtwork","decl":{"start":{"line":1199,"column":12},"end":{"line":1199,"column":25}},"loc":{"start":{"line":1199,"column":76},"end":{"line":1241,"column":null}},"line":1199},"87":{"name":"(anonymous_87)","decl":{"start":{"line":1203,"column":51},"end":{"line":1203,"column":52}},"loc":{"start":{"line":1203,"column":66},"end":{"line":1203,"column":92}},"line":1203},"88":{"name":"(anonymous_88)","decl":{"start":{"line":1205,"column":43},"end":{"line":1205,"column":44}},"loc":{"start":{"line":1205,"column":53},"end":{"line":1205,"column":71}},"line":1205},"89":{"name":"(anonymous_89)","decl":{"start":{"line":1208,"column":35},"end":{"line":1208,"column":36}},"loc":{"start":{"line":1208,"column":42},"end":{"line":1208,"column":91}},"line":1208},"90":{"name":"(anonymous_90)","decl":{"start":{"line":1209,"column":36},"end":{"line":1209,"column":37}},"loc":{"start":{"line":1209,"column":43},"end":{"line":1209,"column":92}},"line":1209},"91":{"name":"(anonymous_91)","decl":{"start":{"line":1222,"column":52},"end":{"line":1222,"column":53}},"loc":{"start":{"line":1222,"column":65},"end":{"line":1222,"column":93}},"line":1222},"92":{"name":"(anonymous_92)","decl":{"start":{"line":1229,"column":10},"end":{"line":1229,"column":11}},"loc":{"start":{"line":1229,"column":24},"end":{"line":1229,"column":null}},"line":1229},"93":{"name":"moveArtworkPlacement","decl":{"start":{"line":1243,"column":12},"end":{"line":1243,"column":33}},"loc":{"start":{"line":1243,"column":79},"end":{"line":1271,"column":null}},"line":1243},"94":{"name":"(anonymous_94)","decl":{"start":{"line":1247,"column":48},"end":{"line":1247,"column":49}},"loc":{"start":{"line":1247,"column":64},"end":{"line":1247,"column":94}},"line":1247},"95":{"name":"(anonymous_95)","decl":{"start":{"line":1250,"column":56},"end":{"line":1250,"column":57}},"loc":{"start":{"line":1251,"column":10},"end":{"line":1251,"column":null}},"line":1251},"96":{"name":"(anonymous_96)","decl":{"start":{"line":1258,"column":52},"end":{"line":1258,"column":53}},"loc":{"start":{"line":1258,"column":65},"end":{"line":1258,"column":93}},"line":1258},"97":{"name":"(anonymous_97)","decl":{"start":{"line":1268,"column":10},"end":{"line":1268,"column":11}},"loc":{"start":{"line":1268,"column":24},"end":{"line":1268,"column":null}},"line":1268},"98":{"name":"removePlacement","decl":{"start":{"line":1273,"column":12},"end":{"line":1273,"column":28}},"loc":{"start":{"line":1273,"column":42},"end":{"line":1294,"column":null}},"line":1273},"99":{"name":"(anonymous_99)","decl":{"start":{"line":1277,"column":10},"end":{"line":1277,"column":11}},"loc":{"start":{"line":1277,"column":26},"end":{"line":1277,"column":null}},"line":1277},"100":{"name":"(anonymous_100)","decl":{"start":{"line":1280,"column":10},"end":{"line":1280,"column":11}},"loc":{"start":{"line":1280,"column":27},"end":{"line":1280,"column":null}},"line":1280},"101":{"name":"(anonymous_101)","decl":{"start":{"line":1289,"column":44},"end":{"line":1289,"column":45}},"loc":{"start":{"line":1289,"column":58},"end":{"line":1293,"column":10}},"line":1289},"102":{"name":"(anonymous_102)","decl":{"start":{"line":1291,"column":50},"end":{"line":1291,"column":51}},"loc":{"start":{"line":1291,"column":66},"end":{"line":1291,"column":96}},"line":1291},"103":{"name":"(anonymous_103)","decl":{"start":{"line":1292,"column":52},"end":{"line":1292,"column":53}},"loc":{"start":{"line":1292,"column":69},"end":{"line":1292,"column":100}},"line":1292},"104":{"name":"addOpening","decl":{"start":{"line":1296,"column":12},"end":{"line":1296,"column":23}},"loc":{"start":{"line":1296,"column":37},"end":{"line":1327,"column":null}},"line":1296},"105":{"name":"(anonymous_105)","decl":{"start":{"line":1300,"column":51},"end":{"line":1300,"column":52}},"loc":{"start":{"line":1300,"column":66},"end":{"line":1300,"column":89}},"line":1300},"106":{"name":"(anonymous_106)","decl":{"start":{"line":1312,"column":10},"end":{"line":1312,"column":11}},"loc":{"start":{"line":1312,"column":24},"end":{"line":1312,"column":null}},"line":1312},"107":{"name":"moveOpening","decl":{"start":{"line":1329,"column":12},"end":{"line":1329,"column":24}},"loc":{"start":{"line":1329,"column":70},"end":{"line":1357,"column":null}},"line":1329},"108":{"name":"(anonymous_108)","decl":{"start":{"line":1333,"column":48},"end":{"line":1333,"column":49}},"loc":{"start":{"line":1333,"column":64},"end":{"line":1333,"column":94}},"line":1333},"109":{"name":"(anonymous_109)","decl":{"start":{"line":1337,"column":56},"end":{"line":1337,"column":57}},"loc":{"start":{"line":1338,"column":10},"end":{"line":1338,"column":null}},"line":1338},"110":{"name":"(anonymous_110)","decl":{"start":{"line":1345,"column":52},"end":{"line":1345,"column":53}},"loc":{"start":{"line":1345,"column":65},"end":{"line":1345,"column":93}},"line":1345},"111":{"name":"(anonymous_111)","decl":{"start":{"line":1354,"column":10},"end":{"line":1354,"column":11}},"loc":{"start":{"line":1354,"column":24},"end":{"line":1354,"column":null}},"line":1354},"112":{"name":"resizeOpening","decl":{"start":{"line":1359,"column":12},"end":{"line":1359,"column":26}},"loc":{"start":{"line":1359,"column":81},"end":{"line":1385,"column":null}},"line":1359},"113":{"name":"(anonymous_113)","decl":{"start":{"line":1363,"column":48},"end":{"line":1363,"column":49}},"loc":{"start":{"line":1363,"column":64},"end":{"line":1363,"column":94}},"line":1363},"114":{"name":"(anonymous_114)","decl":{"start":{"line":1367,"column":56},"end":{"line":1367,"column":57}},"loc":{"start":{"line":1368,"column":10},"end":{"line":1368,"column":null}},"line":1368},"115":{"name":"(anonymous_115)","decl":{"start":{"line":1375,"column":52},"end":{"line":1375,"column":53}},"loc":{"start":{"line":1375,"column":65},"end":{"line":1375,"column":93}},"line":1375},"116":{"name":"(anonymous_116)","decl":{"start":{"line":1382,"column":10},"end":{"line":1382,"column":11}},"loc":{"start":{"line":1382,"column":24},"end":{"line":1382,"column":null}},"line":1382},"117":{"name":"placeOpeningFromPlan","decl":{"start":{"line":1387,"column":12},"end":{"line":1387,"column":33}},"loc":{"start":{"line":1387,"column":50},"end":{"line":1454,"column":null}},"line":1387},"118":{"name":"(anonymous_118)","decl":{"start":{"line":1419,"column":12},"end":{"line":1419,"column":13}},"loc":{"start":{"line":1419,"column":26},"end":{"line":1419,"column":null}},"line":1419},"119":{"name":"(anonymous_119)","decl":{"start":{"line":1433,"column":51},"end":{"line":1433,"column":52}},"loc":{"start":{"line":1433,"column":66},"end":{"line":1433,"column":99}},"line":1433},"120":{"name":"(anonymous_120)","decl":{"start":{"line":1441,"column":10},"end":{"line":1441,"column":11}},"loc":{"start":{"line":1441,"column":24},"end":{"line":1441,"column":null}},"line":1441},"121":{"name":"placeArtworkOnFloor","decl":{"start":{"line":1456,"column":12},"end":{"line":1456,"column":32}},"loc":{"start":{"line":1456,"column":53},"end":{"line":1502,"column":null}},"line":1456},"122":{"name":"(anonymous_122)","decl":{"start":{"line":1460,"column":51},"end":{"line":1460,"column":52}},"loc":{"start":{"line":1460,"column":66},"end":{"line":1460,"column":92}},"line":1460},"123":{"name":"(anonymous_123)","decl":{"start":{"line":1464,"column":35},"end":{"line":1464,"column":36}},"loc":{"start":{"line":1464,"column":42},"end":{"line":1464,"column":91}},"line":1464},"124":{"name":"(anonymous_124)","decl":{"start":{"line":1465,"column":36},"end":{"line":1465,"column":37}},"loc":{"start":{"line":1465,"column":43},"end":{"line":1465,"column":92}},"line":1465},"125":{"name":"(anonymous_125)","decl":{"start":{"line":1492,"column":10},"end":{"line":1492,"column":11}},"loc":{"start":{"line":1492,"column":24},"end":{"line":1492,"column":null}},"line":1492},"126":{"name":"commitPlanMove","decl":{"start":{"line":1504,"column":12},"end":{"line":1504,"column":27}},"loc":{"start":{"line":1504,"column":70},"end":{"line":1677,"column":null}},"line":1504},"127":{"name":"(anonymous_127)","decl":{"start":{"line":1508,"column":52},"end":{"line":1508,"column":53}},"loc":{"start":{"line":1508,"column":64},"end":{"line":1508,"column":86}},"line":1508},"128":{"name":"(anonymous_128)","decl":{"start":{"line":1509,"column":54},"end":{"line":1509,"column":55}},"loc":{"start":{"line":1509,"column":66},"end":{"line":1509,"column":88}},"line":1509},"129":{"name":"(anonymous_129)","decl":{"start":{"line":1523,"column":60},"end":{"line":1523,"column":61}},"loc":{"start":{"line":1524,"column":14},"end":{"line":1526,"column":null}},"line":1524},"130":{"name":"(anonymous_130)","decl":{"start":{"line":1533,"column":56},"end":{"line":1533,"column":57}},"loc":{"start":{"line":1533,"column":69},"end":{"line":1533,"column":97}},"line":1533},"131":{"name":"(anonymous_131)","decl":{"start":{"line":1540,"column":14},"end":{"line":1540,"column":15}},"loc":{"start":{"line":1540,"column":28},"end":{"line":1540,"column":null}},"line":1540},"132":{"name":"(anonymous_132)","decl":{"start":{"line":1556,"column":12},"end":{"line":1556,"column":13}},"loc":{"start":{"line":1556,"column":27},"end":{"line":1556,"column":null}},"line":1556},"133":{"name":"(anonymous_133)","decl":{"start":{"line":1575,"column":14},"end":{"line":1575,"column":15}},"loc":{"start":{"line":1575,"column":29},"end":{"line":1575,"column":null}},"line":1575},"134":{"name":"(anonymous_134)","decl":{"start":{"line":1602,"column":12},"end":{"line":1602,"column":13}},"loc":{"start":{"line":1602,"column":26},"end":{"line":1606,"column":null}},"line":1602},"135":{"name":"(anonymous_135)","decl":{"start":{"line":1604,"column":54},"end":{"line":1604,"column":55}},"loc":{"start":{"line":1604,"column":66},"end":{"line":1604,"column":88}},"line":1604},"136":{"name":"(anonymous_136)","decl":{"start
[...]
},"end":{"line":33,"column":null}},"7":{"start":{"line":33,"column":19},"end":{"line":33,"column":null}},"8":{"start":{"line":35,"column":15},"end":{"line":35,"column":null}},"9":{"start":{"line":36,"column":18},"end":{"line":36,"column":null}},"10":{"start":{"line":37,"column":18},"end":{"line":37,"column":null}},"11":{"start":{"line":39,"column":22},"end":{"line":39,"column":null}},"12":{"start":{"line":40,"column":16},"end":{"line":40,"column":null}},"13":{"start":{"line":41,"column":17},"end":{"line":41,"column":null}},"14":{"start":{"line":42,"column":2},"end":{"line":45,"column":null}},"15":{"start":{"line":54,"column":8},"end":{"line":54,"column":null}},"16":{"start":{"line":55,"column":2},"end":{"line":55,"column":null}},"17":{"start":{"line":55,"column":19},"end":{"line":55,"column":null}},"18":{"start":{"line":57,"column":19},"end":{"line":57,"column":null}},"19":{"start":{"line":61,"column":14},"end":{"line":61,"column":null}},"20":{"start":{"line":62,"column":2},"end":{"line":62,"column":null}},"21":{"start":{"line":76,"column":22},"end":{"line":76,"column":null}},"22":{"start":{"line":77,"column":18},"end":{"line":77,"column":null}},"23":{"start":{"line":78,"column":18},"end":{"line":78,"column":null}},"24":{"start":{"line":79,"column":2},"end":{"line":79,"column":null}},"25":{"start":{"line":79,"column":57},"end":{"line":79,"column":null}},"26":{"start":{"line":80,"column":16},"end":{"line":80,"column":null}},"27":{"start":{"line":81,"column":16},"end":{"line":81,"column":null}},"28":{"start":{"line":82,"column":16},"end":{"line":82,"column":null}},"29":{"start":{"line":83,"column":2},"end":{"line":88,"column":null}},"30":{"start":{"line":100,"column":35},"end":{"line":100,"column":null}},"31":{"start":{"line":101,"column":2},"end":{"line":101,"column":null}},"32":{"start":{"line":101,"column":24},"end":{"line":101,"column":null}},"33":{"start":{"line":102,"column":2},"end":{"line":107,"column":null}},"34":{"start":{"line":131,"column":17},"end":{"line":131,"column":null}},"35":{"start":{"line":132,"column":2},"end":{"line":132,"column":null}},"36":{"start":{"line":143,"column":8},"end":{"line":143,"column":null}},"37":{"start":{"line":144,"column":8},"end":{"line":144,"column":null}},"38":{"start":{"line":145,"column":2},"end":{"line":145,"column":null}},"39":{"start":{"line":145,"column":37},"end":{"line":145,"column":null}},"40":{"start":{"line":146,"column":2},"end":{"line":151,"column":null}},"41":{"start":{"line":155,"column":2},"end":{"line":155,"column":null}}},"fnMap":{"0":{"name":"getViewBox2D","decl":{"start":{"line":27,"column":16},"end":{"line":27,"column":null}},"loc":{"start":{"line":31,"column":45},"end":{"line":46,"column":null}},"line":31},"1":{"name":"clampZoom","decl":{"start":{"line":48,"column":16},"end":{"line":48,"column":null}},"loc":{"start":{"line":53,"column":10},"end":{"line":63,"column":null}},"line":53},"2":{"name":"zoomAtPoint","decl":{"start":{"line":68,"column":16},"end":{"line":68,"column":null}},"loc":{"start":{"line":75,"column":14},"end":{"line":89,"column":null}},"line":75},"3":{"name":"panBy","decl":{"start":{"line":94,"column":16},"end":{"line":94,"column":null}},"loc":{"start":{"line":99,"column":14},"end":{"line":108,"column":null}},"line":99},"4":{"name":"pinchZoomPan","decl":{"start":{"line":122,"column":16},"end":{"line":122,"column":null}},"loc":{"start":{"line":130,"column":14},"end":{"line":133,"column":null}},"line":130},"5":{"name":"getFitBoundsViewport","decl":{"start":{"line":137,"column":16},"end":{"line":137,"column":null}},"loc":{"start":{"line":142,"column":14},"end":{"line":152,"column":null}},"line":142},"6":{"name":"getEffectiveZoom","decl":{"start":{"line":154,"column":16},"end":{"line":154,"column":33}},"loc":{"start":{"line":154,"column":63},"end":{"line":156,"column":null}},"line":154}},"branchMap":{"0":{"loc":{"start":{"line":33,"column":2},"end":{"line":33,"column":null}},"type":"if","locations":[{"start":{"line":33,"column":2},"end":{"line":33,"column":null}},{"start":{},"end":{}}],"line":33},"1":{"loc":{"start":{"line":35,"column":15},"end":{"line":35,"column":null}},"type":"cond-expr","locations":[{"start":{"line":35,"column":41},"end":{"line":35,"column":45}},{"start":{"line":35,"column":45},"end":{"line":35,"column":null}}],"line":35},"2":{"loc":{"start":{"line":36,"column":18},"end":{"line":36,"column":null}},"type":"cond-expr","locations":[{"start":{"line":36,"column":44},"end":{"line":36,"column":88}},{"start":{"line":36,"column":88},"end":{"line":36,"column":null}}],"line":36},"3":{"loc":{"start":{"line":37,"column":18},"end":{"line":37,"column":null}},"type":"cond-expr","locations":[{"start":{"line":37,"column":44},"end":{"line":37,"column":89}},{"start":{"line":37,"column":89},"end":{"line":37,"column":null}}],"line":37},"4":{"loc":{"start":{"line":55,"column":2},"end":{"line":55,"column":null}},"type":"if","locations":[{"start":{"line":55,"column":2},"end":{"line":55,"column":null}},{"start":{},"end":{}}],"line":55},"5":{"loc":{"start":{"line":77,"column":18},"end":{"line":77,"column":null}},"type":"cond-expr","locations":[{"start":{"line":77,"column":44},"end":{"line":77,"column":48}},{"start":{"line":77,"column":48},"end":{"line":77,"column":null}}],"line":77},"6":{"loc":{"start":{"line":79,"column":2},"end":{"line":79,"column":null}},"type":"if","locations":[{"start":{"line":79,"column":2},"end":{"line":79,"column":null}},{"start":{},"end":{}}],"line":79},"7":{"loc":{"start":{"line":79,"column":6},"end":{"line":79,"column":57}},"type":"binary-expr","locations":[{"start":{"line":79,"column":6},"end":{"line":79,"column":29}},{"start":{"line":79,"column":29},"end":{"line":79,"column":57}}],"line":79},"8":{"loc":{"start":{"line":101,"column":2},"end":{"line":101,"column":null}},"type":"if","locations":[{"start":{"line":101,"column":2},"end":{"line":101,"column":null}},{"start":{},"end":{}}],"line":101},"9":{"loc":{"start":{"line":106,"column":10},"end":{"line":106,"column":null}},"type":"cond-expr","locations":[{"start":{"line":106,"column":36},"end":{"line":106,"column":40}},{"start":{"line":106,"column":40},"end":{"line":106,"column":null}}],"line":106},"10":{"loc":{"start":{"line":145,"column":2},"end":{"line":145,"column":null}},"type":"if","locations":[{"start":{"line":145,"column":2},"end":{"line":145,"column":null}},{"start":{},"end":{}}],"line":145},"11":{"loc":{"start":{"line":145,"column":6},"end":{"line":145,"column":37}},"type":"binary-expr","locations":[{"start":{"line":145,"column":6},"end":{"line":145,"column":21}},{"start":{"line":145,"column":21},"end":{"line":145,"column":37}}],"line":145},"12":{"loc":{"start":{"line":155,"column":9},"end":{"line":155,"column":null}},"type":"cond-expr","locations":[{"start":{"line":155,"column":35},"end":{"line":155,"column":39}},{"start":{"line":155,"column":39},"end":{"line":155,"column":null}}],"line":155}},"s":{"0":5,"1":5,"2":5,"3":5,"4":5,"5":202,"6":202,"7":2,"8":200,"9":202,"10":202,"11":202,"12":202,"13":202,"14":202,"15":136,"16":136,"17":3,"18":133,"19":133,"20":133,"21":43,"22":43,"23":43,"24":43,"25":3,"26":40,"27":40,"28":40,"29":40,"30":26,"31":26,"32":1,"33":25,"34":5,"35":5,"36":3,"37":3,"38":3,"39":1,"40":2,"41":170},"f":{"0":202,"1":136,"2":43,"3":26,"4":5,"5":3,"6":170},"b":{"0":[2,200],"1":[105,95],"2":[105,95],"3":[105,95],"4":[3,133],"5":[23,20],"6":[3,40],"7":[43,3],"8":[1,25],"9":[12,13],"10":[1,2],"11":[3,2],"12":[153,17]},"meta":{"lastBranch":13,"lastFunction":7,"lastStatement":42,"seen":{"s:10:40:10:Infinity":0,"s:20:44:20:Infinity":1,"s:21:49:21:Infinity":2,"s:22:25:22:Infinity":3,"s:23:38:23:Infinity":4,"f:27:16:27:Infinity":0,"s:32:8:32:Infinity":5,"b:33:2:33:Infinity:undefined:undefined:undefined:undefined":0,"s:33:2:33:Infinity":6,"s:33:19:33:Infinity":7,"s:35:15:35:Infinity":8,"b:35:41:35:45:35:45:35:Infinity":1,"s:36:18:36:Infinity":9,"b:36:44:36:88:36:88:36:Infinity":2,"s:37:18:37:Infinity":10,"b:37:44:37:89:37:89:37:Infinity":3,"s:39:22:39:Infinity":11,"s:40:16:40:Infinity":12,"s:41:17:41:Infinity":13,"s:42:2:45:Infinity":14,"f:48:16:48:Infinity":1,"s:54:8:54:Infinity":15,"b:55:2:55:Infinity:undefined:undefined:undefined:undefined":4,"s:55:2:55:Infinity":16,"s:55:19:55:Infinity":17,"s:57:19:57:Infinity":18,"s:61:14:61:Infinity":19,"s:62:2:62:Infinity":20,"f:68:16:68:Infinity":2,"s:76:22:76:Infinity":21,"s:77:18:77:Infinity":22,"b:77:44:77:48:77:48:77:Infinity":5,"s:78:18:78:Infinity":23,"b:79:2:79:Infinity:undefined:undefined:undefined:undefined":6,"s:79:2:79:Infinity":24,"b:79:6:79:29:79:29:79:57":7,"s:79:57:79:Infinity":25,"s:80:16:80:Infinity":26,"s:81:16:81:Infinity":27,"s:82:16:82:Infinity":28,"s:83:2:88:Infinity":29,"f:94:16:94:Infinity":3,"s:100:35:100:Infinity":30,"b:101:2:101:Infinity:undefined:undefined:undefined:undefined":8,"s:101:2:101:Infinity":31,"s:101:24:101:Infinity":32,"s:102:2:107:Infinity":33,"b:106:36:106:40:106:40:106:Infinity":9,"f:122:16:122:Infinity":4,"s:131:17:131:Infinity":34,"s:132:2:132:Infinity":35,"f:137:16:137:Infinity":5,"s:143:8:143:Infinity":36,"s:144:8:144:Infinity":37,"b:145:2:145:Infinity:undefined:undefined:undefined:undefined":10,"s:145:2:145:Infinity":38,"b:145:6:145:21:145:21:145:37":11,"s:145:37:145:Infinity":39,"s:146:2:151:Infinity":40,"f:154:16:154:33":6,"s:155:2:155:Infinity":41,"b:155:35:155:39:155:39:155:Infinity":12},"fnNames":{}}}
,"/Users/marinamolarskybeck/Documents/GitHub/sightlines/src/test/inMemoryRepositories.ts": {"path":"/Users/marinamolarskybeck/Documents/GitHub/sightlines/src/test/inMemoryRepositories.ts","statementMap":{"0":{"start":{"line":10,"column":13},"end":{"line":10,"column":null}},"1":{"start":{"line":13,"column":20},"end":{"line":13,"column":null}},"2":{"start":{"line":14,"column":4},"end":{"line":14,"column":null}},"3":{"start":{"line":14,"column":18},"end":{"line":14,"column":null}},"4":{"start":{"line":15,"column":4},"end":{"line":15,"column":null}},"5":{"start":{"line":19,"column":4},"end":{"line":19,"column":null}},"6":{"start":{"line":20,"column":4},"end":{"line":20,"column":null}},"7":{"start":{"line":24,"column":4},"end":{"line":26,"column":null}},"8":{"start":{"line":25,"column":42},"end":{"line":25,"column":67}},"9":{"start":{"line":26,"column":22},"end":{"line":26,"column":60}},"10":{"start":{"line":30,"column":4},"end":{"line":30,"column":null}},"11":{"start":{"line":38,"column":13},"end":{"line":38,"column":null}},"12":{"start":{"line":41,"column":4},"end":{"line":41,"column":null}},"13":{"start":{"line":45,"column":20},"end":{"line":45,"column":null}},"14":{"start":{"line":46,"column":4},"end":{"line":46,"column":null}},"15":{"start":{"line":46,"column":18},"end":{"line":46,"column":null}},"16":{"start":{"line":47,"column":4},"end":{"line":47,"column":null}},"17":{"start":{"line":51,"column":4},"end":{"line":51,"column":null}},"18":{"start":{"line":52,"column":4},"end":{"line":52,"column":null}},"19":{"start":{"line":56,"column":4},"end":{"line":56,"column":null}},"20":{"start":{"line":64,"column":11},"end":{"line":64,"column":null}},"21":{"start":{"line":65,"column":10},"end":{"line":65,"column":null}},"22":{"start":{"line":71,"column":4},"end":{"line":71,"column":null}},"23":{"start":{"line":72,"column":4},"end":{"line":72,"column":null}},"24":{"start":{"line":73,"column":4},"end":{"line":73,"column":null}},"25":{"start":{"line":74,"column":4},"end":{"line":74,"column":null}},"26":{"start":{"line":75,"column":4},"end":{"line":75,"column":null}},"27":{"start":{"line":79,"column":18},"end":{"line":79,"column":null}},"28":{"start":{"line":80,"column":4},"end":{"line":80,"column":null}},"29":{"start":{"line":80,"column":16},"end":{"line":80,"column":null}},"30":{"start":{"line":81,"column":4},"end":{"line":81,"column":null}},"31":{"start":{"line":85,"column":17},"end":{"line":85,"column":null}},"32":{"start":{"line":86,"column":4},"end":{"line":86,"column":null}},"33":{"start":{"line":86,"column":15},"end":{"line":86,"column":null}},"34":{"start":{"line":87,"column":4},"end":{"line":87,"column":null}},"35":{"start":{"line":91,"column":4},"end":{"line":91,"column":null}},"36":{"start":{"line":100,"column":33},"end":{"line":100,"column":null}},"37":{"start":{"line":107,"column":21},"end":{"line":107,"column":61}},"38":{"start":{"line":108,"column":21},"end":{"line":108,"column":64}},"39":{"start":{"line":112,"column":4},"end":{"line":112,"column":null}},"40":{"start":{"line":114,"column":4},"end":{"line":116,"column":null}},"41":{"start":{"line":115,"column":6},"end":{"line":115,"column":null}},"42":{"start":{"line":118,"column":4},"end":{"line":126,"column":null}},"43":{"start":{"line":131,"column":2},"end":{"line":131,"column":null}}},"fnMap":{"0":{"name":"load","decl":{"start":{"line":12,"column":8},"end":{"line":12,"column":13}},"loc":{"start":{"line":12,"column":43},"end":{"line":16,"column":null}},"line":12},"1":{"name":"save","decl":{"start":{"line":18,"column":8},"end":{"line":18,"column":13}},"loc":{"start":{"line":18,"column":46},"end":{"line":21,"column":null}},"line":18},"2":{"name":"list","decl":{"start":{"line":23,"column":8},"end":{"line":23,"column":42}},"loc":{"start":{"line":23,"column":42},"end":{"line":27,"column":null}},"line":23},"3":{"name":"(anonymous_3)","decl":{"start":{"line":25,"column":11},"end":{"line":25,"column":12}},"loc":{"start":{"line":25,"column":42},"end":{"line":25,"column":67}},"line":25},"4":{"name":"(anonymous_4)","decl":{"start":{"line":26,"column":12},"end":{"line":26,"column":13}},"loc":{"start":{"line":26,"column":22},"end":{"line":26,"column":60}},"line":26},"5":{"name":"delete","decl":{"start":{"line":29,"column":8},"end":{"line":29,"column":15}},"loc":{"start":{"line":29,"column":42},"end":{"line":31,"column":null}},"line":29},"6":{"name":"list_2","decl":{"start":{"line":40,"column":8},"end":{"line":40,"column":35}},"loc":{"start":{"line":40,"column":35},"end":{"line":42,"column":null}},"line":40},"7":{"name":"get","decl":{"start":{"line":44,"column":8},"end":{"line":44,"column":12}},"loc":{"start":{"line":44,"column":42},"end":{"line":48,"column":null}},"line":44},"8":{"name":"save_2","decl":{"start":{"line":50,"column":8},"end":{"line":50,"column":13}},"loc":{"start":{"line":50,"column":46},"end":{"line":53,"column":null}},"line":50},"9":{"name":"delete_2","decl":{"start":{"line":55,"column":8},"end":{"line":55,"column":15}},"loc":{"start":{"line":55,"column":42},"end":{"line":57,"column":null}},"line":55},"10":{"name":"saveAsset","decl":{"start":{"line":67,"column":8},"end":{"line":67,"column":null}},"loc":{"start":{"line":70,"column":19},"end":{"line":76,"column":null}},"line":70},"11":{"name":"getAsset","decl":{"start":{"line":78,"column":8},"end":{"line":78,"column":17}},"loc":{"start":{"line":78,"column":45},"end":{"line":82,"column":null}},"line":78},"12":{"name":"getBlob","decl":{"start":{"line":84,"column":8},"end":{"line":84,"column":16}},"loc":{"start":{"line":84,"column":44},"end":{"line":88,"column":null}},"line":84},"13":{"name":"delete_3","decl":{"start":{"line":90,"column":8},"end":{"line":90,"column":15}},"loc":{"start":{"line":90,"column":42},"end":{"line":92,"column":null}},"line":90},"14":{"name":"constructor","decl":{"start":{"line":106,"column":2},"end":{"line":106,"column":null}},"loc":{"start":{"line":109,"column":4},"end":{"line":109,"column":null}},"line":109},"15":{"name":"process","decl":{"start":{"line":111,"column":8},"end":{"line":111,"column":16}},"loc":{"start":{"line":111,"column":53},"end":{"line":127,"column":null}},"line":111},"16":{"name":"makeImageFile","decl":{"start":{"line":130,"column":16},"end":{"line":130,"column":30}},"loc":{"start":{"line":130,"column":71},"end":{"line":132,"column":null}},"line":130}},"branchMap":{"0":{"loc":{"start":{"line":14,"column":4},"end":{"line":14,"column":null}},"type":"if","locations":[{"start":{"line":14,"column":4},"end":{"line":14,"column":null}},{"start":{},"end":{}}],"line":14},"1":{"loc":{"start":{"line":46,"column":4},"end":{"line":46,"column":null}},"type":"if","locations":[{"start":{"line":46,"column":4},"end":{"line":46,"column":null}},{"start":{},"end":{}}],"line":46},"2":{"loc":{"start":{"line":80,"column":4},"end":{"line":80,"column":null}},"type":"if","locations":[{"start":{"line":80,"column":4},"end":{"line":80,"column":null}},{"start":{},"end":{}}],"line":80},"3":{"loc":{"start":{"line":86,"column":4},"end":{"line":86,"column":null}},"type":"if","locations":[{"start":{"line":86,"column":4},"end":{"line":86,"column":null}},{"start":{},"end":{}}],"line":86},"4":{"loc":{"start":{"line":107,"column":21},"end":{"line":107,"column":null}},"type":"default-arg","locations":[{"start":{"line":107,"column":61},"end":{"line":107,"column":null}}],"line":107},"5":{"loc":{"start":{"line":108,"column":21},"end":{"line":108,"column":null}},"type":"default-arg","locations":[{"start":{"line":108,"column":64},"end":{"line":108,"column":null}}],"line":108},"6":{"loc":{"start":{"line":114,"column":4},"end":{"line":116,"column":null}},"type":"if","locations":[{"start":{"line":114,"column":4},"end":{"line":116,"column":null}},{"start":{},"end":{}}],"line":114},"7":{"loc":{"start":{"line":121,"column":14},"end":{"line":121,"column":null}},"type":"binary-expr","locations":[{"start":{"line":121,"column":14},"end":{"line":121,"column":49}},{"start":{"line":121,"column":49},"end":{"line":121,"column":null}}],"line":121},"8":{"loc":{"start":{"line":130,"column":44},"end":{"line":130,"column":71}},"type":"default-arg","locations":[{"start":{"line":130,"column":51},"end":{"line":130,"column":71}}],"line":130}},"s":{"0":169,"1":12,"2":12,"3":0,"4":12,"5":698,"6":698,"7":180,"8":12,"9":1,"10":3,"11":168,"12":501,"13":0,"14":0,"15":0,"16":0,"17":324,"18":324,"19":0,"20":168,"21":168,"22":202,"23":202,"24":202,"25":202,"26":202,"27":146,"28":146,"29":0,"30":146,"31":6,"32":6,"33":0,"34":6,"35":0,"36":177,"37":177,"38":177,"39":209,"40":209,"41":1,"42":208,"43":210},"f":{"0":12,"1":698,"2":180,"3":12,"4":1,"5":3,"6":501,"7":0,"8":324,"9":0,"10":202,"11":146,"12":6,"13":0,"14":177,"15":209,"16":210},"b":{"0":[0,12],"1":[0,0],"2":[0,146],"3":[0,6],"4":[177],"5":[177],"6":[1,208],"7":[208,191],"8":[210]},"meta":{"lastBranch":9,"lastFunction":17,"lastStatement":44,"seen":{"s:10:13:10:Infinity":0,"f:12:8:12:13":0,"s:13:20:13:Infinity":1,"b:14:4:14:Infinity:undefined:undefined:undefined:undefined":0,"s:14:4:14:Infinity":2,"s:14:18:14:Infinity":3,"s:15:4:15:Infinity":4,"f:18:8:18:13":1,"s:19:4:19:Infinity":5,"s:20:4:20:Infinity":6,"f:23:8:23:42":2,"s:24:4:26:Infinity":7,"f:25:11:25:12":3,"s:25:42:25:67":8,"f:26:12:26:13":4,"s:26:22:26:60":9,"f:29:8:29:15":5,"s:30:4:30:Infinity":10,"s:38:13:38:Infinity":11,"f:40:8:40:35":6,"s:41:4:41:Infinity":12,"f:44:8:44:12":7,"s:45:20:45:Infinity":13,"b:46:4:46:Infinity:undefined:undefined:undefined:undefined":1,"s:46:4:46:Infinity":14,"s:46:18:46:Infinity":15,"s:47:4:47:Infinity":16,"f:50:8:50:13":8,"s:51:4:51:Infinity":17,"s:52:4:52:Infinity":18,"f:55:8:55:15":9,"s:56:4:56:Infinity":19,"s:64:11:64:Infinity":20,"s:65:10:65:Infinity":21,"f:67:8:67:Infinity":10,"s:71:4:71:Infinity":22,"s:72:4:72:Infinity":23,"s:73:4:73:Infinity":24,"s:74:4:74:Infinity":25,"s:75:4:75:Infinity":26,"f:78:8:78:17":11,"s:79:18:79:Infinity":27,"b:80:4:80:Infinity:undefined:undefined:undefined:undefined":2,"s:80:4:80:Infinity":28,"s:80:16:80:Infinity":29,"s:81:4:81:Infinity":30,"f:84:8:84:16":12,"s:85:17:85:Infinity":31,"b:86:4:86:Infinity:undefined:undefined:undefined:undefined":3,"s:86:4:86:Infinity":32,"s:86:15:86:Infinity":33,"s:87:4:87:Infinity":34,"f:90:8:90:15":13,"s:91:4:91:Infinity":35,"s:100:33:100:Infinity":36,"f:106:2:106:Infinity":14,"b:107:61:107:Infinity":4,"b:108:64:108:Infinity":5,"s:107:21:107:61":37,"s:108:21:108:64":38,"f:111:8:111:16":15,"s:112:4:112:Infinity":39,"b:114:4:116:Infinity:undefined:undefined:undefined:undefined":6,"s:114:4:116:Infinity":40,"s:115:6:115:Infinity":41,"s:118:4:126:Infinity":42,"b:121:14:121:49:121:49:121:Infinity":7,"f:130:16:130:30":16,"b:130:51:130:71":8,"s:131:2:131:Infinity":43},"fnNames":{}}}
}
